#
# There is insufficient memory for the Java Runtime Environment to continue.
# Native memory allocation (mmap) failed to map 161480704 bytes for Failed to commit area from 0x00000000d0000000 to 0x00000000d9a00000 of length 161480704.
# Possible reasons:
#   The system is out of physical RAM or swap space
#   The process is running with CompressedOops enabled, and the Java Heap may be blocking the growth of the native heap
# Possible solutions:
#   Reduce memory load on the system
#   Increase physical memory or swap space
#   Check if swap backing store is full
#   Decrease Java heap size (-Xmx/-Xms)
#   Decrease number of Java threads
#   Decrease Java thread stack sizes (-Xss)
#   Set larger code cache with -XX:ReservedCodeCacheSize=
#   JVM is running with Unscaled Compressed Oops mode in which the Java heap is
#     placed in the first 4GB address space. The Java Heap base address is the
#     maximum limit for the native heap growth. Please use -XX:HeapBaseMinAddress
#     to set the Java Heap base and to place the Java Heap above 4GB virtual address.
# This output file may be truncated or incomplete.
#
#  Out of Memory Error (os_windows.cpp:3377), pid=5496, tid=0x0000000000000abc
#
# JRE version: Java(TM) SE Runtime Environment (8.0_271-b09) (build 1.8.0_271-b09)
# Java VM: Java HotSpot(TM) 64-Bit Server VM (25.271-b09 mixed mode windows-amd64 compressed oops)
# Failed to write core dump. Minidumps are not enabled by default on client versions of Windows
#

---------------  T H R E A D  ---------------

Current thread (0x00000000185f0000):  VMThread [stack: 0x0000000018920000,0x0000000018a20000] [id=2748]

Stack: [0x0000000018920000,0x0000000018a20000]
Native frames: (J=compiled Java code, j=interpreted, Vv=VM code, C=native code)
V  [jvm.dll+0x33f6c9]
V  [jvm.dll+0x286122]
V  [jvm.dll+0x286dcd]
V  [jvm.dll+0x27d805]
V  [jvm.dll+0x2a40ee]
V  [jvm.dll+0x2259a5]
V  [jvm.dll+0x3c0c07]
V  [jvm.dll+0x3c09e9]
V  [jvm.dll+0x3c22bf]
V  [jvm.dll+0x3cbb4c]
V  [jvm.dll+0x3cb56d]
V  [jvm.dll+0x3b08cc]
V  [jvm.dll+0x3ade19]
V  [jvm.dll+0x3d18bf]
V  [jvm.dll+0x256557]
V  [jvm.dll+0x254cc5]
V  [jvm.dll+0x25543c]
V  [jvm.dll+0x25574c]
V  [jvm.dll+0x2a2dcc]
C  [ucrtbase.DLL+0x682dd]
C  [kernel32.dll+0x1652d]
C  [ntdll.dll+0x2c521]

VM_Operation (0x0000000027c5c890): G1IncCollectionPause, mode: safepoint, requested by thread 0x0000000018638000


---------------  P R O C E S S  ---------------

Java Threads: ( => current thread )
  0x000000001da44000 JavaThread "Worker-49" [_thread_blocked, id=4360, stack(0x00000000274e0000,0x00000000275e0000)]
  0x000000002740c800 JavaThread "Worker-48" [_thread_blocked, id=6668, stack(0x0000000026320000,0x0000000026420000)]
  0x00000000265cc800 JavaThread "Worker-47" [_thread_blocked, id=2308, stack(0x0000000025bd0000,0x0000000025cd0000)]
  0x00000000265cb800 JavaThread "Worker-46" [_thread_blocked, id=4684, stack(0x0000000023f10000,0x0000000024010000)]
  0x00000000265cb000 JavaThread "Worker-45" [_thread_blocked, id=3176, stack(0x0000000022390000,0x0000000022490000)]
  0x000000001aaa5000 JavaThread "Worker-37" [_thread_blocked, id=4108, stack(0x00000000258b0000,0x00000000259b0000)]
  0x000000001aca5800 JavaThread "Provisioning Event Dispatcher" daemon [_thread_blocked, id=6036, stack(0x0000000028c60000,0x0000000028d60000)]
  0x000000001863a800 JavaThread "Worker-13" [_thread_blocked, id=4764, stack(0x0000000028260000,0x0000000028360000)]
  0x0000000018638000 JavaThread "Thread-7" [_thread_blocked, id=3384, stack(0x0000000027b60000,0x0000000027c60000)]
  0x000000001862d800 JavaThread "org.eclipse.jdt.internal.ui.text.JavaReconciler" daemon [_thread_blocked, id=5692, stack(0x000000001fd30000,0x000000001fe30000)]
  0x0000000018635000 JavaThread "EventAdmin Async Event Dispatcher Thread" daemon [_thread_blocked, id=2548, stack(0x0000000022d80000,0x0000000022e80000)]
  0x000000001862f000 JavaThread "Java indexing" daemon [_thread_blocked, id=3860, stack(0x000000001fe30000,0x000000001ff30000)]
  0x000000001862e800 JavaThread "Bundle File Closer" daemon [_thread_blocked, id=4612, stack(0x000000001cd40000,0x000000001ce40000)]
  0x0000000019e58800 JavaThread "[ThreadPool Manager] - Idle Thread" daemon [_thread_blocked, id=5852, stack(0x000000001e340000,0x000000001e440000)]
  0x000000001964e000 JavaThread "EMF Reference Cleaner" daemon [_thread_blocked, id=3960, stack(0x000000001ba70000,0x000000001bb70000)]
  0x0000000019a48800 JavaThread "Worker-JM" [_thread_blocked, id=5056, stack(0x000000001b970000,0x000000001ba70000)]
  0x0000000018917800 JavaThread "[Timer] - Main Queue Handler" daemon [_thread_blocked, id=2116, stack(0x000000001b3b0000,0x000000001b4b0000)]
  0x00000000195a3000 JavaThread "Start Level: Equinox Container: 24548f10-0fda-4bef-8ef7-3e898c6b907f" daemon [_thread_blocked, id=5996, stack(0x000000001afb0000,0x000000001b0b0000)]
  0x00000000195a2800 JavaThread "Framework Event Dispatcher: org.eclipse.osgi.internal.framework.EquinoxEventPublisher@7b02e036" daemon [_thread_blocked, id=2788, stack(0x000000001aeb0000,0x000000001afb0000)]
  0x0000000019883800 JavaThread "Active Thread: Equinox Container: 24548f10-0fda-4bef-8ef7-3e898c6b907f" [_thread_blocked, id=4624, stack(0x000000001adb0000,0x000000001aeb0000)]
  0x00000000186a9800 JavaThread "Service Thread" daemon [_thread_blocked, id=4404, stack(0x00000000192e0000,0x00000000193e0000)]
  0x000000001862c000 JavaThread "C1 CompilerThread2" daemon [_thread_blocked, id=3872, stack(0x00000000191e0000,0x00000000192e0000)]
  0x0000000018629000 JavaThread "C2 CompilerThread1" daemon [_thread_blocked, id=5108, stack(0x00000000190e0000,0x00000000191e0000)]
  0x0000000018626000 JavaThread "C2 CompilerThread0" daemon [_thread_blocked, id=2484, stack(0x0000000018fe0000,0x00000000190e0000)]
  0x000000001861f000 JavaThread "Attach Listener" daemon [_thread_blocked, id=5876, stack(0x0000000018ee0000,0x0000000018fe0000)]
  0x000000001861a800 JavaThread "Signal Dispatcher" daemon [_thread_blocked, id=3180, stack(0x0000000018de0000,0x0000000018ee0000)]
  0x0000000018619800 JavaThread "Surrogate Locker Thread (Concurrent GC)" daemon [_thread_blocked, id=5184, stack(0x0000000018ce0000,0x0000000018de0000)]
  0x0000000018600000 JavaThread "Finalizer" daemon [_thread_blocked, id=5764, stack(0x0000000018b20000,0x0000000018c20000)]
  0x00000000185f5800 JavaThread "Reference Handler" daemon [_thread_blocked, id=5800, stack(0x0000000018a20000,0x0000000018b20000)]
  0x000000000033f800 JavaThread "main" [_thread_blocked, id=1140, stack(0x0000000000030000,0x0000000000130000)]

Other Threads:
=>0x00000000185f0000 VMThread [stack: 0x0000000018920000,0x0000000018a20000] [id=2748]
  0x00000000186b2800 WatcherThread [stack: 0x00000000193e0000,0x00000000194e0000] [id=5924]

VM state:at safepoint (normal execution)

VM Mutex/Monitor currently owned by a thread:  ([mutex/lock_event])
[0x00000000003303c0] Threads_lock - owner thread: 0x00000000185f0000
[0x000000000033cb00] Heap_lock - owner thread: 0x0000000018638000

heap address: 0x00000000c0000000, size: 1024 MB, Compressed Oops mode: 32-bit
Narrow klass base: 0x0000000000000000, Narrow klass shift: 3
Compressed class space size: 1073741824 Address: 0x0000000100000000

Heap:
 garbage-first heap   total 419840K, used 141545K [0x00000000c0000000, 0x00000000c0100cd0, 0x0000000100000000)
  region size 1024K, 2 young (2048K), 2 survivors (2048K)
 Metaspace       used 106334K, capacity 114858K, committed 115196K, reserved 1148928K
  class space    used 12985K, capacity 15562K, committed 15664K, reserved 1048576K

Heap Regions: (Y=young(eden), SU=young(survivor), HS=humongous(starts), HC=humongous(continues), CS=collection set, F=free, TS=gc time stamp, PTAMS=previous top-at-mark-start, NTAMS=next top-at-mark-start)
AC   0  O    TS     0 PTAMS 0x00000000c0100000 NTAMS 0x00000000c0100000 space 1024K, 100% used [0x00000000c0000000, 0x00000000c0100000)
AC   0  O    TS     0 PTAMS 0x00000000c0200000 NTAMS 0x00000000c0200000 space 1024K, 100% used [0x00000000c0100000, 0x00000000c0200000)
AC   0  O    TS     0 PTAMS 0x00000000c0300000 NTAMS 0x00000000c0300000 space 1024K, 100% used [0x00000000c0200000, 0x00000000c0300000)
AC   0  O    TS     0 PTAMS 0x00000000c0400000 NTAMS 0x00000000c0400000 space 1024K, 100% used [0x00000000c0300000, 0x00000000c0400000)
AC   0  O    TS     0 PTAMS 0x00000000c0500000 NTAMS 0x00000000c0500000 space 1024K, 100% used [0x00000000c0400000, 0x00000000c0500000)
AC   0  O    TS     0 PTAMS 0x00000000c0600000 NTAMS 0x00000000c0600000 space 1024K, 100% used [0x00000000c0500000, 0x00000000c0600000)
AC   0  O    TS     0 PTAMS 0x00000000c0700000 NTAMS 0x00000000c0700000 space 1024K, 100% used [0x00000000c0600000, 0x00000000c0700000)
AC   0  O    TS     0 PTAMS 0x00000000c0800000 NTAMS 0x00000000c0800000 space 1024K, 100% used [0x00000000c0700000, 0x00000000c0800000)
AC   0  O    TS     0 PTAMS 0x00000000c0900000 NTAMS 0x00000000c0900000 space 1024K, 100% used [0x00000000c0800000, 0x00000000c0900000)
AC   0  O    TS     0 PTAMS 0x00000000c0a00000 NTAMS 0x00000000c0a00000 space 1024K, 100% used [0x00000000c0900000, 0x00000000c0a00000)
AC   0  O    TS     0 PTAMS 0x00000000c0b00000 NTAMS 0x00000000c0b00000 space 1024K, 100% used [0x00000000c0a00000, 0x00000000c0b00000)
AC   0  O    TS     9 PTAMS 0x00000000c0b00000 NTAMS 0x00000000c0c00000 space 1024K, 100% used [0x00000000c0b00000, 0x00000000c0c00000)
AC   0  O    TS     0 PTAMS 0x00000000c0d00000 NTAMS 0x00000000c0d00000 space 1024K, 100% used [0x00000000c0c00000, 0x00000000c0d00000)
AC   0  O    TS     7 PTAMS 0x00000000c0d00000 NTAMS 0x00000000c0e00000 space 1024K, 100% used [0x00000000c0d00000, 0x00000000c0e00000)
AC   0  O    TS    11 PTAMS 0x00000000c0e00000 NTAMS 0x00000000c0f00000 space 1024K, 100% used [0x00000000c0e00000, 0x00000000c0f00000)
AC   0  O    TS     0 PTAMS 0x00000000c1000000 NTAMS 0x00000000c1000000 space 1024K, 100% used [0x00000000c0f00000, 0x00000000c1000000)
AC   0  O    TS     0 PTAMS 0x00000000c1100000 NTAMS 0x00000000c1100000 space 1024K, 100% used [0x00000000c1000000, 0x00000000c1100000)
AC   0  O    TS     5 PTAMS 0x00000000c1100000 NTAMS 0x00000000c1200000 space 1024K, 100% used [0x00000000c1100000, 0x00000000c1200000)
AC   0  O    TS     0 PTAMS 0x00000000c1300000 NTAMS 0x00000000c1300000 space 1024K, 100% used [0x00000000c1200000, 0x00000000c1300000)
AC   0  O    TS     0 PTAMS 0x00000000c1400000 NTAMS 0x00000000c1400000 space 1024K, 100% used [0x00000000c1300000, 0x00000000c1400000)
AC   0  O    TS     0 PTAMS 0x00000000c1500000 NTAMS 0x00000000c1500000 space 1024K, 100% used [0x00000000c1400000, 0x00000000c1500000)
AC   0  O    TS     0 PTAMS 0x00000000c1600000 NTAMS 0x00000000c1600000 space 1024K, 100% used [0x00000000c1500000, 0x00000000c1600000)
AC   0  O    TS     0 PTAMS 0x00000000c1700000 NTAMS 0x00000000c1700000 space 1024K, 100% used [0x00000000c1600000, 0x00000000c1700000)
AC   0  O    TS     0 PTAMS 0x00000000c1800000 NTAMS 0x00000000c1800000 space 1024K, 100% used [0x00000000c1700000, 0x00000000c1800000)
AC   0  O    TS     0 PTAMS 0x00000000c1900000 NTAMS 0x00000000c1900000 space 1024K, 100% used [0x00000000c1800000, 0x00000000c1900000)
AC   0  O    TS     0 PTAMS 0x00000000c1a00000 NTAMS 0x00000000c1a00000 space 1024K, 100% used [0x00000000c1900000, 0x00000000c1a00000)
AC   0  O    TS     0 PTAMS 0x00000000c1b00000 NTAMS 0x00000000c1b00000 space 1024K, 100% used [0x00000000c1a00000, 0x00000000c1b00000)
AC   0  O    TS     0 PTAMS 0x00000000c1c00000 NTAMS 0x00000000c1c00000 space 1024K, 100% used [0x00000000c1b00000, 0x00000000c1c00000)
AC   0  O    TS     7 PTAMS 0x00000000c1c00000 NTAMS 0x00000000c1d00000 space 1024K, 100% used [0x00000000c1c00000, 0x00000000c1d00000)
AC   0  O    TS     0 PTAMS 0x00000000c1e00000 NTAMS 0x00000000c1e00000 space 1024K, 100% used [0x00000000c1d00000, 0x00000000c1e00000)
AC   0  O    TS    11 PTAMS 0x00000000c1e00000 NTAMS 0x00000000c1f00000 space 1024K, 100% used [0x00000000c1e00000, 0x00000000c1f00000)
AC   0  O    TS     5 PTAMS 0x00000000c1f00000 NTAMS 0x00000000c2000000 space 1024K, 100% used [0x00000000c1f00000, 0x00000000c2000000)
AC   0  O    TS     3 PTAMS 0x00000000c2000000 NTAMS 0x00000000c2100000 space 1024K, 100% used [0x00000000c2000000, 0x00000000c2100000)
AC   0  O    TS     0 PTAMS 0x00000000c2200000 NTAMS 0x00000000c2200000 space 1024K, 100% used [0x00000000c2100000, 0x00000000c2200000)
AC   0  O    TS     0 PTAMS 0x00000000c2300000 NTAMS 0x00000000c2300000 space 1024K, 100% used [0x00000000c2200000, 0x00000000c2300000)
AC   0  O    TS     5 PTAMS 0x00000000c2300000 NTAMS 0x00000000c2400000 space 1024K, 100% used [0x00000000c2300000, 0x00000000c2400000)
AC   0  O    TS     5 PTAMS 0x00000000c2400000 NTAMS 0x00000000c2500000 space 1024K, 100% used [0x00000000c2400000, 0x00000000c2500000)
AC   0  O    TS     0 PTAMS 0x00000000c2600000 NTAMS 0x00000000c2600000 space 1024K, 100% used [0x00000000c2500000, 0x00000000c2600000)
AC   0  O    TS     5 PTAMS 0x00000000c2600000 NTAMS 0x00000000c2700000 space 1024K, 100% used [0x00000000c2600000, 0x00000000c2700000)
AC   0  O    TS     7 PTAMS 0x00000000c2700000 NTAMS 0x00000000c2800000 space 1024K, 100% used [0x00000000c2700000, 0x00000000c2800000)
AC   0  O    TS     9 PTAMS 0x00000000c2800000 NTAMS 0x00000000c2900000 space 1024K, 100% used [0x00000000c2800000, 0x00000000c2900000)
AC   0  O    TS    11 PTAMS 0x00000000c2900000 NTAMS 0x00000000c2a00000 space 1024K, 100% used [0x00000000c2900000, 0x00000000c2a00000)
AC   0  O    TS     0 PTAMS 0x00000000c2b00000 NTAMS 0x00000000c2b00000 space 1024K, 100% used [0x00000000c2a00000, 0x00000000c2b00000)
AC   0  O    TS     7 PTAMS 0x00000000c2b00000 NTAMS 0x00000000c2c00000 space 1024K, 100% used [0x00000000c2b00000, 0x00000000c2c00000)
AC   0  O    TS     3 PTAMS 0x00000000c2c00000 NTAMS 0x00000000c2d00000 space 1024K, 100% used [0x00000000c2c00000, 0x00000000c2d00000)
AC   0  O    TS     0 PTAMS 0x00000000c2e00000 NTAMS 0x00000000c2e00000 space 1024K, 100% used [0x00000000c2d00000, 0x00000000c2e00000)
AC   0  O    TS     5 PTAMS 0x00000000c2e00000 NTAMS 0x00000000c2f00000 space 1024K, 100% used [0x00000000c2e00000, 0x00000000c2f00000)
AC   0  O    TS    11 PTAMS 0x00000000c2f00000 NTAMS 0x00000000c3000000 space 1024K, 100% used [0x00000000c2f00000, 0x00000000c3000000)
AC   0  O    TS     0 PTAMS 0x00000000c3100000 NTAMS 0x00000000c3100000 space 1024K, 100% used [0x00000000c3000000, 0x00000000c3100000)
AC   0  O    TS     0 PTAMS 0x00000000c3200000 NTAMS 0x00000000c3200000 space 1024K, 100% used [0x00000000c3100000, 0x00000000c3200000)
AC   0  O    TS     0 PTAMS 0x00000000c3300000 NTAMS 0x00000000c3300000 space 1024K, 100% used [0x00000000c3200000, 0x00000000c3300000)
AC   0  O    TS    11 PTAMS 0x00000000c3300000 NTAMS 0x00000000c3400000 space 1024K, 100% used [0x00000000c3300000, 0x00000000c3400000)
AC   0  O    TS    13 PTAMS 0x00000000c3400000 NTAMS 0x00000000c3500000 space 1024K, 100% used [0x00000000c3400000, 0x00000000c3500000)
AC   0  O    TS    13 PTAMS 0x00000000c3500000 NTAMS 0x00000000c3600000 space 1024K, 100% used [0x00000000c3500000, 0x00000000c3600000)
AC   0  O    TS     0 PTAMS 0x00000000c3700000 NTAMS 0x00000000c3700000 space 1024K, 100% used [0x00000000c3600000, 0x00000000c3700000)
AC   0 HS    TS     0 PTAMS 0x00000000c3780010 NTAMS 0x00000000c3780010 space 1024K,  50% used [0x00000000c3700000, 0x00000000c3800000)
AC   0  O    TS    13 PTAMS 0x00000000c3800000 NTAMS 0x00000000c3900000 space 1024K, 100% used [0x00000000c3800000, 0x00000000c3900000)
AC   0  O    TS    13 PTAMS 0x00000000c3900000 NTAMS 0x00000000c3a00000 space 1024K, 100% used [0x00000000c3900000, 0x00000000c3a00000)
AC   0  O    TS    25 PTAMS 0x00000000c3a00000 NTAMS 0x00000000c3b00000 space 1024K, 100% used [0x00000000c3a00000, 0x00000000c3b00000)
AC   0  O    TS    25 PTAMS 0x00000000c3b00000 NTAMS 0x00000000c3c00000 space 1024K, 100% used [0x00000000c3b00000, 0x00000000c3c00000)
AC   0  O    TS    25 PTAMS 0x00000000c3c00000 NTAMS 0x00000000c3d00000 space 1024K, 100% used [0x00000000c3c00000, 0x00000000c3d00000)
AC   0  O    TS     0 PTAMS 0x00000000c3e00000 NTAMS 0x00000000c3e00000 space 1024K, 100% used [0x00000000c3d00000, 0x00000000c3e00000)
AC   0  O    TS     0 PTAMS 0x00000000c3f00000 NTAMS 0x00000000c3f00000 space 1024K, 100% used [0x00000000c3e00000, 0x00000000c3f00000)
AC   0  O    TS     0 PTAMS 0x00000000c4000000 NTAMS 0x00000000c4000000 space 1024K, 100% used [0x00000000c3f00000, 0x00000000c4000000)
AC   0  O    TS     0 PTAMS 0x00000000c4100000 NTAMS 0x00000000c4100000 space 1024K, 100% used [0x00000000c4000000, 0x00000000c4100000)
AC   0  O    TS     0 PTAMS 0x00000000c4200000 NTAMS 0x00000000c4200000 space 1024K, 100% used [0x00000000c4100000, 0x00000000c4200000)
AC   0  O    TS     0 PTAMS 0x00000000c4300000 NTAMS 0x00000000c4300000 space 1024K, 100% used [0x00000000c4200000, 0x00000000c4300000)
AC   0  O    TS     0 PTAMS 0x00000000c4400000 NTAMS 0x00000000c4400000 space 1024K, 100% used [0x00000000c4300000, 0x00000000c4400000)
AC   0  O    TS    25 PTAMS 0x00000000c4400000 NTAMS 0x00000000c4500000 space 1024K, 100% used [0x00000000c4400000, 0x00000000c4500000)
AC   0  O    TS    25 PTAMS 0x00000000c4500000 NTAMS 0x00000000c4600000 space 1024K, 100% used [0x00000000c4500000, 0x00000000c4600000)
AC   0  O    TS     0 PTAMS 0x00000000c4700000 NTAMS 0x00000000c4700000 space 1024K, 100% used [0x00000000c4600000, 0x00000000c4700000)
AC   0  O    TS    25 PTAMS 0x00000000c4700000 NTAMS 0x00000000c4800000 space 1024K, 100% used [0x00000000c4700000, 0x00000000c4800000)
AC   0  O    TS    27 PTAMS 0x00000000c4800000 NTAMS 0x00000000c4900000 space 1024K, 100% used [0x00000000c4800000, 0x00000000c4900000)
AC   0  O    TS    27 PTAMS 0x00000000c4900000 NTAMS 0x00000000c4a00000 space 1024K, 100% used [0x00000000c4900000, 0x00000000c4a00000)
AC   0  O    TS    27 PTAMS 0x00000000c4a00000 NTAMS 0x00000000c4b00000 space 1024K, 100% used [0x00000000c4a00000, 0x00000000c4b00000)
AC   0  O    TS    27 PTAMS 0x00000000c4b00000 NTAMS 0x00000000c4c00000 space 1024K, 100% used [0x00000000c4b00000, 0x00000000c4c00000)
AC   0  O    TS    27 PTAMS 0x00000000c4c00000 NTAMS 0x00000000c4d00000 space 1024K, 100% used [0x00000000c4c00000, 0x00000000c4d00000)
AC   0  O    TS    27 PTAMS 0x00000000c4d00000 NTAMS 0x00000000c4e00000 space 1024K, 100% used [0x00000000c4d00000, 0x00000000c4e00000)
AC   0  O    TS    27 PTAMS 0x00000000c4e00000 NTAMS 0x00000000c4f00000 space 1024K, 100% used [0x00000000c4e00000, 0x00000000c4f00000)
AC   0  O    TS    35 PTAMS 0x00000000c4f00000 NTAMS 0x00000000c5000000 space 1024K, 100% used [0x00000000c4f00000, 0x00000000c5000000)
AC   0  O    TS    35 PTAMS 0x00000000c5000000 NTAMS 0x00000000c5100000 space 1024K, 100% used [0x00000000c5000000, 0x00000000c5100000)
AC   0  O    TS    37 PTAMS 0x00000000c5100000 NTAMS 0x00000000c5200000 space 1024K, 100% used [0x00000000c5100000, 0x00000000c5200000)
AC   0  O    TS     0 PTAMS 0x00000000c5300000 NTAMS 0x00000000c5300000 space 1024K, 100% used [0x00000000c5200000, 0x00000000c5300000)
AC   0  O    TS     0 PTAMS 0x00000000c5400000 NTAMS 0x00000000c5400000 space 1024K, 100% used [0x00000000c5300000, 0x00000000c5400000)
AC   0  O    TS    37 PTAMS 0x00000000c5400000 NTAMS 0x00000000c5500000 space 1024K, 100% used [0x00000000c5400000, 0x00000000c5500000)
AC   0  O    TS     0 PTAMS 0x00000000c5600000 NTAMS 0x00000000c5600000 space 1024K, 100% used [0x00000000c5500000, 0x00000000c5600000)
AC   0  O    TS     0 PTAMS 0x00000000c5700000 NTAMS 0x00000000c5700000 space 1024K, 100% used [0x00000000c5600000, 0x00000000c5700000)
AC   0  O    TS     0 PTAMS 0x00000000c5800000 NTAMS 0x00000000c5800000 space 1024K, 100% used [0x00000000c5700000, 0x00000000c5800000)
AC   0  O    TS     0 PTAMS 0x00000000c5900000 NTAMS 0x00000000c5900000 space 1024K, 100% used [0x00000000c5800000, 0x00000000c5900000)
AC   0  O    TS    37 PTAMS 0x00000000c5900000 NTAMS 0x00000000c5a00000 space 1024K, 100% used [0x00000000c5900000, 0x00000000c5a00000)
AC   0  O    TS    37 PTAMS 0x00000000c5a00000 NTAMS 0x00000000c5b00000 space 1024K, 100% used [0x00000000c5a00000, 0x00000000c5b00000)
AC   0  O    TS     0 PTAMS 0x00000000c5c00000 NTAMS 0x00000000c5c00000 space 1024K, 100% used [0x00000000c5b00000, 0x00000000c5c00000)
AC   0  O    TS    37 PTAMS 0x00000000c5c00000 NTAMS 0x00000000c5d00000 space 1024K, 100% used [0x00000000c5c00000, 0x00000000c5d00000)
AC   0  O    TS    43 PTAMS 0x00000000c5d00000 NTAMS 0x00000000c5e00000 space 1024K, 100% used [0x00000000c5d00000, 0x00000000c5e00000)
AC   0  O    TS     0 PTAMS 0x00000000c5f00000 NTAMS 0x00000000c5f00000 space 1024K, 100% used [0x00000000c5e00000, 0x00000000c5f00000)
AC   0  O    TS     0 PTAMS 0x00000000c6000000 NTAMS 0x00000000c6000000 space 1024K, 100% used [0x00000000c5f00000, 0x00000000c6000000)
AC   0  O    TS     0 PTAMS 0x00000000c6100000 NTAMS 0x00000000c6100000 space 1024K, 100% used [0x00000000c6000000, 0x00000000c6100000)
AC   0  O    TS     0 PTAMS 0x00000000c6200000 NTAMS 0x00000000c6200000 space 1024K, 100% used [0x00000000c6100000, 0x00000000c6200000)
AC   0  O    TS    59 PTAMS 0x00000000c6200000 NTAMS 0x00000000c6300000 space 1024K, 100% used [0x00000000c6200000, 0x00000000c6300000)
AC   0  O    TS    59 PTAMS 0x00000000c6300000 NTAMS 0x00000000c6400000 space 1024K, 100% used [0x00000000c6300000, 0x00000000c6400000)
AC   0  O    TS    59 PTAMS 0x00000000c6400000 NTAMS 0x00000000c6500000 space 1024K, 100% used [0x00000000c6400000, 0x00000000c6500000)
AC   0  O    TS    65 PTAMS 0x00000000c6500000 NTAMS 0x00000000c6536800 space 1024K, 100% used [0x00000000c6500000, 0x00000000c6600000)
AC   0  O    TS     0 PTAMS 0x00000000c6700000 NTAMS 0x00000000c6700000 space 1024K, 100% used [0x00000000c6600000, 0x00000000c6700000)
AC   0  O    TS    65 PTAMS 0x00000000c6700000 NTAMS 0x00000000c6700000 space 1024K, 100% used [0x00000000c6700000, 0x00000000c6800000)
AC   0  O    TS    67 PTAMS 0x00000000c6800000 NTAMS 0x00000000c6800000 space 1024K, 100% used [0x00000000c6800000, 0x00000000c6900000)
AC   0  O    TS    67 PTAMS 0x00000000c6900000 NTAMS 0x00000000c6900000 space 1024K, 100% used [0x00000000c6900000, 0x00000000c6a00000)
AC   0  O    TS     0 PTAMS 0x00000000c6b00000 NTAMS 0x00000000c6b00000 space 1024K, 100% used [0x00000000c6a00000, 0x00000000c6b00000)
AC   0  O    TS    69 PTAMS 0x00000000c6b00000 NTAMS 0x00000000c6b00000 space 1024K, 100% used [0x00000000c6b00000, 0x00000000c6c00000)
AC   0  O    TS     0 PTAMS 0x00000000c6d00000 NTAMS 0x00000000c6d00000 space 1024K, 100% used [0x00000000c6c00000, 0x00000000c6d00000)
AC   0  O    TS     0 PTAMS 0x00000000c6d6e600 NTAMS 0x00000000c6e00000 space 1024K, 100% used [0x00000000c6d00000, 0x00000000c6e00000)
AC   0  O    TS    69 PTAMS 0x00000000c6e00000 NTAMS 0x00000000c6e00000 space 1024K, 100% used [0x00000000c6e00000, 0x00000000c6f00000)
AC   0  O    TS    71 PTAMS 0x00000000c6f00000 NTAMS 0x00000000c6f00000 space 1024K, 100% used [0x00000000c6f00000, 0x00000000c7000000)
AC   0  O    TS    71 PTAMS 0x00000000c7000000 NTAMS 0x00000000c7000000 space 1024K, 100% used [0x00000000c7000000, 0x00000000c7100000)
AC   0  O    TS    73 PTAMS 0x00000000c7100000 NTAMS 0x00000000c7100000 space 1024K, 100% used [0x00000000c7100000, 0x00000000c7200000)
AC   0  O    TS    75 PTAMS 0x00000000c7200000 NTAMS 0x00000000c7200000 space 1024K, 100% used [0x00000000c7200000, 0x00000000c7300000)
AC   0  O    TS     0 PTAMS 0x00000000c7300000 NTAMS 0x00000000c7400000 space 1024K, 100% used [0x00000000c7300000, 0x00000000c7400000)
AC   0  O    TS     3 PTAMS 0x00000000c7400000 NTAMS 0x00000000c7500000 space 1024K, 100% used [0x00000000c7400000, 0x00000000c7500000)
AC   0 HS    TS     0 PTAMS 0x00000000c7500000 NTAMS 0x00000000c7d00010 space 9216K,  88% used [0x00000000c7500000, 0x00000000c7e00000)
AC   0 HC    TS     0 PTAMS 0x00000000c7600000 NTAMS 0x00000000c7600000 space 1024K, 100% used [0x00000000c7600000, 0x00000000c7700000)
AC   0 HC    TS     0 PTAMS 0x00000000c7700000 NTAMS 0x00000000c7700000 space 1024K, 100% used [0x00000000c7700000, 0x00000000c7800000)
AC   0 HC    TS     0 PTAMS 0x00000000c7800000 NTAMS 0x00000000c7800000 space 1024K, 100% used [0x00000000c7800000, 0x00000000c7900000)
AC   0 HC    TS     0 PTAMS 0x00000000c7900000 NTAMS 0x00000000c7900000 space 1024K, 100% used [0x00000000c7900000, 0x00000000c7a00000)
AC   0 HC    TS     0 PTAMS 0x00000000c7a00000 NTAMS 0x00000000c7a00000 space 1024K, 100% used [0x00000000c7a00000, 0x00000000c7b00000)
AC   0 HC    TS     0 PTAMS 0x00000000c7b00000 NTAMS 0x00000000c7b00000 space 1024K, 100% used [0x00000000c7b00000, 0x00000000c7c00000)
AC   0 HC    TS     0 PTAMS 0x00000000c7c00000 NTAMS 0x00000000c7c00000 space 1024K, 100% used [0x00000000c7c00000, 0x00000000c7d00000)
AC   0 HC    TS     0 PTAMS 0x00000000c7d00000 NTAMS 0x00000000c7d00000 space 1024K,   0% used [0x00000000c7d00000, 0x00000000c7e00000)
AC   0 HS    TS     0 PTAMS 0x00000000c7e00000 NTAMS 0x00000000c7e00000 space 9216K,  88% used [0x00000000c7e00000, 0x00000000c8700000)
AC   0 HC    TS     0 PTAMS 0x00000000c7f00000 NTAMS 0x00000000c7f00000 space 1024K, 100% used [0x00000000c7f00000, 0x00000000c8000000)
AC   0 HC    TS     0 PTAMS 0x00000000c8000000 NTAMS 0x00000000c8000000 space 1024K, 100% used [0x00000000c8000000, 0x00000000c8100000)
AC   0 HC    TS     0 PTAMS 0x00000000c8100000 NTAMS 0x00000000c8100000 space 1024K, 100% used [0x00000000c8100000, 0x00000000c8200000)
AC   0 HC    TS     0 PTAMS 0x00000000c8200000 NTAMS 0x00000000c8200000 space 1024K, 100% used [0x00000000c8200000, 0x00000000c8300000)
AC   0 HC    TS     0 PTAMS 0x00000000c8300000 NTAMS 0x00000000c8300000 space 1024K, 100% used [0x00000000c8300000, 0x00000000c8400000)
AC   0 HC    TS     0 PTAMS 0x00000000c8400000 NTAMS 0x00000000c8400000 space 1024K, 100% used [0x00000000c8400000, 0x00000000c8500000)
AC   0 HC    TS     0 PTAMS 0x00000000c8500000 NTAMS 0x00000000c8500000 space 1024K, 100% used [0x00000000c8500000, 0x00000000c8600000)
AC   0 HC    TS     0 PTAMS 0x00000000c8600000 NTAMS 0x00000000c8600000 space 1024K,   0% used [0x00000000c8600000, 0x00000000c8700000)
AC   0  O    TS    77 PTAMS 0x00000000c8700000 NTAMS 0x00000000c8700000 space 1024K, 100% used [0x00000000c8700000, 0x00000000c8800000)
AC   0  O    TS    77 PTAMS 0x00000000c8800000 NTAMS 0x00000000c8800000 space 1024K, 100% used [0x00000000c8800000, 0x00000000c8900000)
AC   0  O    TS    79 PTAMS 0x00000000c8900000 NTAMS 0x00000000c8900000 space 1024K, 100% used [0x00000000c8900000, 0x00000000c8a00000)
AC   0  O    TS    79 PTAMS 0x00000000c8a00000 NTAMS 0x00000000c8a00000 space 1024K,  72% used [0x00000000c8a00000, 0x00000000c8b00000)
AC   0  F    TS     0 PTAMS 0x00000000c8b00000 NTAMS 0x00000000c8b00000 space 1024K,   0% used [0x00000000c8b00000, 0x00000000c8c00000)
AC   0  F    TS     0 PTAMS 0x00000000c8c00000 NTAMS 0x00000000c8c00000 space 1024K,   0% used [0x00000000c8c00000, 0x00000000c8d00000)
AC   0  F    TS     0 PTAMS 0x00000000c8d00000 NTAMS 0x00000000c8d00000 space 1024K,   0% used [0x00000000c8d00000, 0x00000000c8e00000)
AC   0  F    TS     0 PTAMS 0x00000000c8e00000 NTAMS 0x00000000c8e00000 space 1024K,   0% used [0x00000000c8e00000, 0x00000000c8f00000)
AC   0  F    TS     0 PTAMS 0x00000000c8f00000 NTAMS 0x00000000c8f00000 space 1024K,   0% used [0x00000000c8f00000, 0x00000000c9000000)
AC   0  F    TS     0 PTAMS 0x00000000c9000000 NTAMS 0x00000000c9000000 space 1024K,   0% used [0x00000000c9000000, 0x00000000c9100000)
AC   0  F    TS     0 PTAMS 0x00000000c9100000 NTAMS 0x00000000c9100000 space 1024K,   0% used [0x00000000c9100000, 0x00000000c9200000)
AC   0  F    TS     0 PTAMS 0x00000000c9200000 NTAMS 0x00000000c9200000 space 1024K,   0% used [0x00000000c9200000, 0x00000000c9300000)
AC   0  F    TS     0 PTAMS 0x00000000c9300000 NTAMS 0x00000000c9300000 space 1024K,   0% used [0x00000000c9300000, 0x00000000c9400000)
AC   0  F    TS     0 PTAMS 0x00000000c9400000 NTAMS 0x00000000c9400000 space 1024K,   0% used [0x00000000c9400000, 0x00000000c9500000)
AC   0  F    TS     0 PTAMS 0x00000000c9500000 NTAMS 0x00000000c9500000 space 1024K,   0% used [0x00000000c9500000, 0x00000000c9600000)
AC   0  F    TS     0 PTAMS 0x00000000c9600000 NTAMS 0x00000000c9600000 space 1024K,   0% used [0x00000000c9600000, 0x00000000c9700000)
AC   0  F    TS     0 PTAMS 0x00000000c9700000 NTAMS 0x00000000c9700000 space 1024K,   0% used [0x00000000c9700000, 0x00000000c9800000)
AC   0  F    TS     0 PTAMS 0x00000000c9800000 NTAMS 0x00000000c9800000 space 1024K,   0% used [0x00000000c9800000, 0x00000000c9900000)
AC   0  F    TS     0 PTAMS 0x00000000c9900000 NTAMS 0x00000000c9900000 space 1024K,   0% used [0x00000000c9900000, 0x00000000c9a00000)
AC   0  F    TS     0 PTAMS 0x00000000c9a00000 NTAMS 0x00000000c9a00000 space 1024K,   0% used [0x00000000c9a00000, 0x00000000c9b00000)
AC   0  F    TS     0 PTAMS 0x00000000c9b00000 NTAMS 0x00000000c9b00000 space 1024K,   0% used [0x00000000c9b00000, 0x00000000c9c00000)
AC   0  F    TS     0 PTAMS 0x00000000c9c00000 NTAMS 0x00000000c9c00000 space 1024K,   0% used [0x00000000c9c00000, 0x00000000c9d00000)
AC   0  F    TS     0 PTAMS 0x00000000c9d00000 NTAMS 0x00000000c9d00000 space 1024K,   0% used [0x00000000c9d00000, 0x00000000c9e00000)
AC   0  F    TS     0 PTAMS 0x00000000c9e00000 NTAMS 0x00000000c9e00000 space 1024K,   0% used [0x00000000c9e00000, 0x00000000c9f00000)
AC   0  F    TS     0 PTAMS 0x00000000c9f00000 NTAMS 0x00000000c9f00000 space 1024K,   0% used [0x00000000c9f00000, 0x00000000ca000000)
AC   0  F    TS     0 PTAMS 0x00000000ca000000 NTAMS 0x00000000ca000000 space 1024K,   0% used [0x00000000ca000000, 0x00000000ca100000)
AC   0  F    TS     0 PTAMS 0x00000000ca100000 NTAMS 0x00000000ca100000 space 1024K,   0% used [0x00000000ca100000, 0x00000000ca200000)
AC   0  F    TS     0 PTAMS 0x00000000ca200000 NTAMS 0x00000000ca200000 space 1024K,   0% used [0x00000000ca200000, 0x00000000ca300000)
AC   0  F    TS     0 PTAMS 0x00000000ca300000 NTAMS 0x00000000ca300000 space 1024K,   0% used [0x00000000ca300000, 0x00000000ca400000)
AC   0  F    TS     0 PTAMS 0x00000000ca400000 NTAMS 0x00000000ca400000 space 1024K,   0% used [0x00000000ca400000, 0x00000000ca500000)
AC   0  F    TS     0 PTAMS 0x00000000ca500000 NTAMS 0x00000000ca500000 space 1024K,   0% used [0x00000000ca500000, 0x00000000ca600000)
AC   0  F    TS     0 PTAMS 0x00000000ca600000 NTAMS 0x00000000ca600000 space 1024K,   0% used [0x00000000ca600000, 0x00000000ca700000)
AC   0  F    TS     0 PTAMS 0x00000000ca700000 NTAMS 0x00000000ca700000 space 1024K,   0% used [0x00000000ca700000, 0x00000000ca800000)
AC   0  F    TS     0 PTAMS 0x00000000ca800000 NTAMS 0x00000000ca800000 space 1024K,   0% used [0x00000000ca800000, 0x00000000ca900000)
AC   0  F    TS     0 PTAMS 0x00000000ca900000 NTAMS 0x00000000ca900000 space 1024K,   0% used [0x00000000ca900000, 0x00000000caa00000)
AC   0  F    TS     0 PTAMS 0x00000000caa00000 NTAMS 0x00000000caa00000 space 1024K,   0% used [0x00000000caa00000, 0x00000000cab00000)
AC   0  F    TS     0 PTAMS 0x00000000cab00000 NTAMS 0x00000000cab00000 space 1024K,   0% used [0x00000000cab00000, 0x00000000cac00000)
AC   0  F    TS     0 PTAMS 0x00000000cac00000 NTAMS 0x00000000cac00000 space 1024K,   0% used [0x00000000cac00000, 0x00000000cad00000)
AC   0  F    TS     0 PTAMS 0x00000000cad00000 NTAMS 0x00000000cad00000 space 1024K,   0% used [0x00000000cad00000, 0x00000000cae00000)
AC   0  F    TS     0 PTAMS 0x00000000cae00000 NTAMS 0x00000000cae00000 space 1024K,   0% used [0x00000000cae00000, 0x00000000caf00000)
AC   0  F    TS     0 PTAMS 0x00000000caf00000 NTAMS 0x00000000caf00000 space 1024K,   0% used [0x00000000caf00000, 0x00000000cb000000)
AC   0  F    TS     0 PTAMS 0x00000000cb000000 NTAMS 0x00000000cb000000 space 1024K,   0% used [0x00000000cb000000, 0x00000000cb100000)
AC   0  F    TS     0 PTAMS 0x00000000cb100000 NTAMS 0x00000000cb100000 space 1024K,   0% used [0x00000000cb100000, 0x00000000cb200000)
AC   0  F    TS     0 PTAMS 0x00000000cb200000 NTAMS 0x00000000cb200000 space 1024K,   0% used [0x00000000cb200000, 0x00000000cb300000)
AC   0  F    TS     0 PTAMS 0x00000000cb300000 NTAMS 0x00000000cb300000 space 1024K,   0% used [0x00000000cb300000, 0x00000000cb400000)
AC   0  F    TS     0 PTAMS 0x00000000cb400000 NTAMS 0x00000000cb400000 space 1024K,   0% used [0x00000000cb400000, 0x00000000cb500000)
AC   0  F    TS     0 PTAMS 0x00000000cb500000 NTAMS 0x00000000cb500000 space 1024K,   0% used [0x00000000cb500000, 0x00000000cb600000)
AC   0  F    TS     0 PTAMS 0x00000000cb600000 NTAMS 0x00000000cb600000 space 1024K,   0% used [0x00000000cb600000, 0x00000000cb700000)
AC   0  F    TS     0 PTAMS 0x00000000cb700000 NTAMS 0x00000000cb700000 space 1024K,   0% used [0x00000000cb700000, 0x00000000cb800000)
AC   0  F    TS     0 PTAMS 0x00000000cb800000 NTAMS 0x00000000cb800000 space 1024K,   0% used [0x00000000cb800000, 0x00000000cb900000)
AC   0  F    TS     0 PTAMS 0x00000000cb900000 NTAMS 0x00000000cb900000 space 1024K,   0% used [0x00000000cb900000, 0x00000000cba00000)
AC   0  F    TS     0 PTAMS 0x00000000cba00000 NTAMS 0x00000000cba00000 space 1024K,   0% used [0x00000000cba00000, 0x00000000cbb00000)
AC   0  F    TS     0 PTAMS 0x00000000cbb00000 NTAMS 0x00000000cbb00000 space 1024K,   0% used [0x00000000cbb00000, 0x00000000cbc00000)
AC   0  F    TS     0 PTAMS 0x00000000cbc00000 NTAMS 0x00000000cbc00000 space 1024K,   0% used [0x00000000cbc00000, 0x00000000cbd00000)
AC   0  F    TS     0 PTAMS 0x00000000cbd00000 NTAMS 0x00000000cbd00000 space 1024K,   0% used [0x00000000cbd00000, 0x00000000cbe00000)
AC   0  F    TS     0 PTAMS 0x00000000cbe00000 NTAMS 0x00000000cbe00000 space 1024K,   0% used [0x00000000cbe00000, 0x00000000cbf00000)
AC   0  F    TS     0 PTAMS 0x00000000cbf00000 NTAMS 0x00000000cbf00000 space 1024K,   0% used [0x00000000cbf00000, 0x00000000cc000000)
AC   0  F    TS     0 PTAMS 0x00000000cc000000 NTAMS 0x00000000cc000000 space 1024K,   0% used [0x00000000cc000000, 0x00000000cc100000)
AC   0  F    TS     0 PTAMS 0x00000000cc100000 NTAMS 0x00000000cc100000 space 1024K,   0% used [0x00000000cc100000, 0x00000000cc200000)
AC   0  F    TS     0 PTAMS 0x00000000cc200000 NTAMS 0x00000000cc200000 space 1024K,   0% used [0x00000000cc200000, 0x00000000cc300000)
AC   0  F    TS     0 PTAMS 0x00000000cc300000 NTAMS 0x00000000cc300000 space 1024K,   0% used [0x00000000cc300000, 0x00000000cc400000)
AC   0  F    TS     0 PTAMS 0x00000000cc400000 NTAMS 0x00000000cc400000 space 1024K,   0% used [0x00000000cc400000, 0x00000000cc500000)
AC   0  F    TS     0 PTAMS 0x00000000cc500000 NTAMS 0x00000000cc500000 space 1024K,   0% used [0x00000000cc500000, 0x00000000cc600000)
AC   0  F    TS     0 PTAMS 0x00000000cc600000 NTAMS 0x00000000cc600000 space 1024K,   0% used [0x00000000cc600000, 0x00000000cc700000)
AC   0  F    TS     0 PTAMS 0x00000000cc700000 NTAMS 0x00000000cc700000 space 1024K,   0% used [0x00000000cc700000, 0x00000000cc800000)
AC   0  F    TS     0 PTAMS 0x00000000cc800000 NTAMS 0x00000000cc800000 space 1024K,   0% used [0x00000000cc800000, 0x00000000cc900000)
AC   0  F    TS     0 PTAMS 0x00000000cc900000 NTAMS 0x00000000cc900000 space 1024K,   0% used [0x00000000cc900000, 0x00000000cca00000)
AC   0  F    TS     0 PTAMS 0x00000000cca00000 NTAMS 0x00000000cca00000 space 1024K,   0% used [0x00000000cca00000, 0x00000000ccb00000)
AC   0  F    TS     0 PTAMS 0x00000000ccb00000 NTAMS 0x00000000ccb00000 space 1024K,   0% used [0x00000000ccb00000, 0x00000000ccc00000)
AC   0  F    TS     0 PTAMS 0x00000000ccc00000 NTAMS 0x00000000ccc00000 space 1024K,   0% used [0x00000000ccc00000, 0x00000000ccd00000)
AC   0  F    TS     0 PTAMS 0x00000000ccd00000 NTAMS 0x00000000ccd00000 space 1024K,   0% used [0x00000000ccd00000, 0x00000000cce00000)
AC   0  F    TS     9 PTAMS 0x00000000cce00000 NTAMS 0x00000000cce00000 space 1024K,   0% used [0x00000000cce00000, 0x00000000ccf00000)
AC   0  F    TS     9 PTAMS 0x00000000ccf00000 NTAMS 0x00000000ccf00000 space 1024K,   0% used [0x00000000ccf00000, 0x00000000cd000000)
AC   0  F    TS     9 PTAMS 0x00000000cd000000 NTAMS 0x00000000cd000000 space 1024K,   0% used [0x00000000cd000000, 0x00000000cd100000)
AC   0  F    TS     9 PTAMS 0x00000000cd100000 NTAMS 0x00000000cd100000 space 1024K,   0% used [0x00000000cd100000, 0x00000000cd200000)
AC   0  F    TS     9 PTAMS 0x00000000cd200000 NTAMS 0x00000000cd200000 space 1024K,   0% used [0x00000000cd200000, 0x00000000cd300000)
AC   0  F    TS     9 PTAMS 0x00000000cd300000 NTAMS 0x00000000cd300000 space 1024K,   0% used [0x00000000cd300000, 0x00000000cd400000)
AC   0  F    TS     0 PTAMS 0x00000000cd400000 NTAMS 0x00000000cd400000 space 1024K,   0% used [0x00000000cd400000, 0x00000000cd500000)
AC   0  F    TS     0 PTAMS 0x00000000cd500000 NTAMS 0x00000000cd500000 space 1024K,   0% used [0x00000000cd500000, 0x00000000cd600000)
AC   0  F    TS     0 PTAMS 0x00000000cd600000 NTAMS 0x00000000cd600000 space 1024K,   0% used [0x00000000cd600000, 0x00000000cd700000)
AC   0  F    TS     0 PTAMS 0x00000000cd700000 NTAMS 0x00000000cd700000 space 1024K,   0% used [0x00000000cd700000, 0x00000000cd800000)
AC   0  F    TS     0 PTAMS 0x00000000cd800000 NTAMS 0x00000000cd800000 space 1024K,   0% used [0x00000000cd800000, 0x00000000cd900000)
AC   0  F    TS     0 PTAMS 0x00000000cd900000 NTAMS 0x00000000cd900000 space 1024K,   0% used [0x00000000cd900000, 0x00000000cda00000)
AC   0  F    TS    25 PTAMS 0x00000000cda00000 NTAMS 0x00000000cda00000 space 1024K,   0% used [0x00000000cda00000, 0x00000000cdb00000)
AC   0  F    TS    25 PTAMS 0x00000000cdb00000 NTAMS 0x00000000cdb00000 space 1024K,   0% used [0x00000000cdb00000, 0x00000000cdc00000)
AC   0  F    TS    57 PTAMS 0x00000000cdc00000 NTAMS 0x00000000cdc00000 space 1024K,   0% used [0x00000000cdc00000, 0x00000000cdd00000)
AC   0  F    TS    55 PTAMS 0x00000000cdd00000 NTAMS 0x00000000cdd00000 space 1024K,   0% used [0x00000000cdd00000, 0x00000000cde00000)
AC   0  F    TS    55 PTAMS 0x00000000cde00000 NTAMS 0x00000000cde00000 space 1024K,   0% used [0x00000000cde00000, 0x00000000cdf00000)
AC   0  F    TS    57 PTAMS 0x00000000cdf00000 NTAMS 0x00000000cdf00000 space 1024K,   0% used [0x00000000cdf00000, 0x00000000ce000000)
AC   0  F    TS    57 PTAMS 0x00000000ce000000 NTAMS 0x00000000ce000000 space 1024K,   0% used [0x00000000ce000000, 0x00000000ce100000)
AC   0  F    TS    57 PTAMS 0x00000000ce100000 NTAMS 0x00000000ce100000 space 1024K,   0% used [0x00000000ce100000, 0x00000000ce200000)
AC   0  F    TS     0 PTAMS 0x00000000ce200000 NTAMS 0x00000000ce200000 space 1024K,   0% used [0x00000000ce200000, 0x00000000ce300000)
AC   0  F    TS     0 PTAMS 0x00000000ce300000 NTAMS 0x00000000ce300000 space 1024K,   0% used [0x00000000ce300000, 0x00000000ce400000)
AC   0  F    TS     0 PTAMS 0x00000000ce400000 NTAMS 0x00000000ce400000 space 1024K,   0% used [0x00000000ce400000, 0x00000000ce500000)
AC   0  F    TS    23 PTAMS 0x00000000ce500000 NTAMS 0x00000000ce500000 space 1024K,   0% used [0x00000000ce500000, 0x00000000ce600000)
AC   0  F    TS    23 PTAMS 0x00000000ce600000 NTAMS 0x00000000ce600000 space 1024K,   0% used [0x00000000ce600000, 0x00000000ce700000)
AC   0  F    TS     0 PTAMS 0x00000000ce700000 NTAMS 0x00000000ce700000 space 1024K,   0% used [0x00000000ce700000, 0x00000000ce800000)
AC   0  F    TS     0 PTAMS 0x00000000ce800000 NTAMS 0x00000000ce800000 space 1024K,   0% used [0x00000000ce800000, 0x00000000ce900000)
AC   0  F    TS    53 PTAMS 0x00000000ce900000 NTAMS 0x00000000ce900000 space 1024K,   0% used [0x00000000ce900000, 0x00000000cea00000)
AC   0  F    TS     0 PTAMS 0x00000000cea00000 NTAMS 0x00000000cea00000 space 1024K,   0% used [0x00000000cea00000, 0x00000000ceb00000)
AC   0  F    TS     0 PTAMS 0x00000000ceb00000 NTAMS 0x00000000ceb00000 space 1024K,   0% used [0x00000000ceb00000, 0x00000000cec00000)
AC   0  F    TS     0 PTAMS 0x00000000cec00000 NTAMS 0x00000000cec00000 space 1024K,   0% used [0x00000000cec00000, 0x00000000ced00000)
AC   0  F    TS     1 PTAMS 0x00000000ced00000 NTAMS 0x00000000ced00000 space 1024K,   0% used [0x00000000ced00000, 0x00000000cee00000)
AC   0  F    TS     1 PTAMS 0x00000000cee00000 NTAMS 0x00000000cee00000 space 1024K,   0% used [0x00000000cee00000, 0x00000000cef00000)
AC   0  F    TS    21 PTAMS 0x00000000cef00000 NTAMS 0x00000000cef00000 space 1024K,   0% used [0x00000000cef00000, 0x00000000cf000000)
AC   0  F    TS     0 PTAMS 0x00000000cf000000 NTAMS 0x00000000cf000000 space 1024K,   0% used [0x00000000cf000000, 0x00000000cf100000)
AC   0  F    TS     0 PTAMS 0x00000000cf100000 NTAMS 0x00000000cf100000 space 1024K,   0% used [0x00000000cf100000, 0x00000000cf200000)
AC   0  F    TS    77 PTAMS 0x00000000cf200000 NTAMS 0x00000000cf200000 space 1024K,   0% used [0x00000000cf200000, 0x00000000cf300000)
AC   0  F    TS    77 PTAMS 0x00000000cf300000 NTAMS 0x00000000cf300000 space 1024K,   0% used [0x00000000cf300000, 0x00000000cf400000)
AC   0  S CS TS    79 PTAMS 0x00000000cf400000 NTAMS 0x00000000cf400000 space 1024K, 100% used [0x00000000cf400000, 0x00000000cf500000)
AC   0  S CS TS    79 PTAMS 0x00000000cf500000 NTAMS 0x00000000cf500000 space 1024K, 100% used [0x00000000cf500000, 0x00000000cf600000)
AC   0  F    TS    59 PTAMS 0x00000000cf600000 NTAMS 0x00000000cf600000 space 1024K,   0% used [0x00000000cf600000, 0x00000000cf700000)
AC   0  F    TS    59 PTAMS 0x00000000cf700000 NTAMS 0x00000000cf700000 space 1024K,   0% used [0x00000000cf700000, 0x00000000cf800000)
AC   0  F    TS    27 PTAMS 0x00000000cf800000 NTAMS 0x00000000cf800000 space 1024K,   0% used [0x00000000cf800000, 0x00000000cf900000)
AC   0  F    TS    11 PTAMS 0x00000000cf900000 NTAMS 0x00000000cf900000 space 1024K,   0% used [0x00000000cf900000, 0x00000000cfa00000)
AC   0  F    TS     0 PTAMS 0x00000000cfa00000 NTAMS 0x00000000cfa00000 space 1024K,   0% used [0x00000000cfa00000, 0x00000000cfb00000)
AC   0  F    TS     0 PTAMS 0x00000000cfb00000 NTAMS 0x00000000cfb00000 space 1024K,   0% used [0x00000000cfb00000, 0x00000000cfc00000)
AC   0  F    TS     0 PTAMS 0x00000000cfc00000 NTAMS 0x00000000cfc00000 space 1024K,   0% used [0x00000000cfc00000, 0x00000000cfd00000)
AC   0  F    TS     0 PTAMS 0x00000000cfd00000 NTAMS 0x00000000cfd00000 space 1024K,   0% used [0x00000000cfd00000, 0x00000000cfe00000)
AC   0  F    TS     0 PTAMS 0x00000000cfe00000 NTAMS 0x00000000cfe00000 space 1024K,   0% used [0x00000000cfe00000, 0x00000000cff00000)
AC   0  F    TS     0 PTAMS 0x00000000cff00000 NTAMS 0x00000000cff00000 space 1024K,   0% used [0x00000000cff00000, 0x00000000d0000000)

Card table byte_map: [0x0000000012ee0000,0x00000000130e0000] byte_map_base: 0x00000000128e0000

Marking Bits (Prev, Next): (CMBitMap*) 0x000000000038c530, (CMBitMap*) 0x000000000038c4d8
 Prev Bits: [0x00000000142e0000, 0x00000000152e0000)
 Next Bits: [0x00000000132e0000, 0x00000000142e0000)

Polling page: 0x0000000000240000

CodeCache: size=245760Kb used=51079Kb max_used=51093Kb free=194680Kb
 bounds [0x0000000002ae0000, 0x0000000005d20000, 0x0000000011ae0000]
 total_blobs=14214 nmethods=13217 adapters=903
 compilation: enabled

Compilation events (10 events):
Event: 2577.507 Thread 0x0000000018629000 16722       4       org.eclipse.equinox.internal.p2.metadata.VersionVector::compare (131 bytes)
Event: 2577.509 Thread 0x0000000018629000 nmethod 16722 0x0000000003533e50 code [0x0000000003533fc0, 0x0000000003534198]
Event: 2578.266 Thread 0x000000001862c000 16723   !   3       org.eclipse.equinox.internal.p2.metadata.InstallableUnit::parseFilter (76 bytes)
Event: 2578.268 Thread 0x0000000018629000 16724 %     4       org.tukaani.xz.lzma.LZMADecoder::decode @ 7 (141 bytes)
Event: 2578.269 Thread 0x000000001862c000 nmethod 16723 0x0000000005d0d090 code [0x0000000005d0d300, 0x0000000005d0e5f8]
Event: 2578.304 Thread 0x0000000018626000 16725       4       org.eclipse.equinox.internal.p2.metadata.expression.Expression::<init> (5 bytes)
Event: 2578.305 Thread 0x0000000018629000 nmethod 16724% 0x0000000005d16350 code [0x0000000005d16500, 0x0000000005d16e88]
Event: 2578.305 Thread 0x0000000018626000 nmethod 16725 0x0000000003b318d0 code [0x0000000003b31a00, 0x0000000003b31a58]
Event: 2578.341 Thread 0x0000000018629000 16726       4       org.tukaani.xz.lzma.LZMADecoder::decode (141 bytes)
Event: 2578.365 Thread 0x0000000018629000 nmethod 16726 0x0000000005d14a10 code [0x0000000005d14bc0, 0x0000000005d15888]

GC Heap History (10 events):
Event: 2576.505 GC heap after
Heap after GC invocations=68 (full 0):
 garbage-first heap   total 262144K, used 133899K [0x00000000c0000000, 0x00000000c0100800, 0x0000000100000000)
  region size 1024K, 2 young (2048K), 2 survivors (2048K)
 Metaspace       used 106333K, capacity 114858K, committed 115196K, reserved 1148928K
  class space    used 12985K, capacity 15562K, committed 15664K, reserved 1048576K
}
Event: 2576.824 GC heap before
{Heap before GC invocations=68 (full 0):
 garbage-first heap   total 262144K, used 144139K [0x00000000c0000000, 0x00000000c0100800, 0x0000000100000000)
  region size 1024K, 12 young (12288K), 2 survivors (2048K)
 Metaspace       used 106334K, capacity 114858K, committed 115196K, reserved 1148928K
  class space    used 12985K, capacity 15562K, committed 15664K, reserved 1048576K
Event: 2577.151 GC heap after
Heap after GC invocations=69 (full 0):
 garbage-first heap   total 262144K, used 135966K [0x00000000c0000000, 0x00000000c0100800, 0x0000000100000000)
  region size 1024K, 2 young (2048K), 2 survivors (2048K)
 Metaspace       used 106334K, capacity 114858K, committed 115196K, reserved 1148928K
  class space    used 12985K, capacity 15562K, committed 15664K, reserved 1048576K
}
Event: 2577.304 GC heap before
{Heap before GC invocations=69 (full 0):
 garbage-first heap   total 262144K, used 146206K [0x00000000c0000000, 0x00000000c0100800, 0x0000000100000000)
  region size 1024K, 12 young (12288K), 2 survivors (2048K)
 Metaspace       used 106334K, capacity 114858K, committed 115196K, reserved 1148928K
  class space    used 12985K, capacity 15562K, committed 15664K, reserved 1048576K
Event: 2577.407 GC heap after
Heap after GC invocations=70 (full 0):
 garbage-first heap   total 262144K, used 137030K [0x00000000c0000000, 0x00000000c0100800, 0x0000000100000000)
  region size 1024K, 2 young (2048K), 2 survivors (2048K)
 Metaspace       used 106334K, capacity 114858K, committed 115196K, reserved 1148928K
  class space    used 12985K, capacity 15562K, committed 15664K, reserved 1048576K
}
Event: 2577.538 GC heap before
{Heap before GC invocations=70 (full 0):
 garbage-first heap   total 262144K, used 147270K [0x00000000c0000000, 0x00000000c0100800, 0x0000000100000000)
  region size 1024K, 12 young (12288K), 2 survivors (2048K)
 Metaspace       used 106334K, capacity 114858K, committed 115196K, reserved 1148928K
  class space    used 12985K, capacity 15562K, committed 15664K, reserved 1048576K
Event: 2577.757 GC heap after
Heap after GC invocations=71 (full 0):
 garbage-first heap   total 262144K, used 138666K [0x00000000c0000000, 0x00000000c0100800, 0x0000000100000000)
  region size 1024K, 2 young (2048K), 2 survivors (2048K)
 Metaspace       used 106334K, capacity 114858K, committed 115196K, reserved 1148928K
  class space    used 12985K, capacity 15562K, committed 15664K, reserved 1048576K
}
Event: 2577.902 GC heap before
{Heap before GC invocations=71 (full 0):
 garbage-first heap   total 262144K, used 148906K [0x00000000c0000000, 0x00000000c0100800, 0x0000000100000000)
  region size 1024K, 12 young (12288K), 2 survivors (2048K)
 Metaspace       used 106334K, capacity 114858K, committed 115196K, reserved 1148928K
  class space    used 12985K, capacity 15562K, committed 15664K, reserved 1048576K
Event: 2578.226 GC heap after
Heap after GC invocations=72 (full 0):
 garbage-first heap   total 262144K, used 140547K [0x00000000c0000000, 0x00000000c0100800, 0x0000000100000000)
  region size 1024K, 2 young (2048K), 2 survivors (2048K)
 Metaspace       used 106334K, capacity 114858K, committed 115196K, reserved 1148928K
  class space    used 12985K, capacity 15562K, committed 15664K, reserved 1048576K
}
Event: 2578.418 GC heap before
{Heap before GC invocations=72 (full 0):
 garbage-first heap   total 262144K, used 150787K [0x00000000c0000000, 0x00000000c0100800, 0x0000000100000000)
  region size 1024K, 12 young (12288K), 2 survivors (2048K)
 Metaspace       used 106334K, capacity 114858K, committed 115196K, reserved 1148928K
  class space    used 12985K, capacity 15562K, committed 15664K, reserved 1048576K

Deoptimization events (10 events):
Event: 2565.021 Thread 0x0000000018638000 Uncommon trap: reason=null_assert action=make_not_entrant pc=0x0000000002c54664 method=java.util.zip.ZipEntry.setExtra0([BZ)V @ 269
Event: 2567.944 Thread 0x0000000018638000 Uncommon trap: reason=unstable_if action=reinterpret pc=0x0000000005c35b40 method=org.eclipse.equinox.internal.p2.metadata.OSGiVersion.equals(Ljava/lang/Object;)Z @ 94
Event: 2568.490 Thread 0x0000000018638000 Uncommon trap: reason=unstable_if action=reinterpret pc=0x00000000040b4d60 method=com.sun.org.apache.xerces.internal.util.XMLAttributesImpl.addAttributeNS(Lcom/sun/org/apache/xerces/internal/xni/QName;Ljava/lang/String;Ljava/lang/String;)V @ 22
Event: 2573.476 Thread 0x0000000018638000 Uncommon trap: reason=unstable_if action=reinterpret pc=0x0000000005c8d10c method=org.tukaani.xz.lz.LZDecoder.getByte(I)I @ 14
Event: 2574.846 Thread 0x0000000018638000 Uncommon trap: reason=unstable_if action=reinterpret pc=0x0000000005c1a060 method=org.eclipse.equinox.internal.p2.metadata.VersionFormatParser$StringFragment.isOppositeTranslation(Ljava/lang/Object;)Z @ 22
Event: 2575.509 Thread 0x0000000018638000 Uncommon trap: reason=unstable_if action=reinterpret pc=0x0000000005c6ef18 method=org.eclipse.equinox.internal.p2.metadata.OSGiVersion.fromVector(Ljava/util/List;)Lorg/eclipse/equinox/internal/p2/metadata/BasicVersion; @ 136
Event: 2575.509 Thread 0x0000000018638000 Uncommon trap: reason=unstable_if action=reinterpret pc=0x0000000005c67a08 method=org.eclipse.equinox.internal.p2.metadata.OSGiVersion.fromVector(Ljava/util/List;)Lorg/eclipse/equinox/internal/p2/metadata/BasicVersion; @ 136
Event: 2577.237 Thread 0x0000000018638000 Uncommon trap: reason=unstable_if action=reinterpret pc=0x000000000500438c method=org.tukaani.xz.lz.LZDecoder.repeat(II)V @ 61
Event: 2577.237 Thread 0x0000000018638000 Uncommon trap: reason=unstable_if action=reinterpret pc=0x0000000004667f80 method=org.tukaani.xz.lz.LZDecoder.repeat(II)V @ 61
Event: 2577.238 Thread 0x0000000018638000 Uncommon trap: reason=unstable_if action=reinterpret pc=0x0000000005c37d34 method=org.tukaani.xz.lz.LZDecoder.getByte(I)I @ 14

Classes redefined (0 events):
No events

Internal exceptions (10 events):
Event: 1689.759 Thread 0x000000001aaa8800 Implicit null exception at 0x00000000034b9ad1 to 0x00000000034ba551
Event: 1930.641 Thread 0x0000000026ce5000 Exception <a 'java/lang/ArrayIndexOutOfBoundsException': 1233> (0x00000000cffd2290) thrown at [C:\jenkins\workspace\8-2-build-windows-amd64-cygwin\jdk8u271\605\hotspot\src\share\vm\interpreter\interpreterRuntime.cpp, line 371]
Event: 1931.878 Thread 0x0000000026ce5000 Exception <a 'java/lang/ArrayIndexOutOfBoundsException'> (0x00000000cf82f940) thrown at [C:\jenkins\workspace\8-2-build-windows-amd64-cygwin\jdk8u271\605\hotspot\src\share\vm\runtime\sharedRuntime.cpp, line 609]
Event: 1931.894 Thread 0x0000000026ce5000 Exception <a 'java/lang/ArrayIndexOutOfBoundsException'> (0x00000000cf8aa170) thrown at [C:\jenkins\workspace\8-2-build-windows-amd64-cygwin\jdk8u271\605\hotspot\src\share\vm\runtime\sharedRuntime.cpp, line 609]
Event: 1963.242 Thread 0x0000000026ce5000 Exception <a 'java/lang/ArrayIndexOutOfBoundsException'> (0x00000000cfc20f88) thrown at [C:\jenkins\workspace\8-2-build-windows-amd64-cygwin\jdk8u271\605\hotspot\src\share\vm\runtime\sharedRuntime.cpp, line 609]
Event: 1963.294 Thread 0x0000000026ce5000 Exception <a 'java/lang/ArrayIndexOutOfBoundsException'> (0x00000000cfc672f8) thrown at [C:\jenkins\workspace\8-2-build-windows-amd64-cygwin\jdk8u271\605\hotspot\src\share\vm\runtime\sharedRuntime.cpp, line 609]
Event: 2043.720 Thread 0x0000000026ce5000 Exception <a 'java/lang/ArrayIndexOutOfBoundsException'> (0x00000000cf8ef140) thrown at [C:\jenkins\workspace\8-2-build-windows-amd64-cygwin\jdk8u271\605\hotspot\src\share\vm\runtime\sharedRuntime.cpp, line 609]
Event: 2212.216 Thread 0x0000000018633000 Exception <a 'java/lang/InterruptedException'> (0x00000000cfe001b0) thrown at [C:\jenkins\workspace\8-2-build-windows-amd64-cygwin\jdk8u271\605\hotspot\src\share\vm\runtime\objectMonitor.cpp, line 1686]
Event: 2212.217 Thread 0x000000001bd84000 Exception <a 'java/lang/InterruptedException'> (0x00000000cef5c890) thrown at [C:\jenkins\workspace\8-2-build-windows-amd64-cygwin\jdk8u271\605\hotspot\src\share\vm\runtime\objectMonitor.cpp, line 1686]
Event: 2277.571 Thread 0x000000000033f800 Implicit null exception at 0x00000000058fb046 to 0x00000000058fc35d

Events (10 events):
Event: 2577.258 Thread 0x0000000018638000 DEOPT UNPACKING pc=0x0000000002b27890 sp=0x0000000027c5cbc0 mode 0
Event: 2577.293 Executing VM operation: G1IncCollectionPause
Event: 2577.407 Executing VM operation: G1IncCollectionPause done
Event: 2577.537 Executing VM operation: G1IncCollectionPause
Event: 2577.757 Executing VM operation: G1IncCollectionPause done
Event: 2577.883 Executing VM operation: G1IncCollectionPause
Event: 2578.226 Executing VM operation: G1IncCollectionPause done
Event: 2578.341 Thread 0x0000000018638000 DEOPT PACKING pc=0x0000000005cfb2d7 sp=0x0000000027c5cd00
Event: 2578.341 Thread 0x0000000018638000 DEOPT UNPACKING pc=0x0000000002b27890 sp=0x0000000027c5ca48 mode 0
Event: 2578.411 Executing VM operation: G1IncCollectionPause


Dynamic libraries:
0x0000000000400000 - 0x000000000044f000 	C:\Users\Susmita\eclipse-java-neon-3-win32-x86_64\eclipse\eclipse.exe
0x0000000077a50000 - 0x0000000077bf9000 	C:\Windows\SYSTEM32\ntdll.dll
0x0000000077830000 - 0x000000007794f000 	C:\Windows\system32\kernel32.dll
0x000007fefdd00000 - 0x000007fefdd6b000 	C:\Windows\system32\KERNELBASE.dll
0x0000000077950000 - 0x0000000077a4a000 	C:\Windows\system32\USER32.dll
0x000007fefdd70000 - 0x000007fefddd7000 	C:\Windows\system32\GDI32.dll
0x000007fefeb90000 - 0x000007fefeb9e000 	C:\Windows\system32\LPK.dll
0x000007feffc80000 - 0x000007feffd49000 	C:\Windows\system32\USP10.dll
0x000007fefe750000 - 0x000007fefe7ef000 	C:\Windows\system32\msvcrt.dll
0x000007fefc1a0000 - 0x000007fefc394000 	C:\Windows\WinSxS\amd64_microsoft.windows.common-controls_6595b64144ccf1df_6.0.7601.17514_none_fa396087175ac9ac\COMCTL32.dll
0x000007fefec00000 - 0x000007fefec71000 	C:\Windows\system32\SHLWAPI.dll
0x000007fefe900000 - 0x000007fefe92e000 	C:\Windows\system32\IMM32.DLL
0x000007fefe7f0000 - 0x000007fefe8f9000 	C:\Windows\system32\MSCTF.dll
0x0000000072000000 - 0x0000000072012000 	C:\Users\Susmita\eclipse-java-neon-3-win32-x86_64\eclipse\plugins\org.eclipse.equinox.launcher.win32.win32.x86_64_1.1.401.v20161122-1740\eclipse_1617.dll
0x000007fefe470000 - 0x000007fefe54b000 	C:\Windows\system32\ADVAPI32.dll
0x000007feffbe0000 - 0x000007feffbff000 	C:\Windows\SYSTEM32\sechost.dll
0x000007feffab0000 - 0x000007feffbdd000 	C:\Windows\system32\RPCRT4.dll
0x000007fefcab0000 - 0x000007fefcabc000 	C:\Windows\system32\VERSION.dll
0x000007fefc0f0000 - 0x000007fefc146000 	C:\Windows\system32\uxtheme.dll
0x000007fefe980000 - 0x000007fefeb83000 	C:\Windows\system32\ole32.dll
0x000007fefd8d0000 - 0x000007fefd8df000 	C:\Windows\system32\CRYPTBASE.dll
0x000007fefec80000 - 0x000007fefed19000 	C:\Windows\system32\CLBCatQ.DLL
0x000007fefe130000 - 0x000007fefe207000 	C:\Windows\system32\OLEAUT32.dll
0x000000006c390000 - 0x000000006cbff000 	C:\Program Files\Java\jre1.8.0_271\bin\server\jvm.dll
0x000007fef9ec0000 - 0x000007fef9ec9000 	C:\Windows\system32\WSOCK32.dll
0x000007fefe930000 - 0x000007fefe97d000 	C:\Windows\system32\WS2_32.dll
0x000007feffd50000 - 0x000007feffd58000 	C:\Windows\system32\NSI.dll
0x000007fef9ba0000 - 0x000007fef9bdb000 	C:\Windows\system32\WINMM.dll
0x0000000077c10000 - 0x0000000077c17000 	C:\Windows\system32\PSAPI.DLL
0x000007fefb4f0000 - 0x000007fefb507000 	C:\Windows\system32\VCRUNTIME140.dll
0x000007fefb5b0000 - 0x000007fefb5b4000 	C:\Windows\system32\api-ms-win-crt-runtime-l1-1-0.dll
0x000007fee8000000 - 0x000007fee80f2000 	C:\Windows\system32\ucrtbase.DLL
0x000007fefb5e0000 - 0x000007fefb5e3000 	C:\Windows\system32\api-ms-win-core-timezone-l1-1-0.dll
0x000007fefb5a0000 - 0x000007fefb5a3000 	C:\Windows\system32\api-ms-win-core-file-l2-1-0.dll
0x000007fefb590000 - 0x000007fefb593000 	C:\Windows\system32\api-ms-win-core-localization-l1-2-0.dll
0x000007fef9890000 - 0x000007fef9893000 	C:\Windows\system32\api-ms-win-core-synch-l1-2-0.dll
0x000007fef9cd0000 - 0x000007fef9cd3000 	C:\Windows\system32\api-ms-win-core-processthreads-l1-1-1.dll
0x000007fefaf30000 - 0x000007fefaf33000 	C:\Windows\system32\api-ms-win-core-file-l1-2-0.dll
0x000007fef5020000 - 0x000007fef5024000 	C:\Windows\system32\api-ms-win-crt-string-l1-1-0.dll
0x000007fef5030000 - 0x000007fef5033000 	C:\Windows\system32\api-ms-win-crt-heap-l1-1-0.dll
0x000007fef4fb0000 - 0x000007fef4fb4000 	C:\Windows\system32\api-ms-win-crt-stdio-l1-1-0.dll
0x000007fef4ff0000 - 0x000007fef4ff4000 	C:\Windows\system32\api-ms-win-crt-convert-l1-1-0.dll
0x000007fef4f90000 - 0x000007fef4f93000 	C:\Windows\system32\api-ms-win-crt-environment-l1-1-0.dll
0x000007fef4fa0000 - 0x000007fef4fa5000 	C:\Windows\system32\api-ms-win-crt-math-l1-1-0.dll
0x000007fef4f40000 - 0x000007fef4f43000 	C:\Windows\system32\api-ms-win-crt-utility-l1-1-0.dll
0x000007fef4f80000 - 0x000007fef4f83000 	C:\Windows\system32\api-ms-win-crt-filesystem-l1-1-0.dll
0x000007fef4f20000 - 0x000007fef4f23000 	C:\Windows\system32\api-ms-win-crt-time-l1-1-0.dll
0x000007fef4f30000 - 0x000007fef4f40000 	C:\Program Files\Java\jre1.8.0_271\bin\verify.dll
0x000007fef4a60000 - 0x000007fef4a8b000 	C:\Program Files\Java\jre1.8.0_271\bin\java.dll
0x000007fef4f10000 - 0x000007fef4f13000 	C:\Windows\system32\api-ms-win-crt-locale-l1-1-0.dll
0x000007fef4ef0000 - 0x000007fef4f08000 	C:\Program Files\Java\jre1.8.0_271\bin\zip.dll
0x000007fefed20000 - 0x000007feffaa8000 	C:\Windows\system32\SHELL32.dll
0x000007fefd9a0000 - 0x000007fefd9af000 	C:\Windows\system32\profapi.dll
0x000007fefd270000 - 0x000007fefd287000 	C:\Windows\system32\CRYPTSP.dll
0x000007fefcf70000 - 0x000007fefcfb7000 	C:\Windows\system32\rsaenh.dll
0x000007fefccf0000 - 0x000007fefcd0e000 	C:\Windows\system32\USERENV.dll
0x000007fef5000000 - 0x000007fef501c000 	C:\Program Files\Java\jre1.8.0_271\bin\net.dll
0x000007fefd210000 - 0x000007fefd265000 	C:\Windows\system32\mswsock.dll
0x000007fefd200000 - 0x000007fefd207000 	C:\Windows\System32\wship6.dll
0x000007fefb650000 - 0x000007fefb677000 	C:\Windows\system32\IPHLPAPI.DLL
0x000007fefb640000 - 0x000007fefb64b000 	C:\Windows\system32\WINNSI.DLL
0x000007feface0000 - 0x000007fefacf8000 	C:\Windows\system32\dhcpcsvc.DLL
0x000007fefaca0000 - 0x000007fefacb1000 	C:\Windows\system32\dhcpcsvc6.DLL
0x000007fef4a40000 - 0x000007fef4a53000 	C:\Program Files\Java\jre1.8.0_271\bin\nio.dll
0x000000001d040000 - 0x000000001d0e7000 	C:\Users\Susmita\eclipse-java-neon-3-win32-x86_64\eclipse\configuration\org.eclipse.osgi\390\0\.cp\swt-win32-4629.dll
0x000007fefe090000 - 0x000007fefe127000 	C:\Windows\system32\comdlg32.dll
0x000007fefb680000 - 0x000007fefb6f1000 	C:\Windows\system32\WINSPOOL.DRV
0x000007fefdf60000 - 0x000007fefe08a000 	C:\Windows\system32\WININET.dll
0x000007fefdde0000 - 0x000007fefdf58000 	C:\Windows\system32\urlmon.dll
0x000007fefdb50000 - 0x000007fefdcb7000 	C:\Windows\system32\CRYPT32.dll
0x000007fefda40000 - 0x000007fefda4f000 	C:\Windows\system32\MSASN1.dll
0x000007fefe210000 - 0x000007fefe469000 	C:\Windows\system32\iertutil.dll
0x000007fefca90000 - 0x000007fefcaa8000 	C:\Windows\system32\dwmapi.dll
0x000007fefc6c0000 - 0x000007fefc7ec000 	C:\Windows\system32\propsys.dll
0x000007fef98a0000 - 0x000007fef98ac000 	C:\Windows\system32\LINKINFO.dll
0x000000001d160000 - 0x000000001d17e000 	C:\Users\Susmita\eclipse-java-neon-3-win32-x86_64\eclipse\configuration\org.eclipse.osgi\390\0\.cp\swt-gdip-win32-4629.dll
0x000007fefbed0000 - 0x000007fefc0e5000 	C:\Windows\WinSxS\amd64_microsoft.windows.gdiplus_6595b64144ccf1df_1.1.7601.17514_none_2b24536c71ed437a\gdiplus.dll
0x000007fefb7e0000 - 0x000007fefb90a000 	C:\Windows\system32\WindowsCodecs.dll
0x000007fefb2a0000 - 0x000007fefb2f4000 	C:\Windows\system32\oleacc.dll
0x000007fef4250000 - 0x000007fef428b000 	C:\Windows\system32\mlang.dll
0x0000000180000000 - 0x0000000180012000 	C:\Users\Susmita\eclipse-java-neon-3-win32-x86_64\eclipse\configuration\org.eclipse.osgi\80\0\.cp\os\win32\x86_64\localfile_1_0_0.dll
0x000007fefbb70000 - 0x000007fefbb85000 	C:\Windows\system32\NLAapi.dll
0x000007fef83a0000 - 0x000007fef83b5000 	C:\Windows\system32\napinsp.dll
0x000007fef8380000 - 0x000007fef8399000 	C:\Windows\system32\pnrpnsp.dll
0x000007fefd090000 - 0x000007fefd0eb000 	C:\Windows\system32\DNSAPI.dll
0x000007fef8370000 - 0x000007fef837b000 	C:\Windows\System32\winrnr.dll
0x000007fefcbd0000 - 0x000007fefcbd7000 	C:\Windows\System32\wshtcpip.dll
0x000007fef9ce0000 - 0x000007fef9ce8000 	C:\Windows\system32\rasadhlp.dll
0x000007fefaf60000 - 0x000007fefafb3000 	C:\Windows\System32\fwpuclnt.dll
0x000007fef4a00000 - 0x000007fef4a11000 	C:\Users\Susmita\eclipse-java-neon-3-win32-x86_64\eclipse\configuration\org.eclipse.osgi\83\0\.cp\jWinHttp-1.0.0.dll
0x000007fefa1e0000 - 0x000007fefa251000 	C:\Windows\system32\WINHTTP.dll
0x000007fef9da0000 - 0x000007fef9e04000 	C:\Windows\system32\webio.dll
0x000007fefd840000 - 0x000007fefd865000 	C:\Windows\system32\SspiCli.dll
0x000007fefce40000 - 0x000007fefce4a000 	C:\Windows\system32\credssp.dll
0x000007fefdb10000 - 0x000007fefdb46000 	C:\Windows\system32\CFGMGR32.dll
0x000007fef4d10000 - 0x000007fef4d17000 	C:\Windows\system32\msimg32.dll
0x000007fef47d0000 - 0x000007fef47f4000 	C:\Program Files\Java\jre1.8.0_271\bin\sunec.dll
0x000007fefd980000 - 0x000007fefd994000 	C:\Windows\system32\RpcRtRemote.dll
0x000007fefa4d0000 - 0x000007fefa69a000 	C:\Windows\system32\explorerframe.dll
0x000007fefbd80000 - 0x000007fefbdc3000 	C:\Windows\system32\DUser.dll
0x000007fefbdd0000 - 0x000007fefbec2000 	C:\Windows\system32\DUI70.dll
0x000007fefe570000 - 0x000007fefe747000 	C:\Windows\system32\SETUPAPI.dll
0x000007fefdaf0000 - 0x000007fefdb0a000 	C:\Windows\system32\DEVOBJ.dll
0x000007fefbd50000 - 0x000007fefbd7d000 	C:\Windows\system32\ntmarta.dll
0x000007fefeba0000 - 0x000007fefebf2000 	C:\Windows\system32\WLDAP32.dll
0x000007fefd870000 - 0x000007fefd8c7000 	C:\Windows\system32\apphelp.dll
0x000007fef9590000 - 0x000007fef9610000 	C:\Windows\system32\ntshrui.dll
0x000007fefd520000 - 0x000007fefd543000 	C:\Windows\system32\srvcli.dll
0x000007fef9610000 - 0x000007fef961f000 	C:\Windows\system32\cscapi.dll
0x000007fefb750000 - 0x000007fefb75b000 	C:\Windows\system32\slc.dll
0x000007fefb4a0000 - 0x000007fefb4ac000 	C:\Windows\system32\netutils.dll
0x000007fef4fe0000 - 0x000007fef4fed000 	C:\Program Files\Java\jre1.8.0_271\bin\sunmscapi.dll
0x000007fefd3f0000 - 0x000007fefd43e000 	C:\Windows\system32\ncrypt.dll
0x000007fefd3c0000 - 0x000007fefd3e2000 	C:\Windows\system32\bcrypt.dll
0x000007fef6730000 - 0x000007fef72e7000 	C:\Windows\System32\ieframe.dll
0x000007fefd8e0000 - 0x000007fefd971000 	C:\Windows\system32\SXS.DLL
0x000007fed8c80000 - 0x000007fed9518000 	C:\Windows\System32\mshtml.dll
0x000007fef7e10000 - 0x000007fef7e4b000 	C:\Windows\System32\msls31.dll
0x000007fee7f10000 - 0x000007fee7ff3000 	C:\Windows\System32\jscript.dll
0x000007fefc7f0000 - 0x000007fefc83b000 	C:\Windows\system32\MMDevAPI.DLL
0x000007fef62c0000 - 0x000007fef62fb000 	C:\Windows\system32\wdmaud.drv
0x0000000073800000 - 0x0000000073806000 	C:\Windows\system32\ksuser.dll
0x000007fefc6b0000 - 0x000007fefc6b9000 	C:\Windows\system32\AVRT.dll
0x000007fef4fd0000 - 0x000007fef4fde000 	C:\Windows\system32\msimtf.dll
0x000007fef6270000 - 0x000007fef62bf000 	C:\Windows\system32\AUDIOSES.DLL
0x000007fefb620000 - 0x000007fefb62a000 	C:\Windows\system32\msacm32.drv
0x000007fef6250000 - 0x000007fef6268000 	C:\Windows\system32\MSACM32.dll
0x000007fefb140000 - 0x000007fefb149000 	C:\Windows\system32\midimap.dll

VM Arguments:
jvm_args: -Dosgi.requiredJavaVersion=1.8 -XX:+UseG1GC -XX:+UseStringDeduplication -Dosgi.requiredJavaVersion=1.8 -Xms256m -Xmx1024m 
java_command: <unknown>
java_class_path (initial): C:\Users\Susmita\eclipse-java-neon-3-win32-x86_64\eclipse\\plugins/org.eclipse.equinox.launcher_1.3.201.v20161025-1711.jar
Launcher Type: generic

Environment Variables:
JAVA_HOME=C:\Program Files\Java\jdk1.8.0_271
PATH=C:/Program Files/Java/jre1.8.0_271/bin/server;C:/Program Files/Java/jre1.8.0_271/bin;C:/Program Files/Java/jre1.8.0_271/lib/amd64;C:\oraclexe\app\oracle\product\11.2.0\server\bin;C:\Program Files (x86)\Common Files\Oracle\Java\javapath;C:\Windows\system32;C:\Windows;C:\Windows\System32\Wbem;C:\Windows\System32\WindowsPowerShell\v1.0\;C:\Program Files\Java\jdk1.8.0_271\bin;C:\Users\Susmita\apache-maven-3.8.1-bin\apache-maven-3.8.1\bin;C:\Users\Susmita\git\cmd;C:\Users\Susmita\eclipse-java-neon-3-win32-x86_64\eclipse;
USERNAME=hp
OS=Windows_NT
PROCESSOR_IDENTIFIER=Intel64 Family 6 Model 42 Stepping 7, GenuineIntel



---------------  S Y S T E M  ---------------

OS: Windows 7 , 64 bit Build 7601 (6.1.7601.17514)

CPU:total 4 (initial active 4) (2 cores per cpu, 2 threads per core) family 6 model 42 stepping 7, cmov, cx8, fxsr, mmx, sse, sse2, sse3, ssse3, sse4.1, sse4.2, popcnt, avx, clmul, ht, tsc, tscinvbit

Memory: 4k page, physical 2043760k(78652k free), swap 8146148k(58032k free)

vm_info: Java HotSpot(TM) 64-Bit Server VM (25.271-b09) for windows-amd64 JRE (1.8.0_271-b09), built on Sep 16 2020 19:14:59 by "" with MS VC++ 15.9 (VS2017)

time: Mon Sep  6 02:31:48 2021
timezone: India Standard Time
elapsed time: 2579.054940 seconds (0d 0h 42m 59s)

