#
# There is insufficient memory for the Java Runtime Environment to continue.
# Native memory allocation (malloc) failed to allocate 32744 bytes for ChunkPool::allocate
# Possible reasons:
#   The system is out of physical RAM or swap space
#   The process is running with CompressedOops enabled, and the Java Heap may be blocking the growth of the native heap
# Possible solutions:
#   Reduce memory load on the system
#   Increase physical memory or swap space
#   Check if swap backing store is full
#   Decrease Java heap size (-Xmx/-Xms)
#   Decrease number of Java threads
#   Decrease Java thread stack sizes (-Xss)
#   Set larger code cache with -XX:ReservedCodeCacheSize=
#   JVM is running with Unscaled Compressed Oops mode in which the Java heap is
#     placed in the first 4GB address space. The Java Heap base address is the
#     maximum limit for the native heap growth. Please use -XX:HeapBaseMinAddress
#     to set the Java Heap base and to place the Java Heap above 4GB virtual address.
# This output file may be truncated or incomplete.
#
#  Out of Memory Error (allocation.cpp:272), pid=4084, tid=0x000000000000042c
#
# JRE version: Java(TM) SE Runtime Environment (8.0_271-b09) (build 1.8.0_271-b09)
# Java VM: Java HotSpot(TM) 64-Bit Server VM (25.271-b09 mixed mode windows-amd64 compressed oops)
# Failed to write core dump. Minidumps are not enabled by default on client versions of Windows
#

---------------  T H R E A D  ---------------

Current thread (0x0000000018608000):  JavaThread "C2 CompilerThread1" daemon [_thread_in_native, id=1068, stack(0x00000000190c0000,0x00000000191c0000)]

Stack: [0x00000000190c0000,0x00000000191c0000]
Native frames: (J=compiled Java code, j=interpreted, Vv=VM code, C=native code)
V  [jvm.dll+0x33f6c9]


Current CompileTask:
C2:237603633 17462       4       org.eclipse.emf.ecore.impl.EClassImpl::getEAllAttributes (262 bytes)


---------------  P R O C E S S  ---------------

Java Threads: ( => current thread )
  0x000000001d3f8000 JavaThread "Process monitor" daemon [_thread_in_native, id=1236, stack(0x000000002caf0000,0x000000002cbf0000)]
  0x000000001d3f7800 JavaThread "Input Stream Monitor" daemon [_thread_blocked, id=1460, stack(0x000000002c9f0000,0x000000002caf0000)]
  0x000000001d3f3000 JavaThread "Output Stream Monitor" daemon [_thread_in_native, id=4920, stack(0x000000002c8f0000,0x000000002c9f0000)]
  0x000000001d3f6000 JavaThread "Output Stream Monitor" daemon [_thread_in_native, id=4580, stack(0x000000002b1f0000,0x000000002b2f0000)]
  0x0000000019e47000 JavaThread "Worker-135" [_thread_blocked, id=4312, stack(0x0000000028fc0000,0x00000000290c0000)]
  0x0000000019e45800 JavaThread "Worker-134" [_thread_blocked, id=2516, stack(0x0000000025a20000,0x0000000025b20000)]
  0x000000001d3f4800 JavaThread "Worker-132" [_thread_blocked, id=4780, stack(0x000000002c2f0000,0x000000002c3f0000)]
  0x000000001d3f1800 JavaThread "Recommenders-Timeout-Manager" [_thread_blocked, id=1820, stack(0x000000002bb40000,0x000000002bc40000)]
  0x000000001d3f3800 JavaThread "Timer-0" daemon [_thread_blocked, id=2056, stack(0x000000002c5f0000,0x000000002c6f0000)]
  0x0000000019a05800 JavaThread "com.google.inject.internal.util.$Finalizer" daemon [_thread_blocked, id=1688, stack(0x000000002bff0000,0x000000002c0f0000)]
  0x000000001ce14000 JavaThread "org.eclipse.jdt.internal.ui.text.JavaReconciler" daemon [_thread_blocked, id=1172, stack(0x000000002aff0000,0x000000002b0f0000)]
  0x000000001873b800 JavaThread "Worker-125" [_thread_blocked, id=3744, stack(0x0000000025c00000,0x0000000025d00000)]
  0x000000001ce11800 JavaThread "org.eclipse.jdt.internal.ui.text.JavaReconciler" daemon [_thread_blocked, id=4648, stack(0x0000000028250000,0x0000000028350000)]
  0x000000001873e800 JavaThread "Provisioning Event Dispatcher" daemon [_thread_blocked, id=4020, stack(0x0000000029640000,0x0000000029740000)]
  0x0000000019a05000 JavaThread "Thread-8" [_thread_blocked, id=1180, stack(0x0000000028350000,0x0000000028450000)]
  0x0000000019e45000 JavaThread "EventAdmin Async Event Dispatcher Thread" daemon [_thread_blocked, id=1788, stack(0x0000000025920000,0x0000000025a20000)]
  0x0000000019e42000 JavaThread "Java indexing" daemon [_thread_blocked, id=3584, stack(0x00000000240e0000,0x00000000241e0000)]
  0x0000000019e40800 JavaThread "Bundle File Closer" daemon [_thread_blocked, id=2068, stack(0x0000000022e00000,0x0000000022f00000)]
  0x000000001d261800 JavaThread "[ThreadPool Manager] - Idle Thread" daemon [_thread_blocked, id=2828, stack(0x0000000022900000,0x0000000022a00000)]
  0x000000001a3bf800 JavaThread "EMF Reference Cleaner" daemon [_thread_blocked, id=2524, stack(0x000000001b8d0000,0x000000001b9d0000)]
  0x0000000019b08000 JavaThread "Worker-JM" [_thread_blocked, id=2212, stack(0x000000001b7d0000,0x000000001b8d0000)]
  0x000000001a073800 JavaThread "[Timer] - Main Queue Handler" daemon [_thread_blocked, id=4008, stack(0x000000001b410000,0x000000001b510000)]
  0x000000001a4a3800 JavaThread "Start Level: Equinox Container: 9ec2e50f-4d43-4601-99a2-ebc6a537c126" daemon [_thread_blocked, id=3224, stack(0x000000001b010000,0x000000001b110000)]
  0x0000000019e9f800 JavaThread "Framework Event Dispatcher: org.eclipse.osgi.internal.framework.EquinoxEventPublisher@7b02e036" daemon [_thread_blocked, id=1700, stack(0x000000001af10000,0x000000001b010000)]
  0x00000000196f7800 JavaThread "Active Thread: Equinox Container: 9ec2e50f-4d43-4601-99a2-ebc6a537c126" [_thread_blocked, id=3232, stack(0x000000001ae10000,0x000000001af10000)]
  0x000000001866f000 JavaThread "Service Thread" daemon [_thread_blocked, id=936, stack(0x00000000192c0000,0x00000000193c0000)]
  0x000000001860b000 JavaThread "C1 CompilerThread2" daemon [_thread_blocked, id=2960, stack(0x00000000191c0000,0x00000000192c0000)]
=>0x0000000018608000 JavaThread "C2 CompilerThread1" daemon [_thread_in_native, id=1068, stack(0x00000000190c0000,0x00000000191c0000)]
  0x0000000018601000 JavaThread "C2 CompilerThread0" daemon [_thread_blocked, id=1896, stack(0x0000000018fc0000,0x00000000190c0000)]
  0x0000000018600000 JavaThread "Attach Listener" daemon [_thread_blocked, id=3108, stack(0x0000000018ec0000,0x0000000018fc0000)]
  0x00000000185fb000 JavaThread "Signal Dispatcher" daemon [_thread_blocked, id=2652, stack(0x0000000018dc0000,0x0000000018ec0000)]
  0x00000000185fa000 JavaThread "Surrogate Locker Thread (Concurrent GC)" daemon [_thread_blocked, id=4040, stack(0x0000000018cc0000,0x0000000018dc0000)]
  0x00000000185df800 JavaThread "Finalizer" daemon [_thread_blocked, id=3376, stack(0x0000000018b00000,0x0000000018c00000)]
  0x00000000185d6800 JavaThread "Reference Handler" daemon [_thread_blocked, id=2384, stack(0x0000000018a00000,0x0000000018b00000)]
  0x000000000021f000 JavaThread "main" [_thread_in_native, id=3200, stack(0x0000000000030000,0x0000000000130000)]

Other Threads:
  0x00000000185d1800 VMThread [stack: 0x0000000018900000,0x0000000018a00000] [id=3324]
  0x0000000018696000 WatcherThread [stack: 0x00000000193c0000,0x00000000194c0000] [id=216]

VM state:not at safepoint (normal execution)

VM Mutex/Monitor currently owned by a thread: None

heap address: 0x00000000c0000000, size: 1024 MB, Compressed Oops mode: 32-bit
Narrow klass base: 0x0000000000000000, Narrow klass shift: 3
Compressed class space size: 1073741824 Address: 0x0000000100000000

Heap:
 garbage-first heap   total 262144K, used 115712K [0x00000000c0000000, 0x00000000c0100800, 0x0000000100000000)
  region size 1024K, 51 young (52224K), 15 survivors (15360K)
 Metaspace       used 111492K, capacity 121254K, committed 121472K, reserved 1155072K
  class space    used 13585K, capacity 16473K, committed 16512K, reserved 1048576K

Heap Regions: (Y=young(eden), SU=young(survivor), HS=humongous(starts), HC=humongous(continues), CS=collection set, F=free, TS=gc time stamp, PTAMS=previous top-at-mark-start, NTAMS=next top-at-mark-start)
AC   0  O    TS     0 PTAMS 0x00000000c0100000 NTAMS 0x00000000c0100000 space 1024K, 100% used [0x00000000c0000000, 0x00000000c0100000)
AC   0  O    TS     0 PTAMS 0x00000000c0200000 NTAMS 0x00000000c0200000 space 1024K, 100% used [0x00000000c0100000, 0x00000000c0200000)
AC   0  O    TS     0 PTAMS 0x00000000c0300000 NTAMS 0x00000000c0300000 space 1024K, 100% used [0x00000000c0200000, 0x00000000c0300000)
AC   0  O    TS     0 PTAMS 0x00000000c0400000 NTAMS 0x00000000c0400000 space 1024K, 100% used [0x00000000c0300000, 0x00000000c0400000)
AC   0  O    TS     0 PTAMS 0x00000000c0500000 NTAMS 0x00000000c0500000 space 1024K, 100% used [0x00000000c0400000, 0x00000000c0500000)
AC   0  O    TS     0 PTAMS 0x00000000c0600000 NTAMS 0x00000000c0600000 space 1024K, 100% used [0x00000000c0500000, 0x00000000c0600000)
AC   0  O    TS     3 PTAMS 0x00000000c0600000 NTAMS 0x00000000c0600000 space 1024K, 100% used [0x00000000c0600000, 0x00000000c0700000)
AC   0  O    TS     0 PTAMS 0x00000000c0800000 NTAMS 0x00000000c0800000 space 1024K, 100% used [0x00000000c0700000, 0x00000000c0800000)
AC   0  F    TS     0 PTAMS 0x00000000c0800000 NTAMS 0x00000000c0800000 space 1024K,   0% used [0x00000000c0800000, 0x00000000c0900000)
AC   0  O    TS     0 PTAMS 0x00000000c0a00000 NTAMS 0x00000000c0a00000 space 1024K, 100% used [0x00000000c0900000, 0x00000000c0a00000)
AC   0  O    TS     0 PTAMS 0x00000000c0b00000 NTAMS 0x00000000c0b00000 space 1024K, 100% used [0x00000000c0a00000, 0x00000000c0b00000)
AC   0  O    TS     3 PTAMS 0x00000000c0b00000 NTAMS 0x00000000c0b00000 space 1024K, 100% used [0x00000000c0b00000, 0x00000000c0c00000)
AC   0  O    TS     0 PTAMS 0x00000000c0d00000 NTAMS 0x00000000c0d00000 space 1024K, 100% used [0x00000000c0c00000, 0x00000000c0d00000)
AC   0  O    TS     0 PTAMS 0x00000000c0e00000 NTAMS 0x00000000c0e00000 space 1024K, 100% used [0x00000000c0d00000, 0x00000000c0e00000)
AC   0  O    TS     0 PTAMS 0x00000000c0f00000 NTAMS 0x00000000c0f00000 space 1024K, 100% used [0x00000000c0e00000, 0x00000000c0f00000)
AC   0  O    TS     0 PTAMS 0x00000000c1000000 NTAMS 0x00000000c1000000 space 1024K, 100% used [0x00000000c0f00000, 0x00000000c1000000)
AC   0  O    TS     0 PTAMS 0x00000000c1100000 NTAMS 0x00000000c1100000 space 1024K, 100% used [0x00000000c1000000, 0x00000000c1100000)
AC   0  O    TS     0 PTAMS 0x00000000c1200000 NTAMS 0x00000000c1200000 space 1024K, 100% used [0x00000000c1100000, 0x00000000c1200000)
AC   0  O    TS     3 PTAMS 0x00000000c1200000 NTAMS 0x00000000c1200000 space 1024K, 100% used [0x00000000c1200000, 0x00000000c1300000)
AC   0  O    TS     0 PTAMS 0x00000000c1400000 NTAMS 0x00000000c1400000 space 1024K, 100% used [0x00000000c1300000, 0x00000000c1400000)
AC   0  O    TS     0 PTAMS 0x00000000c1500000 NTAMS 0x00000000c1500000 space 1024K, 100% used [0x00000000c1400000, 0x00000000c1500000)
AC   0  O    TS     0 PTAMS 0x00000000c1600000 NTAMS 0x00000000c1600000 space 1024K, 100% used [0x00000000c1500000, 0x00000000c1600000)
AC   0  O    TS     3 PTAMS 0x00000000c1600000 NTAMS 0x00000000c1600000 space 1024K, 100% used [0x00000000c1600000, 0x00000000c1700000)
AC   0  O    TS     5 PTAMS 0x00000000c1700000 NTAMS 0x00000000c1700000 space 1024K, 100% used [0x00000000c1700000, 0x00000000c1800000)
AC   0  O    TS     0 PTAMS 0x00000000c1900000 NTAMS 0x00000000c1900000 space 1024K, 100% used [0x00000000c1800000, 0x00000000c1900000)
AC   0  O    TS     3 PTAMS 0x00000000c1900000 NTAMS 0x00000000c1900000 space 1024K, 100% used [0x00000000c1900000, 0x00000000c1a00000)
AC   0  O    TS     0 PTAMS 0x00000000c1b00000 NTAMS 0x00000000c1b00000 space 1024K, 100% used [0x00000000c1a00000, 0x00000000c1b00000)
AC   0  O    TS     5 PTAMS 0x00000000c1b00000 NTAMS 0x00000000c1b00000 space 1024K, 100% used [0x00000000c1b00000, 0x00000000c1c00000)
AC   0  F    TS     0 PTAMS 0x00000000c1c00000 NTAMS 0x00000000c1c00000 space 1024K,   0% used [0x00000000c1c00000, 0x00000000c1d00000)
AC   0  O    TS     7 PTAMS 0x00000000c1d00000 NTAMS 0x00000000c1d00000 space 1024K, 100% used [0x00000000c1d00000, 0x00000000c1e00000)
AC   0  O    TS     7 PTAMS 0x00000000c1e00000 NTAMS 0x00000000c1e00000 space 1024K, 100% used [0x00000000c1e00000, 0x00000000c1f00000)
AC   0  O    TS     7 PTAMS 0x00000000c1f00000 NTAMS 0x00000000c1f00000 space 1024K, 100% used [0x00000000c1f00000, 0x00000000c2000000)
AC   0  O    TS     5 PTAMS 0x00000000c2000000 NTAMS 0x00000000c2000000 space 1024K, 100% used [0x00000000c2000000, 0x00000000c2100000)
AC   0  O    TS     7 PTAMS 0x00000000c2100000 NTAMS 0x00000000c2100000 space 1024K, 100% used [0x00000000c2100000, 0x00000000c2200000)
AC   0  O    TS     7 PTAMS 0x00000000c2200000 NTAMS 0x00000000c2200000 space 1024K, 100% used [0x00000000c2200000, 0x00000000c2300000)
AC   0  O    TS     0 PTAMS 0x00000000c2400000 NTAMS 0x00000000c2400000 space 1024K, 100% used [0x00000000c2300000, 0x00000000c2400000)
AC   0  F    TS     0 PTAMS 0x00000000c2400000 NTAMS 0x00000000c2400000 space 1024K,   0% used [0x00000000c2400000, 0x00000000c2500000)
AC   0  F    TS     0 PTAMS 0x00000000c2500000 NTAMS 0x00000000c2500000 space 1024K,   0% used [0x00000000c2500000, 0x00000000c2600000)
AC   0  F    TS     0 PTAMS 0x00000000c2600000 NTAMS 0x00000000c2600000 space 1024K,   0% used [0x00000000c2600000, 0x00000000c2700000)
AC   0  F    TS     0 PTAMS 0x00000000c2700000 NTAMS 0x00000000c2700000 space 1024K,   0% used [0x00000000c2700000, 0x00000000c2800000)
AC   0  F    TS     0 PTAMS 0x00000000c2800000 NTAMS 0x00000000c2800000 space 1024K,   0% used [0x00000000c2800000, 0x00000000c2900000)
AC   0  F    TS     0 PTAMS 0x00000000c2900000 NTAMS 0x00000000c2900000 space 1024K,   0% used [0x00000000c2900000, 0x00000000c2a00000)
AC   0 HS    TS     0 PTAMS 0x00000000c2a80010 NTAMS 0x00000000c2a80010 space 1024K,  50% used [0x00000000c2a00000, 0x00000000c2b00000)
AC   0  O    TS     0 PTAMS 0x00000000c2c00000 NTAMS 0x00000000c2c00000 space 1024K, 100% used [0x00000000c2b00000, 0x00000000c2c00000)
AC   0  O    TS     0 PTAMS 0x00000000c2d00000 NTAMS 0x00000000c2d00000 space 1024K, 100% used [0x00000000c2c00000, 0x00000000c2d00000)
AC   0  O    TS     0 PTAMS 0x00000000c2e00000 NTAMS 0x00000000c2e00000 space 1024K, 100% used [0x00000000c2d00000, 0x00000000c2e00000)
AC   0  O    TS     0 PTAMS 0x00000000c2f00000 NTAMS 0x00000000c2f00000 space 1024K, 100% used [0x00000000c2e00000, 0x00000000c2f00000)
AC   0  O    TS     0 PTAMS 0x00000000c3000000 NTAMS 0x00000000c3000000 space 1024K, 100% used [0x00000000c2f00000, 0x00000000c3000000)
AC   0  F    TS     0 PTAMS 0x00000000c3000000 NTAMS 0x00000000c3000000 space 1024K,   0% used [0x00000000c3000000, 0x00000000c3100000)
AC   0  O    TS     0 PTAMS 0x00000000c3200000 NTAMS 0x00000000c3200000 space 1024K, 100% used [0x00000000c3100000, 0x00000000c3200000)
AC   0  O    TS     0 PTAMS 0x00000000c3300000 NTAMS 0x00000000c3300000 space 1024K, 100% used [0x00000000c3200000, 0x00000000c3300000)
AC   0  O    TS     0 PTAMS 0x00000000c3400000 NTAMS 0x00000000c3400000 space 1024K, 100% used [0x00000000c3300000, 0x00000000c3400000)
AC   0  F    TS     0 PTAMS 0x00000000c3400000 NTAMS 0x00000000c3400000 space 1024K,   0% used [0x00000000c3400000, 0x00000000c3500000)
AC   0  F    TS     0 PTAMS 0x00000000c3500000 NTAMS 0x00000000c3500000 space 1024K,   0% used [0x00000000c3500000, 0x00000000c3600000)
AC   0  F    TS     0 PTAMS 0x00000000c3600000 NTAMS 0x00000000c3600000 space 1024K,   0% used [0x00000000c3600000, 0x00000000c3700000)
AC   0  F    TS     0 PTAMS 0x00000000c3700000 NTAMS 0x00000000c3700000 space 1024K,   0% used [0x00000000c3700000, 0x00000000c3800000)
AC   0  F    TS     0 PTAMS 0x00000000c3800000 NTAMS 0x00000000c3800000 space 1024K,   0% used [0x00000000c3800000, 0x00000000c3900000)
AC   0  F    TS     0 PTAMS 0x00000000c3900000 NTAMS 0x00000000c3900000 space 1024K,   0% used [0x00000000c3900000, 0x00000000c3a00000)
AC   0  F    TS     0 PTAMS 0x00000000c3a00000 NTAMS 0x00000000c3a00000 space 1024K,   0% used [0x00000000c3a00000, 0x00000000c3b00000)
AC   0  F    TS     0 PTAMS 0x00000000c3b00000 NTAMS 0x00000000c3b00000 space 1024K,   0% used [0x00000000c3b00000, 0x00000000c3c00000)
AC   0  F    TS     0 PTAMS 0x00000000c3c00000 NTAMS 0x00000000c3c00000 space 1024K,   0% used [0x00000000c3c00000, 0x00000000c3d00000)
AC   0  F    TS     0 PTAMS 0x00000000c3d00000 NTAMS 0x00000000c3d00000 space 1024K,   0% used [0x00000000c3d00000, 0x00000000c3e00000)
AC   0  F    TS     0 PTAMS 0x00000000c3e00000 NTAMS 0x00000000c3e00000 space 1024K,   0% used [0x00000000c3e00000, 0x00000000c3f00000)
AC   0  F    TS     0 PTAMS 0x00000000c3f00000 NTAMS 0x00000000c3f00000 space 1024K,   0% used [0x00000000c3f00000, 0x00000000c4000000)
AC   0  F    TS    13 PTAMS 0x00000000c4000000 NTAMS 0x00000000c4000000 space 1024K,   0% used [0x00000000c4000000, 0x00000000c4100000)
AC   0  F    TS    13 PTAMS 0x00000000c4100000 NTAMS 0x00000000c4100000 space 1024K,   0% used [0x00000000c4100000, 0x00000000c4200000)
AC   0  F    TS    13 PTAMS 0x00000000c4200000 NTAMS 0x00000000c4200000 space 1024K,   0% used [0x00000000c4200000, 0x00000000c4300000)
AC   0  F    TS    13 PTAMS 0x00000000c4300000 NTAMS 0x00000000c4300000 space 1024K,   0% used [0x00000000c4300000, 0x00000000c4400000)
AC   0  F    TS    13 PTAMS 0x00000000c4400000 NTAMS 0x00000000c4400000 space 1024K,   0% used [0x00000000c4400000, 0x00000000c4500000)
AC   0  F    TS    13 PTAMS 0x00000000c4500000 NTAMS 0x00000000c4500000 space 1024K,   0% used [0x00000000c4500000, 0x00000000c4600000)
AC   0  F    TS    13 PTAMS 0x00000000c4600000 NTAMS 0x00000000c4600000 space 1024K,   0% used [0x00000000c4600000, 0x00000000c4700000)
AC   0  F    TS    13 PTAMS 0x00000000c4700000 NTAMS 0x00000000c4700000 space 1024K,   0% used [0x00000000c4700000, 0x00000000c4800000)
AC   0  F    TS    13 PTAMS 0x00000000c4800000 NTAMS 0x00000000c4800000 space 1024K,   0% used [0x00000000c4800000, 0x00000000c4900000)
AC   0  O    TS     0 PTAMS 0x00000000c4a00000 NTAMS 0x00000000c4a00000 space 1024K, 100% used [0x00000000c4900000, 0x00000000c4a00000)
AC   0  F    TS    13 PTAMS 0x00000000c4a00000 NTAMS 0x00000000c4a00000 space 1024K,   0% used [0x00000000c4a00000, 0x00000000c4b00000)
AC   0  F    TS    13 PTAMS 0x00000000c4b00000 NTAMS 0x00000000c4b00000 space 1024K,   0% used [0x00000000c4b00000, 0x00000000c4c00000)
AC   0  F    TS    13 PTAMS 0x00000000c4c00000 NTAMS 0x00000000c4c00000 space 1024K,   0% used [0x00000000c4c00000, 0x00000000c4d00000)
AC   0  F    TS    13 PTAMS 0x00000000c4d00000 NTAMS 0x00000000c4d00000 space 1024K,   0% used [0x00000000c4d00000, 0x00000000c4e00000)
AC   0  F    TS    13 PTAMS 0x00000000c4e00000 NTAMS 0x00000000c4e00000 space 1024K,   0% used [0x00000000c4e00000, 0x00000000c4f00000)
AC   0  F    TS    13 PTAMS 0x00000000c4f00000 NTAMS 0x00000000c4f00000 space 1024K,   0% used [0x00000000c4f00000, 0x00000000c5000000)
AC   0  O    TS     0 PTAMS 0x00000000c5100000 NTAMS 0x00000000c5100000 space 1024K, 100% used [0x00000000c5000000, 0x00000000c5100000)
AC   0  O    TS     0 PTAMS 0x00000000c5200000 NTAMS 0x00000000c5200000 space 1024K, 100% used [0x00000000c5100000, 0x00000000c5200000)
AC   0  O    TS     0 PTAMS 0x00000000c5300000 NTAMS 0x00000000c5300000 space 1024K, 100% used [0x00000000c5200000, 0x00000000c5300000)
AC   0  O    TS     0 PTAMS 0x00000000c5400000 NTAMS 0x00000000c5400000 space 1024K, 100% used [0x00000000c5300000, 0x00000000c5400000)
AC   0  O    TS     0 PTAMS 0x00000000c5500000 NTAMS 0x00000000c5500000 space 1024K, 100% used [0x00000000c5400000, 0x00000000c5500000)
AC   0  F    TS    13 PTAMS 0x00000000c5500000 NTAMS 0x00000000c5500000 space 1024K,   0% used [0x00000000c5500000, 0x00000000c5600000)
AC   0  F    TS    13 PTAMS 0x00000000c5600000 NTAMS 0x00000000c5600000 space 1024K,   0% used [0x00000000c5600000, 0x00000000c5700000)
AC   0  F    TS    13 PTAMS 0x00000000c5700000 NTAMS 0x00000000c5700000 space 1024K,   0% used [0x00000000c5700000, 0x00000000c5800000)
AC   0  F    TS    11 PTAMS 0x00000000c5800000 NTAMS 0x00000000c5800000 space 1024K,   0% used [0x00000000c5800000, 0x00000000c5900000)
AC   0  F    TS    11 PTAMS 0x00000000c5900000 NTAMS 0x00000000c5900000 space 1024K,   0% used [0x00000000c5900000, 0x00000000c5a00000)
AC   0  F    TS    11 PTAMS 0x00000000c5a00000 NTAMS 0x00000000c5a00000 space 1024K,   0% used [0x00000000c5a00000, 0x00000000c5b00000)
AC   0  F    TS    11 PTAMS 0x00000000c5b00000 NTAMS 0x00000000c5b00000 space 1024K,   0% used [0x00000000c5b00000, 0x00000000c5c00000)
AC   0  F    TS    11 PTAMS 0x00000000c5c00000 NTAMS 0x00000000c5c00000 space 1024K,   0% used [0x00000000c5c00000, 0x00000000c5d00000)
AC   0  F    TS    11 PTAMS 0x00000000c5d00000 NTAMS 0x00000000c5d00000 space 1024K,   0% used [0x00000000c5d00000, 0x00000000c5e00000)
AC   0  F    TS     0 PTAMS 0x00000000c5e00000 NTAMS 0x00000000c5e00000 space 1024K,   0% used [0x00000000c5e00000, 0x00000000c5f00000)
AC   0  F    TS     0 PTAMS 0x00000000c5f00000 NTAMS 0x00000000c5f00000 space 1024K,   0% used [0x00000000c5f00000, 0x00000000c6000000)
AC   0  S CS TS    15 PTAMS 0x00000000c6000000 NTAMS 0x00000000c6000000 space 1024K,  49% used [0x00000000c6000000, 0x00000000c6100000)
AC   0  S CS TS    15 PTAMS 0x00000000c6100000 NTAMS 0x00000000c6100000 space 1024K, 100% used [0x00000000c6100000, 0x00000000c6200000)
AC   0  S CS TS    15 PTAMS 0x00000000c6200000 NTAMS 0x00000000c6200000 space 1024K, 100% used [0x00000000c6200000, 0x00000000c6300000)
AC   0  O    TS     0 PTAMS 0x00000000c6400000 NTAMS 0x00000000c6400000 space 1024K, 100% used [0x00000000c6300000, 0x00000000c6400000)
AC   0  O    TS     0 PTAMS 0x00000000c6500000 NTAMS 0x00000000c6500000 space 1024K, 100% used [0x00000000c6400000, 0x00000000c6500000)
AC   0  S CS TS    15 PTAMS 0x00000000c6500000 NTAMS 0x00000000c6500000 space 1024K, 100% used [0x00000000c6500000, 0x00000000c6600000)
AC   0  O    TS     0 PTAMS 0x00000000c6700000 NTAMS 0x00000000c6700000 space 1024K, 100% used [0x00000000c6600000, 0x00000000c6700000)
AC   0  S CS TS    15 PTAMS 0x00000000c6700000 NTAMS 0x00000000c6700000 space 1024K, 100% used [0x00000000c6700000, 0x00000000c6800000)
AC   0  O    TS     0 PTAMS 0x00000000c6900000 NTAMS 0x00000000c6900000 space 1024K, 100% used [0x00000000c6800000, 0x00000000c6900000)
AC   0  O    TS     0 PTAMS 0x00000000c6a00000 NTAMS 0x00000000c6a00000 space 1024K, 100% used [0x00000000c6900000, 0x00000000c6a00000)
AC   0  O    TS     0 PTAMS 0x00000000c6b00000 NTAMS 0x00000000c6b00000 space 1024K, 100% used [0x00000000c6a00000, 0x00000000c6b00000)
AC   0  O    TS     0 PTAMS 0x00000000c6c00000 NTAMS 0x00000000c6c00000 space 1024K, 100% used [0x00000000c6b00000, 0x00000000c6c00000)
AC   0  O    TS     0 PTAMS 0x00000000c6d00000 NTAMS 0x00000000c6d00000 space 1024K, 100% used [0x00000000c6c00000, 0x00000000c6d00000)
AC   0  O    TS     0 PTAMS 0x00000000c6e00000 NTAMS 0x00000000c6e00000 space 1024K, 100% used [0x00000000c6d00000, 0x00000000c6e00000)
AC   0  O    TS     0 PTAMS 0x00000000c6f00000 NTAMS 0x00000000c6f00000 space 1024K, 100% used [0x00000000c6e00000, 0x00000000c6f00000)
AC   0  S CS TS    15 PTAMS 0x00000000c6f00000 NTAMS 0x00000000c6f00000 space 1024K, 100% used [0x00000000c6f00000, 0x00000000c7000000)
AC   0  O    TS     0 PTAMS 0x00000000c7100000 NTAMS 0x00000000c7100000 space 1024K, 100% used [0x00000000c7000000, 0x00000000c7100000)
AC   0  O    TS     0 PTAMS 0x00000000c7200000 NTAMS 0x00000000c7200000 space 1024K, 100% used [0x00000000c7100000, 0x00000000c7200000)
AC   0  O    TS     0 PTAMS 0x00000000c7300000 NTAMS 0x00000000c7300000 space 1024K, 100% used [0x00000000c7200000, 0x00000000c7300000)
AC   0  O    TS     0 PTAMS 0x00000000c7400000 NTAMS 0x00000000c7400000 space 1024K, 100% used [0x00000000c7300000, 0x00000000c7400000)
AC   0  S CS TS    15 PTAMS 0x00000000c7400000 NTAMS 0x00000000c7400000 space 1024K, 100% used [0x00000000c7400000, 0x00000000c7500000)
AC   0  S CS TS    15 PTAMS 0x00000000c7500000 NTAMS 0x00000000c7500000 space 1024K, 100% used [0x00000000c7500000, 0x00000000c7600000)
AC   0  S CS TS    15 PTAMS 0x00000000c7600000 NTAMS 0x00000000c7600000 space 1024K, 100% used [0x00000000c7600000, 0x00000000c7700000)
AC   0  S CS TS    15 PTAMS 0x00000000c7700000 NTAMS 0x00000000c7700000 space 1024K, 100% used [0x00000000c7700000, 0x00000000c7800000)
AC   0  S CS TS    15 PTAMS 0x00000000c7800000 NTAMS 0x00000000c7800000 space 1024K, 100% used [0x00000000c7800000, 0x00000000c7900000)
AC   0  S CS TS    15 PTAMS 0x00000000c7900000 NTAMS 0x00000000c7900000 space 1024K, 100% used [0x00000000c7900000, 0x00000000c7a00000)
AC   0  S CS TS    15 PTAMS 0x00000000c7a00000 NTAMS 0x00000000c7a00000 space 1024K, 100% used [0x00000000c7a00000, 0x00000000c7b00000)
AC   0  S CS TS    15 PTAMS 0x00000000c7b00000 NTAMS 0x00000000c7b00000 space 1024K, 100% used [0x00000000c7b00000, 0x00000000c7c00000)
AC   0  S CS TS    15 PTAMS 0x00000000c7c00000 NTAMS 0x00000000c7c00000 space 1024K, 100% used [0x00000000c7c00000, 0x00000000c7d00000)
AC   0  F    TS     0 PTAMS 0x00000000c7d00000 NTAMS 0x00000000c7d00000 space 1024K,   0% used [0x00000000c7d00000, 0x00000000c7e00000)
AC   0  F    TS     0 PTAMS 0x00000000c7e00000 NTAMS 0x00000000c7e00000 space 1024K,   0% used [0x00000000c7e00000, 0x00000000c7f00000)
AC   0  F    TS     0 PTAMS 0x00000000c7f00000 NTAMS 0x00000000c7f00000 space 1024K,   0% used [0x00000000c7f00000, 0x00000000c8000000)
AC   0  F    TS     0 PTAMS 0x00000000c8000000 NTAMS 0x00000000c8000000 space 1024K,   0% used [0x00000000c8000000, 0x00000000c8100000)
AC   0  F    TS     0 PTAMS 0x00000000c8100000 NTAMS 0x00000000c8100000 space 1024K,   0% used [0x00000000c8100000, 0x00000000c8200000)
AC   0  F    TS     0 PTAMS 0x00000000c8200000 NTAMS 0x00000000c8200000 space 1024K,   0% used [0x00000000c8200000, 0x00000000c8300000)
AC   0  F    TS     0 PTAMS 0x00000000c8300000 NTAMS 0x00000000c8300000 space 1024K,   0% used [0x00000000c8300000, 0x00000000c8400000)
AC   0  O    TS     0 PTAMS 0x00000000c8500000 NTAMS 0x00000000c8500000 space 1024K, 100% used [0x00000000c8400000, 0x00000000c8500000)
AC   0  F    TS     0 PTAMS 0x00000000c8500000 NTAMS 0x00000000c8500000 space 1024K,   0% used [0x00000000c8500000, 0x00000000c8600000)
AC   0  F    TS     0 PTAMS 0x00000000c8600000 NTAMS 0x00000000c8600000 space 1024K,   0% used [0x00000000c8600000, 0x00000000c8700000)
AC   0  F    TS     0 PTAMS 0x00000000c8700000 NTAMS 0x00000000c8700000 space 1024K,   0% used [0x00000000c8700000, 0x00000000c8800000)
AC   0  F    TS     0 PTAMS 0x00000000c8800000 NTAMS 0x00000000c8800000 space 1024K,   0% used [0x00000000c8800000, 0x00000000c8900000)
AC   0  F    TS     0 PTAMS 0x00000000c8900000 NTAMS 0x00000000c8900000 space 1024K,   0% used [0x00000000c8900000, 0x00000000c8a00000)
AC   0  F    TS     0 PTAMS 0x00000000c8a00000 NTAMS 0x00000000c8a00000 space 1024K,   0% used [0x00000000c8a00000, 0x00000000c8b00000)
AC   0  F    TS     0 PTAMS 0x00000000c8b00000 NTAMS 0x00000000c8b00000 space 1024K,   0% used [0x00000000c8b00000, 0x00000000c8c00000)
AC   0  F    TS     0 PTAMS 0x00000000c8c00000 NTAMS 0x00000000c8c00000 space 1024K,   0% used [0x00000000c8c00000, 0x00000000c8d00000)
AC   0  F    TS     0 PTAMS 0x00000000c8d00000 NTAMS 0x00000000c8d00000 space 1024K,   0% used [0x00000000c8d00000, 0x00000000c8e00000)
AC   0  F    TS     0 PTAMS 0x00000000c8e00000 NTAMS 0x00000000c8e00000 space 1024K,   0% used [0x00000000c8e00000, 0x00000000c8f00000)
AC   0  F    TS     0 PTAMS 0x00000000c8f00000 NTAMS 0x00000000c8f00000 space 1024K,   0% used [0x00000000c8f00000, 0x00000000c9000000)
AC   0  F    TS     0 PTAMS 0x00000000c9000000 NTAMS 0x00000000c9000000 space 1024K,   0% used [0x00000000c9000000, 0x00000000c9100000)
AC   0  F    TS     0 PTAMS 0x00000000c9100000 NTAMS 0x00000000c9100000 space 1024K,   0% used [0x00000000c9100000, 0x00000000c9200000)
AC   0  F    TS     0 PTAMS 0x00000000c9200000 NTAMS 0x00000000c9200000 space 1024K,   0% used [0x00000000c9200000, 0x00000000c9300000)
AC   0  F    TS     0 PTAMS 0x00000000c9300000 NTAMS 0x00000000c9300000 space 1024K,   0% used [0x00000000c9300000, 0x00000000c9400000)
AC   0  F    TS     0 PTAMS 0x00000000c9400000 NTAMS 0x00000000c9400000 space 1024K,   0% used [0x00000000c9400000, 0x00000000c9500000)
AC   0  F    TS     0 PTAMS 0x00000000c9500000 NTAMS 0x00000000c9500000 space 1024K,   0% used [0x00000000c9500000, 0x00000000c9600000)
AC   0  F    TS     0 PTAMS 0x00000000c9600000 NTAMS 0x00000000c9600000 space 1024K,   0% used [0x00000000c9600000, 0x00000000c9700000)
AC   0  F    TS     0 PTAMS 0x00000000c9700000 NTAMS 0x00000000c9700000 space 1024K,   0% used [0x00000000c9700000, 0x00000000c9800000)
AC   0  F    TS     0 PTAMS 0x00000000c9800000 NTAMS 0x00000000c9800000 space 1024K,   0% used [0x00000000c9800000, 0x00000000c9900000)
AC   0  F    TS     0 PTAMS 0x00000000c9900000 NTAMS 0x00000000c9900000 space 1024K,   0% used [0x00000000c9900000, 0x00000000c9a00000)
AC   0  F    TS     0 PTAMS 0x00000000c9a00000 NTAMS 0x00000000c9a00000 space 1024K,   0% used [0x00000000c9a00000, 0x00000000c9b00000)
AC   0  F    TS     0 PTAMS 0x00000000c9b00000 NTAMS 0x00000000c9b00000 space 1024K,   0% used [0x00000000c9b00000, 0x00000000c9c00000)
AC   0  F    TS     0 PTAMS 0x00000000c9c00000 NTAMS 0x00000000c9c00000 space 1024K,   0% used [0x00000000c9c00000, 0x00000000c9d00000)
AC   0  F    TS     0 PTAMS 0x00000000c9d00000 NTAMS 0x00000000c9d00000 space 1024K,   0% used [0x00000000c9d00000, 0x00000000c9e00000)
AC   0  F    TS     0 PTAMS 0x00000000c9e00000 NTAMS 0x00000000c9e00000 space 1024K,   0% used [0x00000000c9e00000, 0x00000000c9f00000)
AC   0  F    TS     1 PTAMS 0x00000000c9f00000 NTAMS 0x00000000c9f00000 space 1024K,   0% used [0x00000000c9f00000, 0x00000000ca000000)
AC   0  F    TS     1 PTAMS 0x00000000ca000000 NTAMS 0x00000000ca000000 space 1024K,   0% used [0x00000000ca000000, 0x00000000ca100000)
AC   0  F    TS     1 PTAMS 0x00000000ca100000 NTAMS 0x00000000ca100000 space 1024K,   0% used [0x00000000ca100000, 0x00000000ca200000)
AC   0  F    TS     1 PTAMS 0x00000000ca200000 NTAMS 0x00000000ca200000 space 1024K,   0% used [0x00000000ca200000, 0x00000000ca300000)
AC   0  F    TS     1 PTAMS 0x00000000ca300000 NTAMS 0x00000000ca300000 space 1024K,   0% used [0x00000000ca300000, 0x00000000ca400000)
AC   0  F    TS     0 PTAMS 0x00000000ca400000 NTAMS 0x00000000ca400000 space 1024K,   0% used [0x00000000ca400000, 0x00000000ca500000)
AC   0  F    TS     0 PTAMS 0x00000000ca500000 NTAMS 0x00000000ca500000 space 1024K,   0% used [0x00000000ca500000, 0x00000000ca600000)
AC   0  F    TS     0 PTAMS 0x00000000ca600000 NTAMS 0x00000000ca600000 space 1024K,   0% used [0x00000000ca600000, 0x00000000ca700000)
AC   0  F    TS     0 PTAMS 0x00000000ca700000 NTAMS 0x00000000ca700000 space 1024K,   0% used [0x00000000ca700000, 0x00000000ca800000)
AC   0  F    TS     0 PTAMS 0x00000000ca800000 NTAMS 0x00000000ca800000 space 1024K,   0% used [0x00000000ca800000, 0x00000000ca900000)
AC   0  F    TS     1 PTAMS 0x00000000ca900000 NTAMS 0x00000000ca900000 space 1024K,   0% used [0x00000000ca900000, 0x00000000caa00000)
AC   0  F    TS     1 PTAMS 0x00000000caa00000 NTAMS 0x00000000caa00000 space 1024K,   0% used [0x00000000caa00000, 0x00000000cab00000)
AC   0  F    TS     1 PTAMS 0x00000000cab00000 NTAMS 0x00000000cab00000 space 1024K,   0% used [0x00000000cab00000, 0x00000000cac00000)
AC   0  F    TS     1 PTAMS 0x00000000cac00000 NTAMS 0x00000000cac00000 space 1024K,   0% used [0x00000000cac00000, 0x00000000cad00000)
AC   0  F    TS     1 PTAMS 0x00000000cad00000 NTAMS 0x00000000cad00000 space 1024K,   0% used [0x00000000cad00000, 0x00000000cae00000)
AC   0  F    TS     0 PTAMS 0x00000000cae00000 NTAMS 0x00000000cae00000 space 1024K,   0% used [0x00000000cae00000, 0x00000000caf00000)
AC   0  F    TS     0 PTAMS 0x00000000caf00000 NTAMS 0x00000000caf00000 space 1024K,   0% used [0x00000000caf00000, 0x00000000cb000000)
AC   0  F    TS     0 PTAMS 0x00000000cb000000 NTAMS 0x00000000cb000000 space 1024K,   0% used [0x00000000cb000000, 0x00000000cb100000)
AC   0  F    TS     0 PTAMS 0x00000000cb100000 NTAMS 0x00000000cb100000 space 1024K,   0% used [0x00000000cb100000, 0x00000000cb200000)
AC   0  F    TS     0 PTAMS 0x00000000cb200000 NTAMS 0x00000000cb200000 space 1024K,   0% used [0x00000000cb200000, 0x00000000cb300000)
AC   0  F    TS     0 PTAMS 0x00000000cb300000 NTAMS 0x00000000cb300000 space 1024K,   0% used [0x00000000cb300000, 0x00000000cb400000)
AC   0  F    TS     0 PTAMS 0x00000000cb400000 NTAMS 0x00000000cb400000 space 1024K,   0% used [0x00000000cb400000, 0x00000000cb500000)
AC   0  F    TS     0 PTAMS 0x00000000cb500000 NTAMS 0x00000000cb500000 space 1024K,   0% used [0x00000000cb500000, 0x00000000cb600000)
AC   0  F    TS     0 PTAMS 0x00000000cb600000 NTAMS 0x00000000cb600000 space 1024K,   0% used [0x00000000cb600000, 0x00000000cb700000)
AC   0  F    TS     0 PTAMS 0x00000000cb700000 NTAMS 0x00000000cb700000 space 1024K,   0% used [0x00000000cb700000, 0x00000000cb800000)
AC   0  F    TS     0 PTAMS 0x00000000cb800000 NTAMS 0x00000000cb800000 space 1024K,   0% used [0x00000000cb800000, 0x00000000cb900000)
AC   0  F    TS     0 PTAMS 0x00000000cb900000 NTAMS 0x00000000cb900000 space 1024K,   0% used [0x00000000cb900000, 0x00000000cba00000)
AC   0  F    TS     0 PTAMS 0x00000000cba00000 NTAMS 0x00000000cba00000 space 1024K,   0% used [0x00000000cba00000, 0x00000000cbb00000)
AC   0  F    TS     0 PTAMS 0x00000000cbb00000 NTAMS 0x00000000cbb00000 space 1024K,   0% used [0x00000000cbb00000, 0x00000000cbc00000)
AC   0  F    TS     0 PTAMS 0x00000000cbc00000 NTAMS 0x00000000cbc00000 space 1024K,   0% used [0x00000000cbc00000, 0x00000000cbd00000)
AC   0  F    TS     0 PTAMS 0x00000000cbd00000 NTAMS 0x00000000cbd00000 space 1024K,   0% used [0x00000000cbd00000, 0x00000000cbe00000)
AC   0  F    TS     0 PTAMS 0x00000000cbe00000 NTAMS 0x00000000cbe00000 space 1024K,   0% used [0x00000000cbe00000, 0x00000000cbf00000)
AC   0  F    TS     0 PTAMS 0x00000000cbf00000 NTAMS 0x00000000cbf00000 space 1024K,   0% used [0x00000000cbf00000, 0x00000000cc000000)
AC   0  F    TS     0 PTAMS 0x00000000cc000000 NTAMS 0x00000000cc000000 space 1024K,   0% used [0x00000000cc000000, 0x00000000cc100000)
AC   0  F    TS     0 PTAMS 0x00000000cc100000 NTAMS 0x00000000cc100000 space 1024K,   0% used [0x00000000cc100000, 0x00000000cc200000)
AC   0  F    TS     0 PTAMS 0x00000000cc200000 NTAMS 0x00000000cc200000 space 1024K,   0% used [0x00000000cc200000, 0x00000000cc300000)
AC   0  F    TS     0 PTAMS 0x00000000cc300000 NTAMS 0x00000000cc300000 space 1024K,   0% used [0x00000000cc300000, 0x00000000cc400000)
AC   0  F    TS     0 PTAMS 0x00000000cc400000 NTAMS 0x00000000cc400000 space 1024K,   0% used [0x00000000cc400000, 0x00000000cc500000)
AC   0  F    TS     0 PTAMS 0x00000000cc500000 NTAMS 0x00000000cc500000 space 1024K,   0% used [0x00000000cc500000, 0x00000000cc600000)
AC   0  F    TS     0 PTAMS 0x00000000cc600000 NTAMS 0x00000000cc600000 space 1024K,   0% used [0x00000000cc600000, 0x00000000cc700000)
AC   0  F    TS     0 PTAMS 0x00000000cc700000 NTAMS 0x00000000cc700000 space 1024K,   0% used [0x00000000cc700000, 0x00000000cc800000)
AC   0  F    TS     0 PTAMS 0x00000000cc800000 NTAMS 0x00000000cc800000 space 1024K,   0% used [0x00000000cc800000, 0x00000000cc900000)
AC   0  F    TS     0 PTAMS 0x00000000cc900000 NTAMS 0x00000000cc900000 space 1024K,   0% used [0x00000000cc900000, 0x00000000cca00000)
AC   0  F    TS     0 PTAMS 0x00000000cca00000 NTAMS 0x00000000cca00000 space 1024K,   0% used [0x00000000cca00000, 0x00000000ccb00000)
AC   0  F    TS     0 PTAMS 0x00000000ccb00000 NTAMS 0x00000000ccb00000 space 1024K,   0% used [0x00000000ccb00000, 0x00000000ccc00000)
AC   0  F    TS     0 PTAMS 0x00000000ccc00000 NTAMS 0x00000000ccc00000 space 1024K,   0% used [0x00000000ccc00000, 0x00000000ccd00000)
AC   0  F    TS     0 PTAMS 0x00000000ccd00000 NTAMS 0x00000000ccd00000 space 1024K,   0% used [0x00000000ccd00000, 0x00000000cce00000)
AC   0  F    TS     0 PTAMS 0x00000000cce00000 NTAMS 0x00000000cce00000 space 1024K,   0% used [0x00000000cce00000, 0x00000000ccf00000)
AC   0  F    TS     0 PTAMS 0x00000000ccf00000 NTAMS 0x00000000ccf00000 space 1024K,   0% used [0x00000000ccf00000, 0x00000000cd000000)
AC   0  F    TS     0 PTAMS 0x00000000cd000000 NTAMS 0x00000000cd000000 space 1024K,   0% used [0x00000000cd000000, 0x00000000cd100000)
AC   0  F    TS     0 PTAMS 0x00000000cd100000 NTAMS 0x00000000cd100000 space 1024K,   0% used [0x00000000cd100000, 0x00000000cd200000)
AC   0  F    TS     0 PTAMS 0x00000000cd200000 NTAMS 0x00000000cd200000 space 1024K,   0% used [0x00000000cd200000, 0x00000000cd300000)
AC   0  F    TS     0 PTAMS 0x00000000cd300000 NTAMS 0x00000000cd300000 space 1024K,   0% used [0x00000000cd300000, 0x00000000cd400000)
AC   0  F    TS     0 PTAMS 0x00000000cd400000 NTAMS 0x00000000cd400000 space 1024K,   0% used [0x00000000cd400000, 0x00000000cd500000)
AC   0  F    TS     0 PTAMS 0x00000000cd500000 NTAMS 0x00000000cd500000 space 1024K,   0% used [0x00000000cd500000, 0x00000000cd600000)
AC   0  F    TS     0 PTAMS 0x00000000cd600000 NTAMS 0x00000000cd600000 space 1024K,   0% used [0x00000000cd600000, 0x00000000cd700000)
AC   0  F    TS     0 PTAMS 0x00000000cd700000 NTAMS 0x00000000cd700000 space 1024K,   0% used [0x00000000cd700000, 0x00000000cd800000)
AC   0  F    TS     0 PTAMS 0x00000000cd800000 NTAMS 0x00000000cd800000 space 1024K,   0% used [0x00000000cd800000, 0x00000000cd900000)
AC   0  F    TS     0 PTAMS 0x00000000cd900000 NTAMS 0x00000000cd900000 space 1024K,   0% used [0x00000000cd900000, 0x00000000cda00000)
AC   0  F    TS     0 PTAMS 0x00000000cda00000 NTAMS 0x00000000cda00000 space 1024K,   0% used [0x00000000cda00000, 0x00000000cdb00000)
AC   0  F    TS     0 PTAMS 0x00000000cdb00000 NTAMS 0x00000000cdb00000 space 1024K,   0% used [0x00000000cdb00000, 0x00000000cdc00000)
AC   0  E    TS     0 PTAMS 0x00000000cdc00000 NTAMS 0x00000000cdc00000 space 1024K,  78% used [0x00000000cdc00000, 0x00000000cdd00000)
AC   0  E CS TS     0 PTAMS 0x00000000cdd00000 NTAMS 0x00000000cdd00000 space 1024K, 100% used [0x00000000cdd00000, 0x00000000cde00000)
AC   0  E CS TS     0 PTAMS 0x00000000cde00000 NTAMS 0x00000000cde00000 space 1024K, 100% used [0x00000000cde00000, 0x00000000cdf00000)
AC   0  E CS TS     0 PTAMS 0x00000000cdf00000 NTAMS 0x00000000cdf00000 space 1024K, 100% used [0x00000000cdf00000, 0x00000000ce000000)
AC   0  E CS TS     0 PTAMS 0x00000000ce000000 NTAMS 0x00000000ce000000 space 1024K, 100% used [0x00000000ce000000, 0x00000000ce100000)
AC   0  E CS TS     0 PTAMS 0x00000000ce100000 NTAMS 0x00000000ce100000 space 1024K, 100% used [0x00000000ce100000, 0x00000000ce200000)
AC   0  E CS TS     0 PTAMS 0x00000000ce200000 NTAMS 0x00000000ce200000 space 1024K, 100% used [0x00000000ce200000, 0x00000000ce300000)
AC   0  E CS TS     0 PTAMS 0x00000000ce300000 NTAMS 0x00000000ce300000 space 1024K, 100% used [0x00000000ce300000, 0x00000000ce400000)
AC   0  E CS TS     0 PTAMS 0x00000000ce400000 NTAMS 0x00000000ce400000 space 1024K, 100% used [0x00000000ce400000, 0x00000000ce500000)
AC   0  E CS TS     0 PTAMS 0x00000000ce500000 NTAMS 0x00000000ce500000 space 1024K, 100% used [0x00000000ce500000, 0x00000000ce600000)
AC   0  E CS TS     0 PTAMS 0x00000000ce600000 NTAMS 0x00000000ce600000 space 1024K, 100% used [0x00000000ce600000, 0x00000000ce700000)
AC   0  E CS TS     0 PTAMS 0x00000000ce700000 NTAMS 0x00000000ce700000 space 1024K, 100% used [0x00000000ce700000, 0x00000000ce800000)
AC   0  E CS TS     0 PTAMS 0x00000000ce800000 NTAMS 0x00000000ce800000 space 1024K, 100% used [0x00000000ce800000, 0x00000000ce900000)
AC   0  E CS TS     0 PTAMS 0x00000000ce900000 NTAMS 0x00000000ce900000 space 1024K, 100% used [0x00000000ce900000, 0x00000000cea00000)
AC   0  E CS TS     0 PTAMS 0x00000000cea00000 NTAMS 0x00000000cea00000 space 1024K, 100% used [0x00000000cea00000, 0x00000000ceb00000)
AC   0  E CS TS     0 PTAMS 0x00000000ceb00000 NTAMS 0x00000000ceb00000 space 1024K, 100% used [0x00000000ceb00000, 0x00000000cec00000)
AC   0  E CS TS     0 PTAMS 0x00000000cec00000 NTAMS 0x00000000cec00000 space 1024K, 100% used [0x00000000cec00000, 0x00000000ced00000)
AC   0  E CS TS     0 PTAMS 0x00000000ced00000 NTAMS 0x00000000ced00000 space 1024K, 100% used [0x00000000ced00000, 0x00000000cee00000)
AC   0  E CS TS     0 PTAMS 0x00000000cee00000 NTAMS 0x00000000cee00000 space 1024K, 100% used [0x00000000cee00000, 0x00000000cef00000)
AC   0  E CS TS     0 PTAMS 0x00000000cef00000 NTAMS 0x00000000cef00000 space 1024K, 100% used [0x00000000cef00000, 0x00000000cf000000)
AC   0  E CS TS     0 PTAMS 0x00000000cf000000 NTAMS 0x00000000cf000000 space 1024K, 100% used [0x00000000cf000000, 0x00000000cf100000)
AC   0  E CS TS     0 PTAMS 0x00000000cf100000 NTAMS 0x00000000cf100000 space 1024K, 100% used [0x00000000cf100000, 0x00000000cf200000)
AC   0  E CS TS     5 PTAMS 0x00000000cf200000 NTAMS 0x00000000cf200000 space 1024K, 100% used [0x00000000cf200000, 0x00000000cf300000)
AC   0  E CS TS     5 PTAMS 0x00000000cf300000 NTAMS 0x00000000cf300000 space 1024K, 100% used [0x00000000cf300000, 0x00000000cf400000)
AC   0  E CS TS     7 PTAMS 0x00000000cf400000 NTAMS 0x00000000cf400000 space 1024K, 100% used [0x00000000cf400000, 0x00000000cf500000)
AC   0  E CS TS     7 PTAMS 0x00000000cf500000 NTAMS 0x00000000cf500000 space 1024K, 100% used [0x00000000cf500000, 0x00000000cf600000)
AC   0  E CS TS     0 PTAMS 0x00000000cf600000 NTAMS 0x00000000cf600000 space 1024K, 100% used [0x00000000cf600000, 0x00000000cf700000)
AC   0  E CS TS     0 PTAMS 0x00000000cf700000 NTAMS 0x00000000cf700000 space 1024K, 100% used [0x00000000cf700000, 0x00000000cf800000)
AC   0  E CS TS     0 PTAMS 0x00000000cf800000 NTAMS 0x00000000cf800000 space 1024K, 100% used [0x00000000cf800000, 0x00000000cf900000)
AC   0  E CS TS     0 PTAMS 0x00000000cf900000 NTAMS 0x00000000cf900000 space 1024K, 100% used [0x00000000cf900000, 0x00000000cfa00000)
AC   0  E CS TS     0 PTAMS 0x00000000cfa00000 NTAMS 0x00000000cfa00000 space 1024K, 100% used [0x00000000cfa00000, 0x00000000cfb00000)
AC   0  E CS TS     0 PTAMS 0x00000000cfb00000 NTAMS 0x00000000cfb00000 space 1024K, 100% used [0x00000000cfb00000, 0x00000000cfc00000)
AC   0  E CS TS     3 PTAMS 0x00000000cfc00000 NTAMS 0x00000000cfc00000 space 1024K, 100% used [0x00000000cfc00000, 0x00000000cfd00000)
AC   0  E CS TS     3 PTAMS 0x00000000cfd00000 NTAMS 0x00000000cfd00000 space 1024K, 100% used [0x00000000cfd00000, 0x00000000cfe00000)
AC   0  E CS TS     0 PTAMS 0x00000000cfe00000 NTAMS 0x00000000cfe00000 space 1024K, 100% used [0x00000000cfe00000, 0x00000000cff00000)
AC   0  E CS TS     0 PTAMS 0x00000000cff00000 NTAMS 0x00000000cff00000 space 1024K, 100% used [0x00000000cff00000, 0x00000000d0000000)

Card table byte_map: [0x0000000012ec0000,0x00000000130c0000] byte_map_base: 0x00000000128c0000

Marking Bits (Prev, Next): (CMBitMap*) 0x000000000026c248, (CMBitMap*) 0x000000000026c2a0
 Prev Bits: [0x00000000132c0000, 0x00000000142c0000)
 Next Bits: [0x00000000142c0000, 0x00000000152c0000)

Polling page: 0x0000000000350000

CodeCache: size=245760Kb used=52088Kb max_used=52544Kb free=193671Kb
 bounds [0x0000000002ac0000, 0x0000000005e60000, 0x0000000011ac0000]
 total_blobs=14440 nmethods=13424 adapters=921
 compilation: enabled

Compilation events (10 events):
Event: 237595.010 Thread 0x0000000018601000 17458       4       org.eclipse.e4.ui.model.application.ui.advanced.impl.AreaImpl::eDerivedStructuralFeatureID (64 bytes)
Event: 237595.012 Thread 0x0000000018601000 nmethod 17458 0x000000000474b390 code [0x000000000474b4c0, 0x000000000474b578]
Event: 237595.017 Thread 0x0000000018608000 nmethod 17457 0x0000000004ec4f50 code [0x0000000004ec50c0, 0x0000000004ec56c8]
Event: 237595.041 Thread 0x0000000018601000 17459       4       org.eclipse.emf.ecore.util.EContentsEList::createEContentsEList (40 bytes)
Event: 237595.041 Thread 0x0000000018608000 17460       4       org.eclipse.e4.ui.model.application.ui.impl.UIElementImpl::eInverseRemove (54 bytes)
Event: 237595.044 Thread 0x0000000018608000 nmethod 17460 0x0000000004ec4b90 code [0x0000000004ec4ce0, 0x0000000004ec4dc8]
Event: 237595.044 Thread 0x000000001860b000 17461       3       org.eclipse.emf.ecore.xmi.impl.StringSegment::mark (98 bytes)
Event: 237595.045 Thread 0x000000001860b000 nmethod 17461 0x0000000003664cd0 code [0x0000000003664ea0, 0x0000000003665868]
Event: 237595.048 Thread 0x0000000018601000 nmethod 17459 0x0000000003661750 code [0x00000000036618c0, 0x0000000003661bb8]
Event: 237595.057 Thread 0x0000000018608000 17462       4       org.eclipse.emf.ecore.impl.EClassImpl::getEAllAttributes (262 bytes)

GC Heap History (10 events):
Event: 229165.156 GC heap before
{Heap before GC invocations=63 (full 0):
 garbage-first heap   total 262144K, used 80896K [0x00000000c0000000, 0x00000000c0100800, 0x0000000100000000)
  region size 1024K, 12 young (12288K), 2 survivors (2048K)
 Metaspace       used 98461K, capacity 106780K, committed 107136K, reserved 1142784K
  class space    used 11998K, capacity 14395K, committed 14464K, reserved 1048576K
Event: 229165.200 GC heap after
Heap after GC invocations=64 (full 0):
 garbage-first heap   total 262144K, used 67072K [0x00000000c0000000, 0x00000000c0100800, 0x0000000100000000)
  region size 1024K, 2 young (2048K), 2 survivors (2048K)
 Metaspace       used 98461K, capacity 106780K, committed 107136K, reserved 1142784K
  class space    used 11998K, capacity 14395K, committed 14464K, reserved 1048576K
}
Event: 232333.146 GC heap before
{Heap before GC invocations=64 (full 0):
 garbage-first heap   total 262144K, used 221696K [0x00000000c0000000, 0x00000000c0100800, 0x0000000100000000)
  region size 1024K, 153 young (156672K), 2 survivors (2048K)
 Metaspace       used 99302K, capacity 107766K, committed 108032K, reserved 1142784K
  class space    used 12054K, capacity 14470K, committed 14592K, reserved 1048576K
Event: 232333.174 GC heap after
Heap after GC invocations=65 (full 0):
 garbage-first heap   total 262144K, used 70417K [0x00000000c0000000, 0x00000000c0100800, 0x0000000100000000)
  region size 1024K, 6 young (6144K), 6 survivors (6144K)
 Metaspace       used 99302K, capacity 107766K, committed 108032K, reserved 1142784K
  class space    used 12054K, capacity 14470K, committed 14592K, reserved 1048576K
}
Event: 235809.643 GC heap before
{Heap before GC invocations=65 (full 0):
 garbage-first heap   total 262144K, used 220945K [0x00000000c0000000, 0x00000000c0100800, 0x0000000100000000)
  region size 1024K, 153 young (156672K), 6 survivors (6144K)
 Metaspace       used 100302K, capacity 108878K, committed 109184K, reserved 1144832K
  class space    used 12146K, capacity 14602K, committed 14720K, reserved 1048576K
Event: 235809.689 GC heap after
Heap after GC invocations=66 (full 0):
 garbage-first heap   total 262144K, used 71168K [0x00000000c0000000, 0x00000000c0100800, 0x0000000100000000)
  region size 1024K, 6 young (6144K), 6 survivors (6144K)
 Metaspace       used 100302K, capacity 108878K, committed 109184K, reserved 1144832K
  class space    used 12146K, capacity 14602K, committed 14720K, reserved 1048576K
}
Event: 237334.921 GC heap before
{Heap before GC invocations=66 (full 0):
 garbage-first heap   total 262144K, used 221696K [0x00000000c0000000, 0x00000000c0100800, 0x0000000100000000)
  region size 1024K, 153 young (156672K), 6 survivors (6144K)
 Metaspace       used 107717K, capacity 117430K, committed 117632K, reserved 1150976K
  class space    used 13132K, capacity 15960K, committed 16000K, reserved 1048576K
Event: 237334.961 GC heap after
Heap after GC invocations=67 (full 0):
 garbage-first heap   total 262144K, used 82944K [0x00000000c0000000, 0x00000000c0100800, 0x0000000100000000)
  region size 1024K, 18 young (18432K), 18 survivors (18432K)
 Metaspace       used 107717K, capacity 117430K, committed 117632K, reserved 1150976K
  class space    used 13132K, capacity 15960K, committed 16000K, reserved 1048576K
}
Event: 237552.059 GC heap before
{Heap before GC invocations=67 (full 0):
 garbage-first heap   total 262144K, used 216064K [0x00000000c0000000, 0x00000000c0100800, 0x0000000100000000)
  region size 1024K, 148 young (151552K), 18 survivors (18432K)
 Metaspace       used 110460K, capacity 120276K, committed 120576K, reserved 1153024K
  class space    used 13430K, capacity 16275K, committed 16384K, reserved 1048576K
Event: 237552.113 GC heap after
Heap after GC invocations=68 (full 0):
 garbage-first heap   total 262144K, used 79872K [0x00000000c0000000, 0x00000000c0100800, 0x0000000100000000)
  region size 1024K, 15 young (15360K), 15 survivors (15360K)
 Metaspace       used 110460K, capacity 120276K, committed 120576K, reserved 1153024K
  class space    used 13430K, capacity 16275K, committed 16384K, reserved 1048576K
}

Deoptimization events (10 events):
Event: 237554.764 Thread 0x000000000021f000 Uncommon trap: reason=class_check action=maybe_recompile pc=0x0000000004a101e4 method=org.eclipse.jface.action.SubContributionManager.getOverrides()Lorg/eclipse/jface/action/IContributionManagerOverrides; @ 4
Event: 237554.770 Thread 0x000000000021f000 Uncommon trap: reason=class_check action=maybe_recompile pc=0x0000000004a101e4 method=org.eclipse.jface.action.SubContributionManager.getOverrides()Lorg/eclipse/jface/action/IContributionManagerOverrides; @ 4
Event: 237554.770 Thread 0x000000000021f000 Uncommon trap: reason=class_check action=maybe_recompile pc=0x00000000055bae0c method=org.eclipse.jface.action.ActionContributionItem.update(Ljava/lang/String;)V @ 530
Event: 237554.828 Thread 0x000000000021f000 Uncommon trap: reason=class_check action=maybe_recompile pc=0x0000000004a101e4 method=org.eclipse.jface.action.SubContributionManager.getOverrides()Lorg/eclipse/jface/action/IContributionManagerOverrides; @ 4
Event: 237554.828 Thread 0x000000000021f000 Uncommon trap: reason=class_check action=maybe_recompile pc=0x00000000055bae0c method=org.eclipse.jface.action.ActionContributionItem.update(Ljava/lang/String;)V @ 530
Event: 237554.830 Thread 0x000000000021f000 Uncommon trap: reason=class_check action=maybe_recompile pc=0x00000000055bae0c method=org.eclipse.jface.action.ActionContributionItem.update(Ljava/lang/String;)V @ 530
Event: 237554.833 Thread 0x000000000021f000 Uncommon trap: reason=class_check action=maybe_recompile pc=0x00000000055bae0c method=org.eclipse.jface.action.ActionContributionItem.update(Ljava/lang/String;)V @ 530
Event: 237562.812 Thread 0x0000000019e45800 Uncommon trap: reason=unstable_if action=reinterpret pc=0x000000000470a468 method=org.eclipse.core.internal.jobs.JobManager.nextJob()Lorg/eclipse/core/runtime/jobs/Job; @ 132
Event: 237562.816 Thread 0x000000000021f000 Uncommon trap: reason=unstable_if action=reinterpret pc=0x0000000005ceebe8 method=org.eclipse.core.internal.jobs.JobManager.changeState(Lorg/eclipse/core/internal/jobs/InternalJob;I)V @ 200
Event: 237562.817 Thread 0x0000000019e45800 Uncommon trap: reason=unstable_if action=reinterpret pc=0x0000000002d552b4 method=java.util.regex.Pattern$Dot.isSatisfiedBy(I)Z @ 9

Classes redefined (0 events):
No events

Internal exceptions (10 events):
Event: 237456.745 Thread 0x000000000021f000 Exception <a 'java/lang/ArrayIndexOutOfBoundsException'> (0x00000000c9aa87a0) thrown at [C:\jenkins\workspace\8-2-build-windows-amd64-cygwin\jdk8u271\605\hotspot\src\share\vm\runtime\sharedRuntime.cpp, line 609]
Event: 237456.750 Thread 0x000000000021f000 Exception <a 'java/lang/ArrayIndexOutOfBoundsException'> (0x00000000c9adc108) thrown at [C:\jenkins\workspace\8-2-build-windows-amd64-cygwin\jdk8u271\605\hotspot\src\share\vm\runtime\sharedRuntime.cpp, line 609]
Event: 237460.995 Thread 0x000000001d3f1800 Exception <a 'java/lang/ArrayIndexOutOfBoundsException': -1> (0x00000000c9621150) thrown at [C:\jenkins\workspace\8-2-build-windows-amd64-cygwin\jdk8u271\605\hotspot\src\share\vm\interpreter\interpreterRuntime.cpp, line 371]
Event: 237549.506 Thread 0x000000000021f000 Implicit null exception at 0x0000000005dbca3f to 0x0000000005dbcb19
Event: 237552.002 Thread 0x0000000019e45800 Exception <a 'java/lang/ArrayIndexOutOfBoundsException': 424> (0x00000000c85410e0) thrown at [C:\jenkins\workspace\8-2-build-windows-amd64-cygwin\jdk8u271\605\hotspot\src\share\vm\interpreter\interpreterRuntime.cpp, line 371]
Event: 237552.696 Thread 0x0000000019e45800 Implicit null exception at 0x000000000448bc15 to 0x000000000448bcc9
Event: 237553.024 Thread 0x000000001d3f4800 Exception <a 'java/io/FileNotFoundException'> (0x00000000cebf6138) thrown at [C:\jenkins\workspace\8-2-build-windows-amd64-cygwin\jdk8u271\605\hotspot\src\share\vm\prims\jni.cpp, line 710]
Event: 237553.112 Thread 0x000000001873b800 Implicit null exception at 0x0000000005135c4b to 0x0000000005136265
Event: 237553.235 Thread 0x000000001873b800 Exception <a 'java/io/FileNotFoundException'> (0x00000000ce9a8cd8) thrown at [C:\jenkins\workspace\8-2-build-windows-amd64-cygwin\jdk8u271\605\hotspot\src\share\vm\prims\jni.cpp, line 710]
Event: 237553.914 Thread 0x000000001873b800 Exception <a 'java/io/FileNotFoundException'> (0x00000000ce72a948) thrown at [C:\jenkins\workspace\8-2-build-windows-amd64-cygwin\jdk8u271\605\hotspot\src\share\vm\prims\jni.cpp, line 710]

Events (10 events):
Event: 237562.816 Thread 0x000000000021f000 DEOPT UNPACKING pc=0x0000000002b0583b sp=0x000000000012e188 mode 2
Event: 237562.817 Thread 0x0000000019e45800 Uncommon trap: trap_request=0xffffff65 fr.pc=0x0000000002d552b4
Event: 237562.817 Thread 0x0000000019e45800 DEOPT PACKING pc=0x0000000002d552b4 sp=0x0000000025b1f270
Event: 237562.817 Thread 0x0000000019e45800 DEOPT UNPACKING pc=0x0000000002b0583b sp=0x0000000025b1f200 mode 2
Event: 237562.819 Executing VM operation: RevokeBias
Event: 237562.819 Executing VM operation: RevokeBias done
Event: 237563.275 Executing VM operation: RevokeBias
Event: 237563.275 Executing VM operation: RevokeBias done
Event: 237588.646 Thread 0x0000000018608000 flushing nmethod 0x0000000004afb550
Event: 237588.898 Thread 0x000000001860b000 flushing nmethod 0x0000000005c36390


Dynamic libraries:
0x0000000000400000 - 0x000000000044f000 	C:\Users\Susmita\eclipse-java-neon-3-win32-x86_64\eclipse\eclipse.exe
0x00000000774d0000 - 0x0000000077679000 	C:\Windows\SYSTEM32\ntdll.dll
0x00000000772b0000 - 0x00000000773cf000 	C:\Windows\system32\kernel32.dll
0x000007fefd4f0000 - 0x000007fefd55b000 	C:\Windows\system32\KERNELBASE.dll
0x00000000773d0000 - 0x00000000774ca000 	C:\Windows\system32\USER32.dll
0x000007fefdbe0000 - 0x000007fefdc47000 	C:\Windows\system32\GDI32.dll
0x000007fefe2d0000 - 0x000007fefe2de000 	C:\Windows\system32\LPK.dll
0x000007fefe2e0000 - 0x000007fefe3a9000 	C:\Windows\system32\USP10.dll
0x000007fefe6f0000 - 0x000007fefe78f000 	C:\Windows\system32\msvcrt.dll
0x000007fefbc20000 - 0x000007fefbe14000 	C:\Windows\WinSxS\amd64_microsoft.windows.common-controls_6595b64144ccf1df_6.0.7601.17514_none_fa396087175ac9ac\COMCTL32.dll
0x000007fefd7f0000 - 0x000007fefd861000 	C:\Windows\system32\SHLWAPI.dll
0x000007fefe490000 - 0x000007fefe4be000 	C:\Windows\system32\IMM32.DLL
0x000007fefd870000 - 0x000007fefd979000 	C:\Windows\system32\MSCTF.dll
0x0000000072000000 - 0x0000000072012000 	C:\Users\Susmita\eclipse-java-neon-3-win32-x86_64\eclipse\plugins\org.eclipse.equinox.launcher.win32.win32.x86_64_1.1.401.v20161122-1740\eclipse_1617.dll
0x000007fefe610000 - 0x000007fefe6eb000 	C:\Windows\system32\ADVAPI32.dll
0x000007fefe5f0000 - 0x000007fefe60f000 	C:\Windows\SYSTEM32\sechost.dll
0x000007fefe4c0000 - 0x000007fefe5ed000 	C:\Windows\system32\RPCRT4.dll
0x000007fefc530000 - 0x000007fefc53c000 	C:\Windows\system32\VERSION.dll
0x000007fefbb70000 - 0x000007fefbbc6000 	C:\Windows\system32\uxtheme.dll
0x000007fefdcf0000 - 0x000007fefdef3000 	C:\Windows\system32\ole32.dll
0x000007fefd350000 - 0x000007fefd35f000 	C:\Windows\system32\CRYPTBASE.dll
0x000007fefdc50000 - 0x000007fefdce9000 	C:\Windows\system32\CLBCatQ.DLL
0x000007fefe3b0000 - 0x000007fefe487000 	C:\Windows\system32\OLEAUT32.dll
0x0000000072810000 - 0x000000007307f000 	C:\Program Files\Java\jre1.8.0_271\bin\server\jvm.dll
0x000007fef8c10000 - 0x000007fef8c19000 	C:\Windows\system32\WSOCK32.dll
0x000007fefdf20000 - 0x000007fefdf6d000 	C:\Windows\system32\WS2_32.dll
0x000007fefe790000 - 0x000007fefe798000 	C:\Windows\system32\NSI.dll
0x000007fefa830000 - 0x000007fefa86b000 	C:\Windows\system32\WINMM.dll
0x0000000077690000 - 0x0000000077697000 	C:\Windows\system32\PSAPI.DLL
0x000007fef7ad0000 - 0x000007fef7ae7000 	C:\Windows\system32\VCRUNTIME140.dll
0x000007fefa7b0000 - 0x000007fefa7b4000 	C:\Windows\system32\api-ms-win-crt-runtime-l1-1-0.dll
0x000007fef4540000 - 0x000007fef4632000 	C:\Windows\system32\ucrtbase.DLL
0x000007fef98e0000 - 0x000007fef98e3000 	C:\Windows\system32\api-ms-win-core-timezone-l1-1-0.dll
0x000007fef7ab0000 - 0x000007fef7ab3000 	C:\Windows\system32\api-ms-win-core-file-l2-1-0.dll
0x000007fef7aa0000 - 0x000007fef7aa3000 	C:\Windows\system32\api-ms-win-core-localization-l1-2-0.dll
0x000007fefb110000 - 0x000007fefb113000 	C:\Windows\system32\api-ms-win-core-synch-l1-2-0.dll
0x000007fef6250000 - 0x000007fef6253000 	C:\Windows\system32\api-ms-win-core-processthreads-l1-1-1.dll
0x000007fef6240000 - 0x000007fef6243000 	C:\Windows\system32\api-ms-win-core-file-l1-2-0.dll
0x000007fef6230000 - 0x000007fef6234000 	C:\Windows\system32\api-ms-win-crt-string-l1-1-0.dll
0x000007fef6220000 - 0x000007fef6223000 	C:\Windows\system32\api-ms-win-crt-heap-l1-1-0.dll
0x000007fef6210000 - 0x000007fef6214000 	C:\Windows\system32\api-ms-win-crt-stdio-l1-1-0.dll
0x000007fef6200000 - 0x000007fef6204000 	C:\Windows\system32\api-ms-win-crt-convert-l1-1-0.dll
0x000007fef61f0000 - 0x000007fef61f3000 	C:\Windows\system32\api-ms-win-crt-environment-l1-1-0.dll
0x000007fef61e0000 - 0x000007fef61e5000 	C:\Windows\system32\api-ms-win-crt-math-l1-1-0.dll
0x000007fef4530000 - 0x000007fef4533000 	C:\Windows\system32\api-ms-win-crt-utility-l1-1-0.dll
0x000007fef4520000 - 0x000007fef4523000 	C:\Windows\system32\api-ms-win-crt-filesystem-l1-1-0.dll
0x000007fef4510000 - 0x000007fef4513000 	C:\Windows\system32\api-ms-win-crt-time-l1-1-0.dll
0x000007fef4500000 - 0x000007fef4510000 	C:\Program Files\Java\jre1.8.0_271\bin\verify.dll
0x000007fef4240000 - 0x000007fef426b000 	C:\Program Files\Java\jre1.8.0_271\bin\java.dll
0x000007fef44f0000 - 0x000007fef44f3000 	C:\Windows\system32\api-ms-win-crt-locale-l1-1-0.dll
0x000007fef4300000 - 0x000007fef4318000 	C:\Program Files\Java\jre1.8.0_271\bin\zip.dll
0x000007fefe9f0000 - 0x000007feff778000 	C:\Windows\system32\SHELL32.dll
0x000007fefd420000 - 0x000007fefd42f000 	C:\Windows\system32\profapi.dll
0x000007fefccf0000 - 0x000007fefcd07000 	C:\Windows\system32\CRYPTSP.dll
0x000007fefc9f0000 - 0x000007fefca37000 	C:\Windows\system32\rsaenh.dll
0x000007fefc770000 - 0x000007fefc78e000 	C:\Windows\system32\USERENV.dll
0x000007fef4220000 - 0x000007fef423c000 	C:\Program Files\Java\jre1.8.0_271\bin\net.dll
0x000007fefcc90000 - 0x000007fefcce5000 	C:\Windows\system32\mswsock.dll
0x000007fefcc80000 - 0x000007fefcc87000 	C:\Windows\System32\wship6.dll
0x000007fefb130000 - 0x000007fefb157000 	C:\Windows\system32\IPHLPAPI.DLL
0x000007fefb120000 - 0x000007fefb12b000 	C:\Windows\system32\WINNSI.DLL
0x000007fef9850000 - 0x000007fef9868000 	C:\Windows\system32\dhcpcsvc.DLL
0x000007fef9830000 - 0x000007fef9841000 	C:\Windows\system32\dhcpcsvc6.DLL
0x000007fef4200000 - 0x000007fef4213000 	C:\Program Files\Java\jre1.8.0_271\bin\nio.dll
0x000000001cba0000 - 0x000000001cc47000 	C:\Users\Susmita\eclipse-java-neon-3-win32-x86_64\eclipse\configuration\org.eclipse.osgi\390\0\.cp\swt-win32-4629.dll
0x000007fefe7a0000 - 0x000007fefe837000 	C:\Windows\system32\comdlg32.dll
0x000007fefac50000 - 0x000007fefacc1000 	C:\Windows\system32\WINSPOOL.DRV
0x000007fefe840000 - 0x000007fefe96a000 	C:\Windows\system32\WININET.dll
0x000007fefdf70000 - 0x000007fefe0e8000 	C:\Windows\system32\urlmon.dll
0x000007fefd560000 - 0x000007fefd6c7000 	C:\Windows\system32\CRYPT32.dll
0x000007fefd4c0000 - 0x000007fefd4cf000 	C:\Windows\system32\MSASN1.dll
0x000007fefd980000 - 0x000007fefdbd9000 	C:\Windows\system32\iertutil.dll
0x000007fefc510000 - 0x000007fefc528000 	C:\Windows\system32\dwmapi.dll
0x000007fefc140000 - 0x000007fefc26c000 	C:\Windows\system32\propsys.dll
0x000007fefa280000 - 0x000007fefa28c000 	C:\Windows\system32\LINKINFO.dll
0x00000000029f0000 - 0x0000000002a0e000 	C:\Users\Susmita\eclipse-java-neon-3-win32-x86_64\eclipse\configuration\org.eclipse.osgi\390\0\.cp\swt-gdip-win32-4629.dll
0x000007fefb950000 - 0x000007fefbb65000 	C:\Windows\WinSxS\amd64_microsoft.windows.gdiplus_6595b64144ccf1df_1.1.7601.17514_none_2b24536c71ed437a\gdiplus.dll
0x000007fefb3c0000 - 0x000007fefb4ea000 	C:\Windows\system32\WindowsCodecs.dll
0x000007fefb160000 - 0x000007fefb1b4000 	C:\Windows\system32\oleacc.dll
0x000007feebd80000 - 0x000007feebdbb000 	C:\Windows\system32\mlang.dll
0x0000000180000000 - 0x0000000180012000 	C:\Users\Susmita\eclipse-java-neon-3-win32-x86_64\eclipse\configuration\org.eclipse.osgi\80\0\.cp\os\win32\x86_64\localfile_1_0_0.dll
0x000007fefb5a0000 - 0x000007fefb5b5000 	C:\Windows\system32\NLAapi.dll
0x000007fef9c30000 - 0x000007fef9c45000 	C:\Windows\system32\napinsp.dll
0x000007fef8bf0000 - 0x000007fef8c09000 	C:\Windows\system32\pnrpnsp.dll
0x000007fefcb10000 - 0x000007fefcb6b000 	C:\Windows\system32\DNSAPI.dll
0x000007fef9c20000 - 0x000007fef9c2b000 	C:\Windows\System32\winrnr.dll
0x000007fefc650000 - 0x000007fefc657000 	C:\Windows\System32\wshtcpip.dll
0x000007fefa4b0000 - 0x000007fefa4b8000 	C:\Windows\system32\rasadhlp.dll
0x000007fef98f0000 - 0x000007fef9943000 	C:\Windows\System32\fwpuclnt.dll
0x000007fef3e30000 - 0x000007fef3e41000 	C:\Users\Susmita\eclipse-java-neon-3-win32-x86_64\eclipse\configuration\org.eclipse.osgi\83\0\.cp\jWinHttp-1.0.0.dll
0x000007fef8a70000 - 0x000007fef8ae1000 	C:\Windows\system32\WINHTTP.dll
0x000007fefa740000 - 0x000007fefa7a4000 	C:\Windows\system32\webio.dll
0x000007fefd2c0000 - 0x000007fefd2e5000 	C:\Windows\system32\SspiCli.dll
0x000007fefc8c0000 - 0x000007fefc8ca000 	C:\Windows\system32\credssp.dll
0x000007fefd770000 - 0x000007fefd7a6000 	C:\Windows\system32\CFGMGR32.dll
0x000007fef41f0000 - 0x000007fef41f7000 	C:\Windows\system32\msimg32.dll
0x000007feec070000 - 0x000007feec094000 	C:\Program Files\Java\jre1.8.0_271\bin\sunec.dll
0x000007fefd400000 - 0x000007fefd414000 	C:\Windows\system32\RpcRtRemote.dll
0x000007fef9a50000 - 0x000007fef9c1a000 	C:\Windows\system32\explorerframe.dll
0x000007fefb800000 - 0x000007fefb843000 	C:\Windows\system32\DUser.dll
0x000007fefb850000 - 0x000007fefb942000 	C:\Windows\system32\DUI70.dll
0x000007fefe0f0000 - 0x000007fefe2c7000 	C:\Windows\system32\SETUPAPI.dll
0x000007fefd4d0000 - 0x000007fefd4ea000 	C:\Windows\system32\DEVOBJ.dll
0x000007fefb740000 - 0x000007fefb76d000 	C:\Windows\system32\ntmarta.dll
0x000007feff780000 - 0x000007feff7d2000 	C:\Windows\system32\WLDAP32.dll
0x000007fefd2f0000 - 0x000007fefd347000 	C:\Windows\system32\apphelp.dll
0x000007fef8c20000 - 0x000007fef8ca0000 	C:\Windows\system32\ntshrui.dll
0x000007fefcf90000 - 0x000007fefcfb3000 	C:\Windows\system32\srvcli.dll
0x000007fef8ca0000 - 0x000007fef8caf000 	C:\Windows\system32\cscapi.dll
0x000007fefb3b0000 - 0x000007fefb3bb000 	C:\Windows\system32\slc.dll
0x000007fefaf20000 - 0x000007fefaf2c000 	C:\Windows\system32\netutils.dll
0x000007fef44e0000 - 0x000007fef44ed000 	C:\Program Files\Java\jre1.8.0_271\bin\sunmscapi.dll
0x000007fefce70000 - 0x000007fefcebe000 	C:\Windows\system32\ncrypt.dll
0x000007fefce40000 - 0x000007fefce62000 	C:\Windows\system32\bcrypt.dll
0x000007fef6be0000 - 0x000007fef7797000 	C:\Windows\System32\ieframe.dll
0x000007fefd360000 - 0x000007fefd3f1000 	C:\Windows\system32\SXS.DLL
0x000007fee9060000 - 0x000007fee98f8000 	C:\Windows\System32\mshtml.dll
0x000007fef7a10000 - 0x000007fef7a4b000 	C:\Windows\System32\msls31.dll
0x000007fee8f70000 - 0x000007fee9053000 	C:\Windows\System32\jscript.dll
0x000007fefc270000 - 0x000007fefc2bb000 	C:\Windows\system32\MMDevAPI.DLL
0x000007fef66b0000 - 0x000007fef66eb000 	C:\Windows\system32\wdmaud.drv
0x0000000073300000 - 0x0000000073306000 	C:\Windows\system32\ksuser.dll
0x000007fefc130000 - 0x000007fefc139000 	C:\Windows\system32\AVRT.dll
0x000007fef6660000 - 0x000007fef66af000 	C:\Windows\system32\AUDIOSES.DLL
0x000007fefaf50000 - 0x000007fefaf5a000 	C:\Windows\system32\msacm32.drv
0x000007fefacd0000 - 0x000007feface8000 	C:\Windows\system32\MSACM32.dll
0x000007fef62f0000 - 0x000007fef62f9000 	C:\Windows\system32\midimap.dll
0x000007fef3e10000 - 0x000007fef3e1e000 	C:\Windows\system32\msimtf.dll

VM Arguments:
jvm_args: -Dosgi.requiredJavaVersion=1.8 -XX:+UseG1GC -XX:+UseStringDeduplication -Dosgi.requiredJavaVersion=1.8 -Xms256m -Xmx1024m 
java_command: <unknown>
java_class_path (initial): C:\Users\Susmita\eclipse-java-neon-3-win32-x86_64\eclipse\\plugins/org.eclipse.equinox.launcher_1.3.201.v20161025-1711.jar
Launcher Type: generic

Environment Variables:
JAVA_HOME=C:\Program Files\Java\jdk1.8.0_271
PATH=C:/Program Files/Java/jre1.8.0_271/bin/server;C:/Program Files/Java/jre1.8.0_271/bin;C:/Program Files/Java/jre1.8.0_271/lib/amd64;C:\oraclexe\app\oracle\product\11.2.0\server\bin;C:\Program Files (x86)\Common Files\Oracle\Java\javapath;C:\Windows\system32;C:\Windows;C:\Windows\System32\Wbem;C:\Windows\System32\WindowsPowerShell\v1.0\;C:\Program Files\Java\jdk1.8.0_271\bin;C:\Users\Susmita\apache-maven-3.8.1-bin\apache-maven-3.8.1\bin;C:\Users\Susmita\eclipse-java-neon-3-win32-x86_64\eclipse;
USERNAME=hp
OS=Windows_NT
PROCESSOR_IDENTIFIER=Intel64 Family 6 Model 42 Stepping 7, GenuineIntel



---------------  S Y S T E M  ---------------

OS: Windows 7 , 64 bit Build 7601 (6.1.7601.17514)

CPU:total 4 (initial active 4) (2 cores per cpu, 2 threads per core) family 6 model 42 stepping 7, cmov, cx8, fxsr, mmx, sse, sse2, sse3, ssse3, sse4.1, sse4.2, popcnt, avx, clmul, ht, tsc, tscinvbit

Memory: 4k page, physical 2043760k(404952k free), swap 4747220k(4336k free)

vm_info: Java HotSpot(TM) 64-Bit Server VM (25.271-b09) for windows-amd64 JRE (1.8.0_271-b09), built on Sep 16 2020 19:14:59 by "" with MS VC++ 15.9 (VS2017)

time: Tue Aug 17 15:17:54 2021
timezone: India Standard Time
elapsed time: 237598.611436 seconds (2d 17h 59m 58s)

