#
# There is insufficient memory for the Java Runtime Environment to continue.
# Native memory allocation (malloc) failed to allocate 40976 bytes for Chunk::new
# Possible reasons:
#   The system is out of physical RAM or swap space
#   The process is running with CompressedOops enabled, and the Java Heap may be blocking the growth of the native heap
# Possible solutions:
#   Reduce memory load on the system
#   Increase physical memory or swap space
#   Check if swap backing store is full
#   Decrease Java heap size (-Xmx/-Xms)
#   Decrease number of Java threads
#   Decrease Java thread stack sizes (-Xss)
#   Set larger code cache with -XX:ReservedCodeCacheSize=
#   JVM is running with Unscaled Compressed Oops mode in which the Java heap is
#     placed in the first 4GB address space. The Java Heap base address is the
#     maximum limit for the native heap growth. Please use -XX:HeapBaseMinAddress
#     to set the Java Heap base and to place the Java Heap above 4GB virtual address.
# This output file may be truncated or incomplete.
#
#  Out of Memory Error (allocation.cpp:389), pid=3876, tid=0x0000000000000e34
#
# JRE version: Java(TM) SE Runtime Environment (8.0_271-b09) (build 1.8.0_271-b09)
# Java VM: Java HotSpot(TM) 64-Bit Server VM (25.271-b09 mixed mode windows-amd64 compressed oops)
# Failed to write core dump. Minidumps are not enabled by default on client versions of Windows
#

---------------  T H R E A D  ---------------

Current thread (0x0000000018f03000):  JavaThread "C2 CompilerThread0" daemon [_thread_in_native, id=3636, stack(0x0000000019800000,0x0000000019900000)]

Stack: [0x0000000019800000,0x0000000019900000]
Native frames: (J=compiled Java code, j=interpreted, Vv=VM code, C=native code)
V  [jvm.dll+0x33f6c9]
V  [jvm.dll+0x286122]
V  [jvm.dll+0x286dcd]
V  [jvm.dll+0x27d805]
V  [jvm.dll+0xe574c]
V  [jvm.dll+0xe5f4c]
V  [jvm.dll+0x480043]
V  [jvm.dll+0x447c30]
V  [jvm.dll+0x450c25]
V  [jvm.dll+0x44ffe5]
V  [jvm.dll+0x43aef7]
V  [jvm.dll+0xbc3eb]
V  [jvm.dll+0xbaa4b]
V  [jvm.dll+0x24e7c2]
V  [jvm.dll+0x2a2dcc]
C  [ucrtbase.DLL+0x682dd]
C  [kernel32.dll+0x1652d]
C  [ntdll.dll+0x2c521]


Current CompileTask:
C2:4851123 17489       4       org.eclipse.core.internal.preferences.ImmutableMap$ArrayMap::shareStrings (87 bytes)


---------------  P R O C E S S  ---------------

Java Threads: ( => current thread )
  0x000000001f1cc800 JavaThread "Process monitor" daemon [_thread_in_native, id=4348, stack(0x00000000306e0000,0x00000000307e0000)]
  0x000000001f1cb800 JavaThread "Input Stream Monitor" daemon [_thread_blocked, id=1128, stack(0x00000000305e0000,0x00000000306e0000)]
  0x000000001f1c7800 JavaThread "Output Stream Monitor" daemon [_thread_in_native, id=4424, stack(0x00000000304e0000,0x00000000305e0000)]
  0x000000001f1ca000 JavaThread "Output Stream Monitor" daemon [_thread_in_native, id=4636, stack(0x000000002efe0000,0x000000002f0e0000)]
  0x000000001b180000 JavaThread "Worker-21" [_thread_blocked, id=5056, stack(0x0000000029950000,0x0000000029a50000)]
  0x00000000205ec000 JavaThread "Worker-20" [_thread_blocked, id=3740, stack(0x0000000028fe0000,0x00000000290e0000)]
  0x00000000205e9000 JavaThread "Worker-19" [_thread_blocked, id=4332, stack(0x0000000026d70000,0x0000000026e70000)]
  0x00000000203ff800 JavaThread "Recommenders-Timeout-Manager" [_thread_blocked, id=4980, stack(0x000000002ede0000,0x000000002eee0000)]
  0x0000000020401000 JavaThread "Timer-0" daemon [_thread_blocked, id=4896, stack(0x000000002b1e0000,0x000000002b2e0000)]
  0x000000001da9d000 JavaThread "com.google.inject.internal.util.$Finalizer" daemon [_thread_blocked, id=4924, stack(0x000000002aaa0000,0x000000002aba0000)]
  0x00000000203ff000 JavaThread "org.eclipse.jdt.internal.ui.text.JavaReconciler" daemon [_thread_blocked, id=4136, stack(0x0000000029c30000,0x0000000029d30000)]
  0x000000001f66d800 JavaThread "Worker-17" [_thread_blocked, id=1452, stack(0x0000000029e60000,0x0000000029f60000)]
  0x000000001da99800 JavaThread "Worker-16" [_thread_blocked, id=4616, stack(0x0000000025f70000,0x0000000026070000)]
  0x000000001d684000 JavaThread "Provisioning Event Dispatcher" daemon [_thread_blocked, id=2200, stack(0x0000000029850000,0x0000000029950000)]
  0x000000001da9c800 JavaThread "Thread-7" [_thread_blocked, id=3696, stack(0x00000000289e0000,0x0000000028ae0000)]
  0x000000001da9a000 JavaThread "[ThreadPool Manager] - Idle Thread" daemon [_thread_blocked, id=2796, stack(0x0000000027db0000,0x0000000027eb0000)]
  0x000000001b185800 JavaThread "Worker-3" [_thread_blocked, id=2740, stack(0x0000000026c70000,0x0000000026d70000)]
  0x000000001b183000 JavaThread "org.eclipse.jdt.internal.ui.text.JavaReconciler" daemon [_thread_blocked, id=128, stack(0x0000000026670000,0x0000000026770000)]
  0x000000001b186800 JavaThread "EventAdmin Async Event Dispatcher Thread" daemon [_thread_blocked, id=3188, stack(0x0000000023e10000,0x0000000023f10000)]
  0x000000001b184800 JavaThread "Java indexing" daemon [_thread_blocked, id=3108, stack(0x0000000021790000,0x0000000021890000)]
  0x000000001b184000 JavaThread "Bundle File Closer" daemon [_thread_blocked, id=3476, stack(0x0000000021640000,0x0000000021740000)]
  0x000000001af2a000 JavaThread "EMF Reference Cleaner" daemon [_thread_blocked, id=3864, stack(0x000000001c110000,0x000000001c210000)]
  0x000000001b009000 JavaThread "Worker-JM" [_thread_blocked, id=412, stack(0x000000001c010000,0x000000001c110000)]
  0x000000001ada4800 JavaThread "[Timer] - Main Queue Handler" daemon [_thread_blocked, id=1116, stack(0x000000001bc50000,0x000000001bd50000)]
  0x000000001aac6000 JavaThread "Start Level: Equinox Container: 6323f9c2-13ae-4213-9957-124f191e48c6" daemon [_thread_blocked, id=4080, stack(0x000000001b850000,0x000000001b950000)]
  0x000000001ac3a800 JavaThread "Framework Event Dispatcher: org.eclipse.osgi.internal.framework.EquinoxEventPublisher@7b02e036" daemon [_thread_blocked, id=2556, stack(0x000000001b750000,0x000000001b850000)]
  0x000000001b0fb800 JavaThread "Active Thread: Equinox Container: 6323f9c2-13ae-4213-9957-124f191e48c6" [_thread_blocked, id=3712, stack(0x000000001b650000,0x000000001b750000)]
  0x0000000018f79800 JavaThread "Service Thread" daemon [_thread_blocked, id=1728, stack(0x0000000019b00000,0x0000000019c00000)]
  0x0000000018f0c800 JavaThread "C1 CompilerThread2" daemon [_thread_blocked, id=312, stack(0x0000000019a00000,0x0000000019b00000)]
  0x0000000018f09800 JavaThread "C2 CompilerThread1" daemon [_thread_blocked, id=2760, stack(0x0000000019900000,0x0000000019a00000)]
=>0x0000000018f03000 JavaThread "C2 CompilerThread0" daemon [_thread_in_native, id=3636, stack(0x0000000019800000,0x0000000019900000)]
  0x0000000018f01800 JavaThread "Attach Listener" daemon [_thread_blocked, id=3408, stack(0x0000000019700000,0x0000000019800000)]
  0x0000000018efd000 JavaThread "Signal Dispatcher" daemon [_thread_blocked, id=216, stack(0x0000000019600000,0x0000000019700000)]
  0x0000000018efc000 JavaThread "Surrogate Locker Thread (Concurrent GC)" daemon [_thread_blocked, id=2688, stack(0x0000000019500000,0x0000000019600000)]
  0x0000000018ee0000 JavaThread "Finalizer" daemon [_thread_blocked, id=964, stack(0x0000000019400000,0x0000000019500000)]
  0x0000000018ed5000 JavaThread "Reference Handler" daemon [_thread_blocked, id=2772, stack(0x0000000019300000,0x0000000019400000)]
  0x000000000029f000 JavaThread "main" [_thread_in_native, id=3688, stack(0x0000000000030000,0x0000000000130000)]

Other Threads:
  0x0000000018ecf800 VMThread [stack: 0x0000000019200000,0x0000000019300000] [id=3192]
  0x0000000018fa4000 WatcherThread [stack: 0x0000000019c00000,0x0000000019d00000] [id=1388]

VM state:not at safepoint (normal execution)

VM Mutex/Monitor currently owned by a thread: None

heap address: 0x00000000c0000000, size: 1024 MB, Compressed Oops mode: 32-bit
Narrow klass base: 0x0000000000000000, Narrow klass shift: 3
Compressed class space size: 1073741824 Address: 0x0000000100000000

Heap:
 garbage-first heap   total 271360K, used 183268K [0x00000000c0000000, 0x00000000c0100848, 0x0000000100000000)
  region size 1024K, 84 young (86016K), 4 survivors (4096K)
 Metaspace       used 113282K, capacity 123514K, committed 123644K, reserved 1157120K
  class space    used 13859K, capacity 16923K, committed 16944K, reserved 1048576K

Heap Regions: (Y=young(eden), SU=young(survivor), HS=humongous(starts), HC=humongous(continues), CS=collection set, F=free, TS=gc time stamp, PTAMS=previous top-at-mark-start, NTAMS=next top-at-mark-start)
AC   0  O    TS     5 PTAMS 0x00000000c0000000 NTAMS 0x00000000c0000000 space 1024K, 100% used [0x00000000c0000000, 0x00000000c0100000)
AC   0  O    TS     0 PTAMS 0x00000000c0200000 NTAMS 0x00000000c0200000 space 1024K, 100% used [0x00000000c0100000, 0x00000000c0200000)
AC   0  O    TS     0 PTAMS 0x00000000c0300000 NTAMS 0x00000000c0300000 space 1024K, 100% used [0x00000000c0200000, 0x00000000c0300000)
AC   0  O    TS     0 PTAMS 0x00000000c0400000 NTAMS 0x00000000c0400000 space 1024K, 100% used [0x00000000c0300000, 0x00000000c0400000)
AC   0  O    TS     0 PTAMS 0x00000000c0500000 NTAMS 0x00000000c0500000 space 1024K, 100% used [0x00000000c0400000, 0x00000000c0500000)
AC   0  O    TS     0 PTAMS 0x00000000c0600000 NTAMS 0x00000000c0600000 space 1024K, 100% used [0x00000000c0500000, 0x00000000c0600000)
AC   0  O    TS     7 PTAMS 0x00000000c0600000 NTAMS 0x00000000c0600000 space 1024K, 100% used [0x00000000c0600000, 0x00000000c0700000)
AC   0  O    TS     3 PTAMS 0x00000000c0700000 NTAMS 0x00000000c0700000 space 1024K, 100% used [0x00000000c0700000, 0x00000000c0800000)
AC   0  O    TS     0 PTAMS 0x00000000c0900000 NTAMS 0x00000000c0900000 space 1024K, 100% used [0x00000000c0800000, 0x00000000c0900000)
AC   0  O    TS     0 PTAMS 0x00000000c0a00000 NTAMS 0x00000000c0a00000 space 1024K, 100% used [0x00000000c0900000, 0x00000000c0a00000)
AC   0  O    TS     0 PTAMS 0x00000000c0b00000 NTAMS 0x00000000c0b00000 space 1024K, 100% used [0x00000000c0a00000, 0x00000000c0b00000)
AC   0  O    TS     0 PTAMS 0x00000000c0c00000 NTAMS 0x00000000c0c00000 space 1024K, 100% used [0x00000000c0b00000, 0x00000000c0c00000)
AC   0  O    TS     0 PTAMS 0x00000000c0d00000 NTAMS 0x00000000c0d00000 space 1024K, 100% used [0x00000000c0c00000, 0x00000000c0d00000)
AC   0  O    TS     0 PTAMS 0x00000000c0e00000 NTAMS 0x00000000c0e00000 space 1024K, 100% used [0x00000000c0d00000, 0x00000000c0e00000)
AC   0  O    TS     0 PTAMS 0x00000000c0f00000 NTAMS 0x00000000c0f00000 space 1024K, 100% used [0x00000000c0e00000, 0x00000000c0f00000)
AC   0  O    TS     3 PTAMS 0x00000000c0f00000 NTAMS 0x00000000c0f00000 space 1024K, 100% used [0x00000000c0f00000, 0x00000000c1000000)
AC   0  O    TS     5 PTAMS 0x00000000c1000000 NTAMS 0x00000000c1000000 space 1024K, 100% used [0x00000000c1000000, 0x00000000c1100000)
AC   0  O    TS     0 PTAMS 0x00000000c1200000 NTAMS 0x00000000c1200000 space 1024K, 100% used [0x00000000c1100000, 0x00000000c1200000)
AC   0  O    TS     0 PTAMS 0x00000000c1300000 NTAMS 0x00000000c1300000 space 1024K, 100% used [0x00000000c1200000, 0x00000000c1300000)
AC   0  O    TS     0 PTAMS 0x00000000c1400000 NTAMS 0x00000000c1400000 space 1024K, 100% used [0x00000000c1300000, 0x00000000c1400000)
AC   0  O    TS     0 PTAMS 0x00000000c1500000 NTAMS 0x00000000c1500000 space 1024K, 100% used [0x00000000c1400000, 0x00000000c1500000)
AC   0  O    TS     0 PTAMS 0x00000000c1600000 NTAMS 0x00000000c1600000 space 1024K, 100% used [0x00000000c1500000, 0x00000000c1600000)
AC   0  O    TS     0 PTAMS 0x00000000c1700000 NTAMS 0x00000000c1700000 space 1024K, 100% used [0x00000000c1600000, 0x00000000c1700000)
AC   0  O    TS     0 PTAMS 0x00000000c1800000 NTAMS 0x00000000c1800000 space 1024K, 100% used [0x00000000c1700000, 0x00000000c1800000)
AC   0  O    TS     0 PTAMS 0x00000000c1900000 NTAMS 0x00000000c1900000 space 1024K, 100% used [0x00000000c1800000, 0x00000000c1900000)
AC   0  O    TS     0 PTAMS 0x00000000c1a00000 NTAMS 0x00000000c1a00000 space 1024K, 100% used [0x00000000c1900000, 0x00000000c1a00000)
AC   0  O    TS     7 PTAMS 0x00000000c1a00000 NTAMS 0x00000000c1a00000 space 1024K, 100% used [0x00000000c1a00000, 0x00000000c1b00000)
AC   0  O    TS     9 PTAMS 0x00000000c1b00000 NTAMS 0x00000000c1b00000 space 1024K, 100% used [0x00000000c1b00000, 0x00000000c1c00000)
AC   0  O    TS     9 PTAMS 0x00000000c1c00000 NTAMS 0x00000000c1c00000 space 1024K, 100% used [0x00000000c1c00000, 0x00000000c1d00000)
AC   0  O    TS     5 PTAMS 0x00000000c1d00000 NTAMS 0x00000000c1d00000 space 1024K, 100% used [0x00000000c1d00000, 0x00000000c1e00000)
AC   0  O    TS     5 PTAMS 0x00000000c1e00000 NTAMS 0x00000000c1e00000 space 1024K, 100% used [0x00000000c1e00000, 0x00000000c1f00000)
AC   0  O    TS     7 PTAMS 0x00000000c1f00000 NTAMS 0x00000000c1f00000 space 1024K, 100% used [0x00000000c1f00000, 0x00000000c2000000)
AC   0  O    TS     9 PTAMS 0x00000000c2000000 NTAMS 0x00000000c2000000 space 1024K, 100% used [0x00000000c2000000, 0x00000000c2100000)
AC   0  O    TS     9 PTAMS 0x00000000c2100000 NTAMS 0x00000000c2100000 space 1024K, 100% used [0x00000000c2100000, 0x00000000c2200000)
AC   0  O    TS     9 PTAMS 0x00000000c2200000 NTAMS 0x00000000c2200000 space 1024K, 100% used [0x00000000c2200000, 0x00000000c2300000)
AC   0  O    TS     9 PTAMS 0x00000000c2300000 NTAMS 0x00000000c2300000 space 1024K, 100% used [0x00000000c2300000, 0x00000000c2400000)
AC   0  O    TS    15 PTAMS 0x00000000c2400000 NTAMS 0x00000000c2400000 space 1024K, 100% used [0x00000000c2400000, 0x00000000c2500000)
AC   0  O    TS    15 PTAMS 0x00000000c2500000 NTAMS 0x00000000c2500000 space 1024K,  99% used [0x00000000c2500000, 0x00000000c2600000)
AC   0  O    TS    15 PTAMS 0x00000000c2600000 NTAMS 0x00000000c2600000 space 1024K, 100% used [0x00000000c2600000, 0x00000000c2700000)
AC   0  O    TS    19 PTAMS 0x00000000c2700000 NTAMS 0x00000000c2700000 space 1024K, 100% used [0x00000000c2700000, 0x00000000c2800000)
AC   0  O    TS    19 PTAMS 0x00000000c2800000 NTAMS 0x00000000c2800000 space 1024K, 100% used [0x00000000c2800000, 0x00000000c2900000)
AC   0  O    TS     0 PTAMS 0x00000000c2a00000 NTAMS 0x00000000c2a00000 space 1024K, 100% used [0x00000000c2900000, 0x00000000c2a00000)
AC   0  O    TS    19 PTAMS 0x00000000c2a00000 NTAMS 0x00000000c2a00000 space 1024K, 100% used [0x00000000c2a00000, 0x00000000c2b00000)
AC   0 HS    TS     0 PTAMS 0x00000000c2b80010 NTAMS 0x00000000c2b80010 space 1024K,  50% used [0x00000000c2b00000, 0x00000000c2c00000)
AC   0  O    TS     0 PTAMS 0x00000000c2d00000 NTAMS 0x00000000c2d00000 space 1024K, 100% used [0x00000000c2c00000, 0x00000000c2d00000)
AC   0  O    TS    19 PTAMS 0x00000000c2d00000 NTAMS 0x00000000c2d00000 space 1024K, 100% used [0x00000000c2d00000, 0x00000000c2e00000)
AC   0  O    TS     0 PTAMS 0x00000000c2f00000 NTAMS 0x00000000c2f00000 space 1024K, 100% used [0x00000000c2e00000, 0x00000000c2f00000)
AC   0  O    TS    19 PTAMS 0x00000000c2f00000 NTAMS 0x00000000c2f00000 space 1024K, 100% used [0x00000000c2f00000, 0x00000000c3000000)
AC   0  O    TS     0 PTAMS 0x00000000c3100000 NTAMS 0x00000000c3100000 space 1024K, 100% used [0x00000000c3000000, 0x00000000c3100000)
AC   0  O    TS    19 PTAMS 0x00000000c3100000 NTAMS 0x00000000c3100000 space 1024K, 100% used [0x00000000c3100000, 0x00000000c3200000)
AC   0  O    TS     0 PTAMS 0x00000000c3300000 NTAMS 0x00000000c3300000 space 1024K, 100% used [0x00000000c3200000, 0x00000000c3300000)
AC   0  O    TS     0 PTAMS 0x00000000c3400000 NTAMS 0x00000000c3400000 space 1024K, 100% used [0x00000000c3300000, 0x00000000c3400000)
AC   0  O    TS     0 PTAMS 0x00000000c3500000 NTAMS 0x00000000c3500000 space 1024K, 100% used [0x00000000c3400000, 0x00000000c3500000)
AC   0  O    TS    21 PTAMS 0x00000000c3500000 NTAMS 0x00000000c3500000 space 1024K, 100% used [0x00000000c3500000, 0x00000000c3600000)
AC   0  O    TS    21 PTAMS 0x00000000c3600000 NTAMS 0x00000000c3600000 space 1024K, 100% used [0x00000000c3600000, 0x00000000c3700000)
AC   0  O    TS    21 PTAMS 0x00000000c3700000 NTAMS 0x00000000c3700000 space 1024K, 100% used [0x00000000c3700000, 0x00000000c3800000)
AC   0  O    TS    21 PTAMS 0x00000000c3800000 NTAMS 0x00000000c3800000 space 1024K, 100% used [0x00000000c3800000, 0x00000000c3900000)
AC   0  O    TS    21 PTAMS 0x00000000c3900000 NTAMS 0x00000000c3900000 space 1024K, 100% used [0x00000000c3900000, 0x00000000c3a00000)
AC   0  O    TS    21 PTAMS 0x00000000c3a00000 NTAMS 0x00000000c3a00000 space 1024K, 100% used [0x00000000c3a00000, 0x00000000c3b00000)
AC   0  O    TS     0 PTAMS 0x00000000c3c00000 NTAMS 0x00000000c3c00000 space 1024K, 100% used [0x00000000c3b00000, 0x00000000c3c00000)
AC   0  O    TS    23 PTAMS 0x00000000c3c00000 NTAMS 0x00000000c3c00000 space 1024K, 100% used [0x00000000c3c00000, 0x00000000c3d00000)
AC   0  O    TS     0 PTAMS 0x00000000c3e00000 NTAMS 0x00000000c3e00000 space 1024K, 100% used [0x00000000c3d00000, 0x00000000c3e00000)
AC   0  O    TS     0 PTAMS 0x00000000c3f00000 NTAMS 0x00000000c3f00000 space 1024K, 100% used [0x00000000c3e00000, 0x00000000c3f00000)
AC   0  O    TS    23 PTAMS 0x00000000c3f00000 NTAMS 0x00000000c3f00000 space 1024K, 100% used [0x00000000c3f00000, 0x00000000c4000000)
AC   0  O    TS    23 PTAMS 0x00000000c4000000 NTAMS 0x00000000c4000000 space 1024K, 100% used [0x00000000c4000000, 0x00000000c4100000)
AC   0  O    TS    23 PTAMS 0x00000000c4100000 NTAMS 0x00000000c4100000 space 1024K, 100% used [0x00000000c4100000, 0x00000000c4200000)
AC   0  O    TS    23 PTAMS 0x00000000c4200000 NTAMS 0x00000000c4200000 space 1024K, 100% used [0x00000000c4200000, 0x00000000c4300000)
AC   0  O    TS    23 PTAMS 0x00000000c4300000 NTAMS 0x00000000c4300000 space 1024K, 100% used [0x00000000c4300000, 0x00000000c4400000)
AC   0  O    TS     0 PTAMS 0x00000000c4500000 NTAMS 0x00000000c4500000 space 1024K, 100% used [0x00000000c4400000, 0x00000000c4500000)
AC   0  O    TS     0 PTAMS 0x00000000c4600000 NTAMS 0x00000000c4600000 space 1024K, 100% used [0x00000000c4500000, 0x00000000c4600000)
AC   0  O    TS     0 PTAMS 0x00000000c4700000 NTAMS 0x00000000c4700000 space 1024K, 100% used [0x00000000c4600000, 0x00000000c4700000)
AC   0  O    TS     0 PTAMS 0x00000000c4800000 NTAMS 0x00000000c4800000 space 1024K, 100% used [0x00000000c4700000, 0x00000000c4800000)
AC   0  O    TS    25 PTAMS 0x00000000c4800000 NTAMS 0x00000000c4800000 space 1024K, 100% used [0x00000000c4800000, 0x00000000c4900000)
AC   0  O    TS     0 PTAMS 0x00000000c4a00000 NTAMS 0x00000000c4a00000 space 1024K, 100% used [0x00000000c4900000, 0x00000000c4a00000)
AC   0  O    TS    25 PTAMS 0x00000000c4a00000 NTAMS 0x00000000c4a00000 space 1024K, 100% used [0x00000000c4a00000, 0x00000000c4b00000)
AC   0  O    TS    25 PTAMS 0x00000000c4b00000 NTAMS 0x00000000c4b00000 space 1024K, 100% used [0x00000000c4b00000, 0x00000000c4c00000)
AC   0  O    TS    25 PTAMS 0x00000000c4c00000 NTAMS 0x00000000c4c00000 space 1024K, 100% used [0x00000000c4c00000, 0x00000000c4d00000)
AC   0  O    TS     0 PTAMS 0x00000000c4e00000 NTAMS 0x00000000c4e00000 space 1024K, 100% used [0x00000000c4d00000, 0x00000000c4e00000)
AC   0  O    TS     0 PTAMS 0x00000000c4f00000 NTAMS 0x00000000c4f00000 space 1024K, 100% used [0x00000000c4e00000, 0x00000000c4f00000)
AC   0  O    TS    25 PTAMS 0x00000000c4f00000 NTAMS 0x00000000c4f00000 space 1024K, 100% used [0x00000000c4f00000, 0x00000000c5000000)
AC   0  O    TS     0 PTAMS 0x00000000c5100000 NTAMS 0x00000000c5100000 space 1024K, 100% used [0x00000000c5000000, 0x00000000c5100000)
AC   0  O    TS     0 PTAMS 0x00000000c5200000 NTAMS 0x00000000c5200000 space 1024K, 100% used [0x00000000c5100000, 0x00000000c5200000)
AC   0  O    TS     0 PTAMS 0x00000000c5300000 NTAMS 0x00000000c5300000 space 1024K, 100% used [0x00000000c5200000, 0x00000000c5300000)
AC   0  O    TS     0 PTAMS 0x00000000c5400000 NTAMS 0x00000000c5400000 space 1024K, 100% used [0x00000000c5300000, 0x00000000c5400000)
AC   0  O    TS     0 PTAMS 0x00000000c5500000 NTAMS 0x00000000c5500000 space 1024K, 100% used [0x00000000c5400000, 0x00000000c5500000)
AC   0  O    TS     0 PTAMS 0x00000000c5600000 NTAMS 0x00000000c5600000 space 1024K, 100% used [0x00000000c5500000, 0x00000000c5600000)
AC   0  O    TS     1 PTAMS 0x00000000c5660c00 NTAMS 0x00000000c5660c00 space 1024K, 100% used [0x00000000c5600000, 0x00000000c5700000)
AC   0  O    TS    29 PTAMS 0x00000000c5700000 NTAMS 0x00000000c5700000 space 1024K, 100% used [0x00000000c5700000, 0x00000000c5800000)
AC   0  O    TS    37 PTAMS 0x00000000c5800000 NTAMS 0x00000000c5800000 space 1024K,  47% used [0x00000000c5800000, 0x00000000c5900000)
AC   0  F    TS     0 PTAMS 0x00000000c5900000 NTAMS 0x00000000c5900000 space 1024K,   0% used [0x00000000c5900000, 0x00000000c5a00000)
AC   0  F    TS     0 PTAMS 0x00000000c5a00000 NTAMS 0x00000000c5a00000 space 1024K,   0% used [0x00000000c5a00000, 0x00000000c5b00000)
AC   0  F    TS     0 PTAMS 0x00000000c5b00000 NTAMS 0x00000000c5b00000 space 1024K,   0% used [0x00000000c5b00000, 0x00000000c5c00000)
AC   0  F    TS     0 PTAMS 0x00000000c5c00000 NTAMS 0x00000000c5c00000 space 1024K,   0% used [0x00000000c5c00000, 0x00000000c5d00000)
AC   0  F    TS     0 PTAMS 0x00000000c5d00000 NTAMS 0x00000000c5d00000 space 1024K,   0% used [0x00000000c5d00000, 0x00000000c5e00000)
AC   0  F    TS     0 PTAMS 0x00000000c5e00000 NTAMS 0x00000000c5e00000 space 1024K,   0% used [0x00000000c5e00000, 0x00000000c5f00000)
AC   0  F    TS     0 PTAMS 0x00000000c5f00000 NTAMS 0x00000000c5f00000 space 1024K,   0% used [0x00000000c5f00000, 0x00000000c6000000)
AC   0  F    TS     0 PTAMS 0x00000000c6000000 NTAMS 0x00000000c6000000 space 1024K,   0% used [0x00000000c6000000, 0x00000000c6100000)
AC   0  F    TS     0 PTAMS 0x00000000c6100000 NTAMS 0x00000000c6100000 space 1024K,   0% used [0x00000000c6100000, 0x00000000c6200000)
AC   0  F    TS     0 PTAMS 0x00000000c6200000 NTAMS 0x00000000c6200000 space 1024K,   0% used [0x00000000c6200000, 0x00000000c6300000)
AC   0  O    TS     0 PTAMS 0x00000000c6400000 NTAMS 0x00000000c6400000 space 1024K, 100% used [0x00000000c6300000, 0x00000000c6400000)
AC   0  F    TS     0 PTAMS 0x00000000c6400000 NTAMS 0x00000000c6400000 space 1024K,   0% used [0x00000000c6400000, 0x00000000c6500000)
AC   0  F    TS     0 PTAMS 0x00000000c6500000 NTAMS 0x00000000c6500000 space 1024K,   0% used [0x00000000c6500000, 0x00000000c6600000)
AC   0  F    TS     0 PTAMS 0x00000000c6600000 NTAMS 0x00000000c6600000 space 1024K,   0% used [0x00000000c6600000, 0x00000000c6700000)
AC   0  F    TS     0 PTAMS 0x00000000c6700000 NTAMS 0x00000000c6700000 space 1024K,   0% used [0x00000000c6700000, 0x00000000c6800000)
AC   0  F    TS     0 PTAMS 0x00000000c6800000 NTAMS 0x00000000c6800000 space 1024K,   0% used [0x00000000c6800000, 0x00000000c6900000)
AC   0  F    TS     0 PTAMS 0x00000000c6900000 NTAMS 0x00000000c6900000 space 1024K,   0% used [0x00000000c6900000, 0x00000000c6a00000)
AC   0  O    TS     0 PTAMS 0x00000000c6b00000 NTAMS 0x00000000c6b00000 space 1024K, 100% used [0x00000000c6a00000, 0x00000000c6b00000)
AC   0  F    TS     0 PTAMS 0x00000000c6b00000 NTAMS 0x00000000c6b00000 space 1024K,   0% used [0x00000000c6b00000, 0x00000000c6c00000)
AC   0  F    TS     0 PTAMS 0x00000000c6c00000 NTAMS 0x00000000c6c00000 space 1024K,   0% used [0x00000000c6c00000, 0x00000000c6d00000)
AC   0  F    TS     0 PTAMS 0x00000000c6d00000 NTAMS 0x00000000c6d00000 space 1024K,   0% used [0x00000000c6d00000, 0x00000000c6e00000)
AC   0  F    TS     0 PTAMS 0x00000000c6e00000 NTAMS 0x00000000c6e00000 space 1024K,   0% used [0x00000000c6e00000, 0x00000000c6f00000)
AC   0  F    TS     0 PTAMS 0x00000000c6f00000 NTAMS 0x00000000c6f00000 space 1024K,   0% used [0x00000000c6f00000, 0x00000000c7000000)
AC   0  O    TS     0 PTAMS 0x00000000c7100000 NTAMS 0x00000000c7100000 space 1024K, 100% used [0x00000000c7000000, 0x00000000c7100000)
AC   0  F    TS     0 PTAMS 0x00000000c7100000 NTAMS 0x00000000c7100000 space 1024K,   0% used [0x00000000c7100000, 0x00000000c7200000)
AC   0  O    TS     0 PTAMS 0x00000000c7300000 NTAMS 0x00000000c7300000 space 1024K, 100% used [0x00000000c7200000, 0x00000000c7300000)
AC   0  F    TS     0 PTAMS 0x00000000c7300000 NTAMS 0x00000000c7300000 space 1024K,   0% used [0x00000000c7300000, 0x00000000c7400000)
AC   0  F    TS     0 PTAMS 0x00000000c7400000 NTAMS 0x00000000c7400000 space 1024K,   0% used [0x00000000c7400000, 0x00000000c7500000)
AC   0  F    TS     0 PTAMS 0x00000000c7500000 NTAMS 0x00000000c7500000 space 1024K,   0% used [0x00000000c7500000, 0x00000000c7600000)
AC   0  F    TS     0 PTAMS 0x00000000c7600000 NTAMS 0x00000000c7600000 space 1024K,   0% used [0x00000000c7600000, 0x00000000c7700000)
AC   0  F    TS     0 PTAMS 0x00000000c7700000 NTAMS 0x00000000c7700000 space 1024K,   0% used [0x00000000c7700000, 0x00000000c7800000)
AC   0  F    TS     0 PTAMS 0x00000000c7800000 NTAMS 0x00000000c7800000 space 1024K,   0% used [0x00000000c7800000, 0x00000000c7900000)
AC   0  F    TS     0 PTAMS 0x00000000c7900000 NTAMS 0x00000000c7900000 space 1024K,   0% used [0x00000000c7900000, 0x00000000c7a00000)
AC   0  F    TS     0 PTAMS 0x00000000c7a00000 NTAMS 0x00000000c7a00000 space 1024K,   0% used [0x00000000c7a00000, 0x00000000c7b00000)
AC   0  O    TS     0 PTAMS 0x00000000c7c00000 NTAMS 0x00000000c7c00000 space 1024K, 100% used [0x00000000c7b00000, 0x00000000c7c00000)
AC   0  O    TS     0 PTAMS 0x00000000c7d00000 NTAMS 0x00000000c7d00000 space 1024K, 100% used [0x00000000c7c00000, 0x00000000c7d00000)
AC   0  O    TS     0 PTAMS 0x00000000c7e00000 NTAMS 0x00000000c7e00000 space 1024K, 100% used [0x00000000c7d00000, 0x00000000c7e00000)
AC   0  F    TS     0 PTAMS 0x00000000c7e00000 NTAMS 0x00000000c7e00000 space 1024K,   0% used [0x00000000c7e00000, 0x00000000c7f00000)
AC   0  F    TS     0 PTAMS 0x00000000c7f00000 NTAMS 0x00000000c7f00000 space 1024K,   0% used [0x00000000c7f00000, 0x00000000c8000000)
AC   0  F    TS     0 PTAMS 0x00000000c8000000 NTAMS 0x00000000c8000000 space 1024K,   0% used [0x00000000c8000000, 0x00000000c8100000)
AC   0  F    TS     0 PTAMS 0x00000000c8100000 NTAMS 0x00000000c8100000 space 1024K,   0% used [0x00000000c8100000, 0x00000000c8200000)
AC   0  F    TS     0 PTAMS 0x00000000c8200000 NTAMS 0x00000000c8200000 space 1024K,   0% used [0x00000000c8200000, 0x00000000c8300000)
AC   0  F    TS     0 PTAMS 0x00000000c8300000 NTAMS 0x00000000c8300000 space 1024K,   0% used [0x00000000c8300000, 0x00000000c8400000)
AC   0  F    TS     0 PTAMS 0x00000000c8400000 NTAMS 0x00000000c8400000 space 1024K,   0% used [0x00000000c8400000, 0x00000000c8500000)
AC   0  F    TS     0 PTAMS 0x00000000c8500000 NTAMS 0x00000000c8500000 space 1024K,   0% used [0x00000000c8500000, 0x00000000c8600000)
AC   0  F    TS     0 PTAMS 0x00000000c8600000 NTAMS 0x00000000c8600000 space 1024K,   0% used [0x00000000c8600000, 0x00000000c8700000)
AC   0  F    TS     0 PTAMS 0x00000000c8700000 NTAMS 0x00000000c8700000 space 1024K,   0% used [0x00000000c8700000, 0x00000000c8800000)
AC   0  F    TS     0 PTAMS 0x00000000c8800000 NTAMS 0x00000000c8800000 space 1024K,   0% used [0x00000000c8800000, 0x00000000c8900000)
AC   0  F    TS     0 PTAMS 0x00000000c8900000 NTAMS 0x00000000c8900000 space 1024K,   0% used [0x00000000c8900000, 0x00000000c8a00000)
AC   0  F    TS     0 PTAMS 0x00000000c8a00000 NTAMS 0x00000000c8a00000 space 1024K,   0% used [0x00000000c8a00000, 0x00000000c8b00000)
AC   0  F    TS     0 PTAMS 0x00000000c8b00000 NTAMS 0x00000000c8b00000 space 1024K,   0% used [0x00000000c8b00000, 0x00000000c8c00000)
AC   0  F    TS     0 PTAMS 0x00000000c8c00000 NTAMS 0x00000000c8c00000 space 1024K,   0% used [0x00000000c8c00000, 0x00000000c8d00000)
AC   0  F    TS     0 PTAMS 0x00000000c8d00000 NTAMS 0x00000000c8d00000 space 1024K,   0% used [0x00000000c8d00000, 0x00000000c8e00000)
AC   0  F    TS     0 PTAMS 0x00000000c8e00000 NTAMS 0x00000000c8e00000 space 1024K,   0% used [0x00000000c8e00000, 0x00000000c8f00000)
AC   0  F    TS     0 PTAMS 0x00000000c8f00000 NTAMS 0x00000000c8f00000 space 1024K,   0% used [0x00000000c8f00000, 0x00000000c9000000)
AC   0  F    TS     0 PTAMS 0x00000000c9000000 NTAMS 0x00000000c9000000 space 1024K,   0% used [0x00000000c9000000, 0x00000000c9100000)
AC   0  F    TS     0 PTAMS 0x00000000c9100000 NTAMS 0x00000000c9100000 space 1024K,   0% used [0x00000000c9100000, 0x00000000c9200000)
AC   0  F    TS     0 PTAMS 0x00000000c9200000 NTAMS 0x00000000c9200000 space 1024K,   0% used [0x00000000c9200000, 0x00000000c9300000)
AC   0  F    TS     0 PTAMS 0x00000000c9300000 NTAMS 0x00000000c9300000 space 1024K,   0% used [0x00000000c9300000, 0x00000000c9400000)
AC   0  F    TS     0 PTAMS 0x00000000c9400000 NTAMS 0x00000000c9400000 space 1024K,   0% used [0x00000000c9400000, 0x00000000c9500000)
AC   0  F    TS     0 PTAMS 0x00000000c9500000 NTAMS 0x00000000c9500000 space 1024K,   0% used [0x00000000c9500000, 0x00000000c9600000)
AC   0  F    TS     0 PTAMS 0x00000000c9600000 NTAMS 0x00000000c9600000 space 1024K,   0% used [0x00000000c9600000, 0x00000000c9700000)
AC   0  F    TS     0 PTAMS 0x00000000c9700000 NTAMS 0x00000000c9700000 space 1024K,   0% used [0x00000000c9700000, 0x00000000c9800000)
AC   0  F    TS     0 PTAMS 0x00000000c9800000 NTAMS 0x00000000c9800000 space 1024K,   0% used [0x00000000c9800000, 0x00000000c9900000)
AC   0  F    TS     0 PTAMS 0x00000000c9900000 NTAMS 0x00000000c9900000 space 1024K,   0% used [0x00000000c9900000, 0x00000000c9a00000)
AC   0  F    TS     0 PTAMS 0x00000000c9a00000 NTAMS 0x00000000c9a00000 space 1024K,   0% used [0x00000000c9a00000, 0x00000000c9b00000)
AC   0  F    TS     0 PTAMS 0x00000000c9b00000 NTAMS 0x00000000c9b00000 space 1024K,   0% used [0x00000000c9b00000, 0x00000000c9c00000)
AC   0  F    TS     0 PTAMS 0x00000000c9c00000 NTAMS 0x00000000c9c00000 space 1024K,   0% used [0x00000000c9c00000, 0x00000000c9d00000)
AC   0  F    TS     0 PTAMS 0x00000000c9d00000 NTAMS 0x00000000c9d00000 space 1024K,   0% used [0x00000000c9d00000, 0x00000000c9e00000)
AC   0  F    TS     0 PTAMS 0x00000000c9e00000 NTAMS 0x00000000c9e00000 space 1024K,   0% used [0x00000000c9e00000, 0x00000000c9f00000)
AC   0  F    TS     0 PTAMS 0x00000000c9f00000 NTAMS 0x00000000c9f00000 space 1024K,   0% used [0x00000000c9f00000, 0x00000000ca000000)
AC   0  F    TS     0 PTAMS 0x00000000ca000000 NTAMS 0x00000000ca000000 space 1024K,   0% used [0x00000000ca000000, 0x00000000ca100000)
AC   0  F    TS     0 PTAMS 0x00000000ca100000 NTAMS 0x00000000ca100000 space 1024K,   0% used [0x00000000ca100000, 0x00000000ca200000)
AC   0  F    TS     0 PTAMS 0x00000000ca200000 NTAMS 0x00000000ca200000 space 1024K,   0% used [0x00000000ca200000, 0x00000000ca300000)
AC   0  F    TS     0 PTAMS 0x00000000ca300000 NTAMS 0x00000000ca300000 space 1024K,   0% used [0x00000000ca300000, 0x00000000ca400000)
AC   0  F    TS     0 PTAMS 0x00000000ca400000 NTAMS 0x00000000ca400000 space 1024K,   0% used [0x00000000ca400000, 0x00000000ca500000)
AC   0  F    TS     0 PTAMS 0x00000000ca500000 NTAMS 0x00000000ca500000 space 1024K,   0% used [0x00000000ca500000, 0x00000000ca600000)
AC   0  F    TS     0 PTAMS 0x00000000ca600000 NTAMS 0x00000000ca600000 space 1024K,   0% used [0x00000000ca600000, 0x00000000ca700000)
AC   0  F    TS     0 PTAMS 0x00000000ca700000 NTAMS 0x00000000ca700000 space 1024K,   0% used [0x00000000ca700000, 0x00000000ca800000)
AC   0  F    TS     0 PTAMS 0x00000000ca800000 NTAMS 0x00000000ca800000 space 1024K,   0% used [0x00000000ca800000, 0x00000000ca900000)
AC   0  F    TS     0 PTAMS 0x00000000ca900000 NTAMS 0x00000000ca900000 space 1024K,   0% used [0x00000000ca900000, 0x00000000caa00000)
AC   0  F    TS     0 PTAMS 0x00000000caa00000 NTAMS 0x00000000caa00000 space 1024K,   0% used [0x00000000caa00000, 0x00000000cab00000)
AC   0  F    TS     0 PTAMS 0x00000000cab00000 NTAMS 0x00000000cab00000 space 1024K,   0% used [0x00000000cab00000, 0x00000000cac00000)
AC   0  F    TS     0 PTAMS 0x00000000cac00000 NTAMS 0x00000000cac00000 space 1024K,   0% used [0x00000000cac00000, 0x00000000cad00000)
AC   0  F    TS     0 PTAMS 0x00000000cad00000 NTAMS 0x00000000cad00000 space 1024K,   0% used [0x00000000cad00000, 0x00000000cae00000)
AC   0  F    TS     0 PTAMS 0x00000000cae00000 NTAMS 0x00000000cae00000 space 1024K,   0% used [0x00000000cae00000, 0x00000000caf00000)
AC   0  F    TS     0 PTAMS 0x00000000caf00000 NTAMS 0x00000000caf00000 space 1024K,   0% used [0x00000000caf00000, 0x00000000cb000000)
AC   0  F    TS     0 PTAMS 0x00000000cb000000 NTAMS 0x00000000cb000000 space 1024K,   0% used [0x00000000cb000000, 0x00000000cb100000)
AC   0  F    TS     0 PTAMS 0x00000000cb100000 NTAMS 0x00000000cb100000 space 1024K,   0% used [0x00000000cb100000, 0x00000000cb200000)
AC   0  F    TS     0 PTAMS 0x00000000cb200000 NTAMS 0x00000000cb200000 space 1024K,   0% used [0x00000000cb200000, 0x00000000cb300000)
AC   0  F    TS     0 PTAMS 0x00000000cb300000 NTAMS 0x00000000cb300000 space 1024K,   0% used [0x00000000cb300000, 0x00000000cb400000)
AC   0  E    TS    35 PTAMS 0x00000000cb400000 NTAMS 0x00000000cb400000 space 1024K, 100% used [0x00000000cb400000, 0x00000000cb500000)
AC   0  E CS TS    35 PTAMS 0x00000000cb500000 NTAMS 0x00000000cb500000 space 1024K, 100% used [0x00000000cb500000, 0x00000000cb600000)
AC   0  E CS TS    35 PTAMS 0x00000000cb600000 NTAMS 0x00000000cb600000 space 1024K, 100% used [0x00000000cb600000, 0x00000000cb700000)
AC   0  E CS TS    35 PTAMS 0x00000000cb700000 NTAMS 0x00000000cb700000 space 1024K, 100% used [0x00000000cb700000, 0x00000000cb800000)
AC   0  E CS TS    35 PTAMS 0x00000000cb800000 NTAMS 0x00000000cb800000 space 1024K, 100% used [0x00000000cb800000, 0x00000000cb900000)
AC   0  E CS TS     0 PTAMS 0x00000000cb900000 NTAMS 0x00000000cb900000 space 1024K, 100% used [0x00000000cb900000, 0x00000000cba00000)
AC   0  E CS TS     0 PTAMS 0x00000000cba00000 NTAMS 0x00000000cba00000 space 1024K, 100% used [0x00000000cba00000, 0x00000000cbb00000)
AC   0  E CS TS     0 PTAMS 0x00000000cbb00000 NTAMS 0x00000000cbb00000 space 1024K, 100% used [0x00000000cbb00000, 0x00000000cbc00000)
AC   0  E CS TS    13 PTAMS 0x00000000cbc00000 NTAMS 0x00000000cbc00000 space 1024K, 100% used [0x00000000cbc00000, 0x00000000cbd00000)
AC   0  E CS TS    13 PTAMS 0x00000000cbd00000 NTAMS 0x00000000cbd00000 space 1024K, 100% used [0x00000000cbd00000, 0x00000000cbe00000)
AC   0  E CS TS    13 PTAMS 0x00000000cbe00000 NTAMS 0x00000000cbe00000 space 1024K, 100% used [0x00000000cbe00000, 0x00000000cbf00000)
AC   0  E CS TS    13 PTAMS 0x00000000cbf00000 NTAMS 0x00000000cbf00000 space 1024K, 100% used [0x00000000cbf00000, 0x00000000cc000000)
AC   0  S CS TS    37 PTAMS 0x00000000cc000000 NTAMS 0x00000000cc000000 space 1024K,  99% used [0x00000000cc000000, 0x00000000cc100000)
AC   0  S CS TS    37 PTAMS 0x00000000cc100000 NTAMS 0x00000000cc100000 space 1024K, 100% used [0x00000000cc100000, 0x00000000cc200000)
AC   0  S CS TS    37 PTAMS 0x00000000cc200000 NTAMS 0x00000000cc200000 space 1024K, 100% used [0x00000000cc200000, 0x00000000cc300000)
AC   0  S CS TS    37 PTAMS 0x00000000cc300000 NTAMS 0x00000000cc300000 space 1024K, 100% used [0x00000000cc300000, 0x00000000cc400000)
AC   0  E CS TS     0 PTAMS 0x00000000cc400000 NTAMS 0x00000000cc400000 space 1024K, 100% used [0x00000000cc400000, 0x00000000cc500000)
AC   0  E CS TS     0 PTAMS 0x00000000cc500000 NTAMS 0x00000000cc500000 space 1024K, 100% used [0x00000000cc500000, 0x00000000cc600000)
AC   0  E CS TS     0 PTAMS 0x00000000cc600000 NTAMS 0x00000000cc600000 space 1024K, 100% used [0x00000000cc600000, 0x00000000cc700000)
AC   0  E CS TS     0 PTAMS 0x00000000cc700000 NTAMS 0x00000000cc700000 space 1024K, 100% used [0x00000000cc700000, 0x00000000cc800000)
AC   0  E CS TS     0 PTAMS 0x00000000cc800000 NTAMS 0x00000000cc800000 space 1024K, 100% used [0x00000000cc800000, 0x00000000cc900000)
AC   0  E CS TS     0 PTAMS 0x00000000cc900000 NTAMS 0x00000000cc900000 space 1024K, 100% used [0x00000000cc900000, 0x00000000cca00000)
AC   0  E CS TS     0 PTAMS 0x00000000cca00000 NTAMS 0x00000000cca00000 space 1024K, 100% used [0x00000000cca00000, 0x00000000ccb00000)
AC   0  E CS TS     0 PTAMS 0x00000000ccb00000 NTAMS 0x00000000ccb00000 space 1024K, 100% used [0x00000000ccb00000, 0x00000000ccc00000)
AC   0  E CS TS     0 PTAMS 0x00000000ccc00000 NTAMS 0x00000000ccc00000 space 1024K, 100% used [0x00000000ccc00000, 0x00000000ccd00000)
AC   0  E CS TS     0 PTAMS 0x00000000ccd00000 NTAMS 0x00000000ccd00000 space 1024K, 100% used [0x00000000ccd00000, 0x00000000cce00000)
AC   0  E CS TS     0 PTAMS 0x00000000cce00000 NTAMS 0x00000000cce00000 space 1024K, 100% used [0x00000000cce00000, 0x00000000ccf00000)
AC   0  E CS TS     0 PTAMS 0x00000000ccf00000 NTAMS 0x00000000ccf00000 space 1024K, 100% used [0x00000000ccf00000, 0x00000000cd000000)
AC   0  E CS TS    33 PTAMS 0x00000000cd000000 NTAMS 0x00000000cd000000 space 1024K, 100% used [0x00000000cd000000, 0x00000000cd100000)
AC   0  E CS TS    33 PTAMS 0x00000000cd100000 NTAMS 0x00000000cd100000 space 1024K, 100% used [0x00000000cd100000, 0x00000000cd200000)
AC   0  E CS TS    33 PTAMS 0x00000000cd200000 NTAMS 0x00000000cd200000 space 1024K, 100% used [0x00000000cd200000, 0x00000000cd300000)
AC   0  E CS TS    33 PTAMS 0x00000000cd300000 NTAMS 0x00000000cd300000 space 1024K, 100% used [0x00000000cd300000, 0x00000000cd400000)
AC   0  E CS TS    33 PTAMS 0x00000000cd400000 NTAMS 0x00000000cd400000 space 1024K, 100% used [0x00000000cd400000, 0x00000000cd500000)
AC   0  E CS TS    19 PTAMS 0x00000000cd500000 NTAMS 0x00000000cd500000 space 1024K, 100% used [0x00000000cd500000, 0x00000000cd600000)
AC   0  E CS TS    19 PTAMS 0x00000000cd600000 NTAMS 0x00000000cd600000 space 1024K, 100% used [0x00000000cd600000, 0x00000000cd700000)
AC   0  E CS TS     0 PTAMS 0x00000000cd700000 NTAMS 0x00000000cd700000 space 1024K, 100% used [0x00000000cd700000, 0x00000000cd800000)
AC   0  E CS TS     0 PTAMS 0x00000000cd800000 NTAMS 0x00000000cd800000 space 1024K, 100% used [0x00000000cd800000, 0x00000000cd900000)
AC   0  E CS TS     0 PTAMS 0x00000000cd900000 NTAMS 0x00000000cd900000 space 1024K, 100% used [0x00000000cd900000, 0x00000000cda00000)
AC   0  E CS TS     0 PTAMS 0x00000000cda00000 NTAMS 0x00000000cda00000 space 1024K, 100% used [0x00000000cda00000, 0x00000000cdb00000)
AC   0  E CS TS     0 PTAMS 0x00000000cdb00000 NTAMS 0x00000000cdb00000 space 1024K, 100% used [0x00000000cdb00000, 0x00000000cdc00000)
AC   0  E CS TS     0 PTAMS 0x00000000cdc00000 NTAMS 0x00000000cdc00000 space 1024K, 100% used [0x00000000cdc00000, 0x00000000cdd00000)
AC   0  E CS TS     0 PTAMS 0x00000000cdd00000 NTAMS 0x00000000cdd00000 space 1024K, 100% used [0x00000000cdd00000, 0x00000000cde00000)
AC   0  E CS TS     0 PTAMS 0x00000000cde00000 NTAMS 0x00000000cde00000 space 1024K, 100% used [0x00000000cde00000, 0x00000000cdf00000)
AC   0  E CS TS     0 PTAMS 0x00000000cdf00000 NTAMS 0x00000000cdf00000 space 1024K, 100% used [0x00000000cdf00000, 0x00000000ce000000)
AC   0  E CS TS     0 PTAMS 0x00000000ce000000 NTAMS 0x00000000ce000000 space 1024K, 100% used [0x00000000ce000000, 0x00000000ce100000)
AC   0  E CS TS     0 PTAMS 0x00000000ce100000 NTAMS 0x00000000ce100000 space 1024K, 100% used [0x00000000ce100000, 0x00000000ce200000)
AC   0  E CS TS     0 PTAMS 0x00000000ce200000 NTAMS 0x00000000ce200000 space 1024K, 100% used [0x00000000ce200000, 0x00000000ce300000)
AC   0  E CS TS     0 PTAMS 0x00000000ce300000 NTAMS 0x00000000ce300000 space 1024K, 100% used [0x00000000ce300000, 0x00000000ce400000)
AC   0  E CS TS    23 PTAMS 0x00000000ce400000 NTAMS 0x00000000ce400000 space 1024K, 100% used [0x00000000ce400000, 0x00000000ce500000)
AC   0  E CS TS    23 PTAMS 0x00000000ce500000 NTAMS 0x00000000ce500000 space 1024K, 100% used [0x00000000ce500000, 0x00000000ce600000)
AC   0  E CS TS    31 PTAMS 0x00000000ce600000 NTAMS 0x00000000ce600000 space 1024K, 100% used [0x00000000ce600000, 0x00000000ce700000)
AC   0  E CS TS    31 PTAMS 0x00000000ce700000 NTAMS 0x00000000ce700000 space 1024K, 100% used [0x00000000ce700000, 0x00000000ce800000)
AC   0  E CS TS    31 PTAMS 0x00000000ce800000 NTAMS 0x00000000ce800000 space 1024K, 100% used [0x00000000ce800000, 0x00000000ce900000)
AC   0  E CS TS    21 PTAMS 0x00000000ce900000 NTAMS 0x00000000ce900000 space 1024K, 100% used [0x00000000ce900000, 0x00000000cea00000)
AC   0  E CS TS    21 PTAMS 0x00000000cea00000 NTAMS 0x00000000cea00000 space 1024K, 100% used [0x00000000cea00000, 0x00000000ceb00000)
AC   0  E CS TS    21 PTAMS 0x00000000ceb00000 NTAMS 0x00000000ceb00000 space 1024K, 100% used [0x00000000ceb00000, 0x00000000cec00000)
AC   0  E CS TS    21 PTAMS 0x00000000cec00000 NTAMS 0x00000000cec00000 space 1024K, 100% used [0x00000000cec00000, 0x00000000ced00000)
AC   0  E CS TS     0 PTAMS 0x00000000ced00000 NTAMS 0x00000000ced00000 space 1024K, 100% used [0x00000000ced00000, 0x00000000cee00000)
AC   0  E CS TS     0 PTAMS 0x00000000cee00000 NTAMS 0x00000000cee00000 space 1024K, 100% used [0x00000000cee00000, 0x00000000cef00000)
AC   0  E CS TS     0 PTAMS 0x00000000cef00000 NTAMS 0x00000000cef00000 space 1024K, 100% used [0x00000000cef00000, 0x00000000cf000000)
AC   0  E CS TS     0 PTAMS 0x00000000cf000000 NTAMS 0x00000000cf000000 space 1024K, 100% used [0x00000000cf000000, 0x00000000cf100000)
AC   0  E CS TS     0 PTAMS 0x00000000cf100000 NTAMS 0x00000000cf100000 space 1024K, 100% used [0x00000000cf100000, 0x00000000cf200000)
AC   0  E CS TS     0 PTAMS 0x00000000cf200000 NTAMS 0x00000000cf200000 space 1024K, 100% used [0x00000000cf200000, 0x00000000cf300000)
AC   0  E CS TS     0 PTAMS 0x00000000cf300000 NTAMS 0x00000000cf300000 space 1024K, 100% used [0x00000000cf300000, 0x00000000cf400000)
AC   0  E CS TS     0 PTAMS 0x00000000cf400000 NTAMS 0x00000000cf400000 space 1024K, 100% used [0x00000000cf400000, 0x00000000cf500000)
AC   0  E CS TS     0 PTAMS 0x00000000cf500000 NTAMS 0x00000000cf500000 space 1024K, 100% used [0x00000000cf500000, 0x00000000cf600000)
AC   0  E CS TS     0 PTAMS 0x00000000cf600000 NTAMS 0x00000000cf600000 space 1024K, 100% used [0x00000000cf600000, 0x00000000cf700000)
AC   0  E CS TS     0 PTAMS 0x00000000cf700000 NTAMS 0x00000000cf700000 space 1024K, 100% used [0x00000000cf700000, 0x00000000cf800000)
AC   0  E CS TS     0 PTAMS 0x00000000cf800000 NTAMS 0x00000000cf800000 space 1024K, 100% used [0x00000000cf800000, 0x00000000cf900000)
AC   0  E CS TS    27 PTAMS 0x00000000cf900000 NTAMS 0x00000000cf900000 space 1024K, 100% used [0x00000000cf900000, 0x00000000cfa00000)
AC   0  E CS TS    29 PTAMS 0x00000000cfa00000 NTAMS 0x00000000cfa00000 space 1024K, 100% used [0x00000000cfa00000, 0x00000000cfb00000)
AC   0  E CS TS    29 PTAMS 0x00000000cfb00000 NTAMS 0x00000000cfb00000 space 1024K, 100% used [0x00000000cfb00000, 0x00000000cfc00000)
AC   0  E CS TS    27 PTAMS 0x00000000cfc00000 NTAMS 0x00000000cfc00000 space 1024K, 100% used [0x00000000cfc00000, 0x00000000cfd00000)
AC   0  E CS TS     0 PTAMS 0x00000000cfd00000 NTAMS 0x00000000cfd00000 space 1024K, 100% used [0x00000000cfd00000, 0x00000000cfe00000)
AC   0  E CS TS    15 PTAMS 0x00000000cfe00000 NTAMS 0x00000000cfe00000 space 1024K, 100% used [0x00000000cfe00000, 0x00000000cff00000)
AC   0  E CS TS    15 PTAMS 0x00000000cff00000 NTAMS 0x00000000cff00000 space 1024K, 100% used [0x00000000cff00000, 0x00000000d0000000)
AC   0  E CS TS     0 PTAMS 0x00000000d0000000 NTAMS 0x00000000d0000000 space 1024K, 100% used [0x00000000d0000000, 0x00000000d0100000)
AC   0  E CS TS     0 PTAMS 0x00000000d0100000 NTAMS 0x00000000d0100000 space 1024K, 100% used [0x00000000d0100000, 0x00000000d0200000)
AC   0  E CS TS     0 PTAMS 0x00000000d0200000 NTAMS 0x00000000d0200000 space 1024K, 100% used [0x00000000d0200000, 0x00000000d0300000)
AC   0  E CS TS     0 PTAMS 0x00000000d0300000 NTAMS 0x00000000d0300000 space 1024K, 100% used [0x00000000d0300000, 0x00000000d0400000)
AC   0  E CS TS     0 PTAMS 0x00000000d0400000 NTAMS 0x00000000d0400000 space 1024K, 100% used [0x00000000d0400000, 0x00000000d0500000)
AC   0  O    TS     0 PTAMS 0x00000000d0600000 NTAMS 0x00000000d0600000 space 1024K, 100% used [0x00000000d0500000, 0x00000000d0600000)
AC   0  E CS TS     0 PTAMS 0x00000000d0600000 NTAMS 0x00000000d0600000 space 1024K, 100% used [0x00000000d0600000, 0x00000000d0700000)
AC   0  E CS TS     0 PTAMS 0x00000000d0700000 NTAMS 0x00000000d0700000 space 1024K, 100% used [0x00000000d0700000, 0x00000000d0800000)
AC   0  E CS TS     0 PTAMS 0x00000000d0800000 NTAMS 0x00000000d0800000 space 1024K, 100% used [0x00000000d0800000, 0x00000000d0900000)

Card table byte_map: [0x00000000137c0000,0x00000000139c0000] byte_map_base: 0x00000000131c0000

Marking Bits (Prev, Next): (CMBitMap*) 0x00000000002ec060, (CMBitMap*) 0x00000000002ec008
 Prev Bits: [0x0000000014bc0000, 0x0000000015bc0000)
 Next Bits: [0x0000000013bc0000, 0x0000000014bc0000)

Polling page: 0x0000000000350000

CodeCache: size=245760Kb used=53400Kb max_used=53505Kb free=192359Kb
 bounds [0x00000000033c0000, 0x0000000006870000, 0x00000000123c0000]
 total_blobs=14537 nmethods=13521 adapters=924
 compilation: enabled

Compilation events (10 events):
Event: 4845.117 Thread 0x0000000018f0c800 17493       3       com.sun.org.apache.xerces.internal.utils.XMLSecurityManager::convert (110 bytes)
Event: 4845.118 Thread 0x0000000018f0c800 nmethod 17493 0x0000000005d3c390 code [0x0000000005d3c5e0, 0x0000000005d3d838]
Event: 4845.119 Thread 0x0000000018f0c800 17491       3       com.sun.org.apache.xerces.internal.jaxp.DocumentBuilderImpl::<init> (601 bytes)
Event: 4845.161 Thread 0x0000000018f0c800 nmethod 17491 0x0000000006492690 code [0x0000000006492c20, 0x00000000064964c8]
Event: 4845.162 Thread 0x0000000018f0c800 17495       3       org.eclipse.core.runtime.Path::fromPortableString (184 bytes)
Event: 4845.163 Thread 0x0000000018f0c800 nmethod 17495 0x00000000064908d0 code [0x0000000006490b60, 0x0000000006491e18]
Event: 4845.164 Thread 0x0000000018f0c800 17492       3       com.sun.org.apache.xerces.internal.parsers.DOMParser::<init> (7 bytes)
Event: 4845.164 Thread 0x0000000018f0c800 nmethod 17492 0x0000000003a64b90 code [0x0000000003a64d00, 0x0000000003a64ea8]
Event: 4845.166 Thread 0x0000000018f0c800 17496       1       org.eclipse.debug.internal.core.LaunchConfigurationInfo::getType (5 bytes)
Event: 4845.166 Thread 0x0000000018f0c800 nmethod 17496 0x00000000043523d0 code [0x0000000004352520, 0x0000000004352630]

GC Heap History (10 events):
Event: 2822.778 GC heap before
{Heap before GC invocations=79 (full 0):
 garbage-first heap   total 271360K, used 110538K [0x00000000c0000000, 0x00000000c0100848, 0x0000000100000000)
  region size 1024K, 13 young (13312K), 2 survivors (2048K)
 Metaspace       used 111561K, capacity 121704K, committed 121852K, reserved 1155072K
  class space    used 13820K, capacity 16880K, committed 16944K, reserved 1048576K
Event: 2822.817 GC heap after
Heap after GC invocations=80 (full 0):
 garbage-first heap   total 271360K, used 99469K [0x00000000c0000000, 0x00000000c0100848, 0x0000000100000000)
  region size 1024K, 2 young (2048K), 2 survivors (2048K)
 Metaspace       used 111561K, capacity 121704K, committed 121852K, reserved 1155072K
  class space    used 13820K, capacity 16880K, committed 16944K, reserved 1048576K
}
Event: 3017.334 GC heap before
{Heap before GC invocations=80 (full 0):
 garbage-first heap   total 271360K, used 129165K [0x00000000c0000000, 0x00000000c0100848, 0x0000000100000000)
  region size 1024K, 31 young (31744K), 2 survivors (2048K)
 Metaspace       used 111754K, capacity 121768K, committed 122108K, reserved 1155072K
  class space    used 13820K, capacity 16880K, committed 16944K, reserved 1048576K
Event: 3017.347 GC heap after
Heap after GC invocations=81 (full 0):
 garbage-first heap   total 271360K, used 101339K [0x00000000c0000000, 0x00000000c0100848, 0x0000000100000000)
  region size 1024K, 3 young (3072K), 3 survivors (3072K)
 Metaspace       used 111754K, capacity 121768K, committed 122108K, reserved 1155072K
  class space    used 13820K, capacity 16880K, committed 16944K, reserved 1048576K
}
Event: 4522.224 GC heap before
{Heap before GC invocations=81 (full 0):
 garbage-first heap   total 271360K, used 150491K [0x00000000c0000000, 0x00000000c0100848, 0x0000000100000000)
  region size 1024K, 51 young (52224K), 3 survivors (3072K)
 Metaspace       used 111930K, capacity 122024K, committed 122364K, reserved 1155072K
  class space    used 13820K, capacity 16880K, committed 16944K, reserved 1048576K
Event: 4522.280 GC heap after
Heap after GC invocations=82 (full 0):
 garbage-first heap   total 271360K, used 102884K [0x00000000c0000000, 0x00000000c0100848, 0x0000000100000000)
  region size 1024K, 5 young (5120K), 5 survivors (5120K)
 Metaspace       used 111930K, capacity 122024K, committed 122364K, reserved 1155072K
  class space    used 13820K, capacity 16880K, committed 16944K, reserved 1048576K
}
Event: 4658.153 GC heap before
{Heap before GC invocations=82 (full 0):
 garbage-first heap   total 271360K, used 178660K [0x00000000c0000000, 0x00000000c0100848, 0x0000000100000000)
  region size 1024K, 79 young (80896K), 5 survivors (5120K)
 Metaspace       used 112514K, capacity 122612K, committed 122876K, reserved 1155072K
  class space    used 13828K, capacity 16882K, committed 16944K, reserved 1048576K
Event: 4658.337 GC heap after
Heap after GC invocations=83 (full 0):
 garbage-first heap   total 271360K, used 102884K [0x00000000c0000000, 0x00000000c0100848, 0x0000000100000000)
  region size 1024K, 5 young (5120K), 5 survivors (5120K)
 Metaspace       used 112514K, capacity 122612K, committed 122876K, reserved 1155072K
  class space    used 13828K, capacity 16882K, committed 16944K, reserved 1048576K
}
Event: 4718.781 GC heap before
{Heap before GC invocations=83 (full 0):
 garbage-first heap   total 271360K, used 172516K [0x00000000c0000000, 0x00000000c0100848, 0x0000000100000000)
  region size 1024K, 73 young (74752K), 5 survivors (5120K)
 Metaspace       used 112812K, capacity 122880K, committed 123132K, reserved 1155072K
  class space    used 13837K, capacity 16884K, committed 16944K, reserved 1048576K
Event: 4718.822 GC heap after
Heap after GC invocations=84 (full 0):
 garbage-first heap   total 271360K, used 102372K [0x00000000c0000000, 0x00000000c0100848, 0x0000000100000000)
  region size 1024K, 4 young (4096K), 4 survivors (4096K)
 Metaspace       used 112812K, capacity 122880K, committed 123132K, reserved 1155072K
  class space    used 13837K, capacity 16884K, committed 16944K, reserved 1048576K
}

Deoptimization events (10 events):
Event: 4750.674 Thread 0x000000000029f000 Uncommon trap: reason=class_check action=maybe_recompile pc=0x0000000005241758 method=org.eclipse.jface.text.rules.FastPartitioner.getPartition(I)Lorg/eclipse/jface/text/ITypedRegion; @ 48
Event: 4817.336 Thread 0x000000000029f000 Uncommon trap: reason=null_check action=make_not_entrant pc=0x000000000610d280 method=org.eclipse.e4.ui.workbench.renderers.swt.AbstractContributionItem.updateIcons()V @ 79
Event: 4817.342 Thread 0x000000000029f000 Uncommon trap: reason=null_check action=make_not_entrant pc=0x000000000611eb1c method=org.eclipse.e4.ui.workbench.renderers.swt.AbstractContributionItem.updateIcons()V @ 79
Event: 4817.854 Thread 0x000000000029f000 Uncommon trap: reason=unstable_if action=reinterpret pc=0x0000000004d41c44 method=org.eclipse.e4.ui.model.application.ui.menu.impl.ItemImpl.eIsSet(I)Z @ 248
Event: 4817.906 Thread 0x000000000029f000 Uncommon trap: reason=unstable_if action=reinterpret pc=0x0000000004d16ed8 method=org.eclipse.e4.ui.model.application.ui.menu.impl.ItemImpl.eIsSet(I)Z @ 248
Event: 4819.562 Thread 0x000000000029f000 Uncommon trap: reason=unstable_if action=reinterpret pc=0x0000000006728710 method=org.eclipse.jdt.internal.core.SearchableEnvironment.find(Ljava/lang/String;Ljava/lang/String;)Lorg/eclipse/jdt/internal/compiler/env/NameEnvironmentAnswer; @ 11
Event: 4821.314 Thread 0x000000001f1ca000 Uncommon trap: reason=unstable_if action=reinterpret pc=0x0000000005d9469c method=org.eclipse.jdt.internal.core.builder.ClasspathJar.isPackage(Ljava/lang/String;)Z @ 20
Event: 4821.702 Thread 0x000000001f1ca000 Uncommon trap: reason=unstable_if action=reinterpret pc=0x0000000006572040 method=org.eclipse.jdt.internal.core.NameLookup.seekTypes(Ljava/lang/String;Lorg/eclipse/jdt/core/IPackageFragment;ZILorg/eclipse/jdt/internal/core/IJavaElementRequestor;Z)V @ 58
Event: 4823.940 Thread 0x000000000029f000 Uncommon trap: reason=bimorphic action=maybe_recompile pc=0x0000000005f0a81c method=org.eclipse.swt.widgets.Composite.wmNotify(Lorg/eclipse/swt/internal/win32/NMHDR;JJ)Lorg/eclipse/swt/internal/win32/LRESULT; @ 246
Event: 4823.943 Thread 0x000000000029f000 Uncommon trap: reason=bimorphic action=maybe_recompile pc=0x0000000005f0a81c method=org.eclipse.swt.widgets.Composite.wmNotify(Lorg/eclipse/swt/internal/win32/NMHDR;JJ)Lorg/eclipse/swt/internal/win32/LRESULT; @ 246

Classes redefined (0 events):
No events

Internal exceptions (10 events):
Event: 4733.984 Thread 0x00000000203ff800 Exception <a 'java/lang/ArrayIndexOutOfBoundsException'> (0x00000000cfc4a040) thrown at [C:\jenkins\workspace\8-2-build-windows-amd64-cygwin\jdk8u271\605\hotspot\src\share\vm\runtime\sharedRuntime.cpp, line 609]
Event: 4757.982 Thread 0x000000000029f000 Exception <a 'java/lang/ClassNotFoundException': sun/net/www/protocol/about/Handler> (0x00000000cedc4930) thrown at [C:\jenkins\workspace\8-2-build-windows-amd64-cygwin\jdk8u271\605\hotspot\src\share\vm\classfile\systemDictionary.cpp, line 212]
Event: 4757.990 Thread 0x000000000029f000 Exception <a 'java/lang/ClassNotFoundException': sun/net/www/protocol/about/Handler> (0x00000000cedda968) thrown at [C:\jenkins\workspace\8-2-build-windows-amd64-cygwin\jdk8u271\605\hotspot\src\share\vm\classfile\systemDictionary.cpp, line 212]
Event: 4758.837 Thread 0x000000000029f000 Exception <a 'java/lang/ClassNotFoundException': sun/net/www/protocol/about/Handler> (0x00000000cedf02a8) thrown at [C:\jenkins\workspace\8-2-build-windows-amd64-cygwin\jdk8u271\605\hotspot\src\share\vm\classfile\systemDictionary.cpp, line 212]
Event: 4758.851 Thread 0x000000000029f000 Exception <a 'java/lang/ClassNotFoundException': sun/net/www/protocol/about/Handler> (0x00000000ceb8ad30) thrown at [C:\jenkins\workspace\8-2-build-windows-amd64-cygwin\jdk8u271\605\hotspot\src\share\vm\classfile\systemDictionary.cpp, line 212]
Event: 4799.604 Thread 0x000000000029f000 Exception <a 'java/lang/ArrayIndexOutOfBoundsException'> (0x00000000ce314f10) thrown at [C:\jenkins\workspace\8-2-build-windows-amd64-cygwin\jdk8u271\605\hotspot\src\share\vm\runtime\sharedRuntime.cpp, line 609]
Event: 4799.610 Thread 0x000000000029f000 Exception <a 'java/lang/ArrayIndexOutOfBoundsException'> (0x00000000ce34f900) thrown at [C:\jenkins\workspace\8-2-build-windows-amd64-cygwin\jdk8u271\605\hotspot\src\share\vm\runtime\sharedRuntime.cpp, line 609]
Event: 4799.619 Thread 0x000000000029f000 Exception <a 'java/lang/ArrayIndexOutOfBoundsException'> (0x00000000ce3895c0) thrown at [C:\jenkins\workspace\8-2-build-windows-amd64-cygwin\jdk8u271\605\hotspot\src\share\vm\runtime\sharedRuntime.cpp, line 609]
Event: 4817.336 Thread 0x000000000029f000 Implicit null exception at 0x0000000006106c8e to 0x000000000610d265
Event: 4817.342 Thread 0x000000000029f000 Implicit null exception at 0x0000000006119b50 to 0x000000000611eb01

Events (10 events):
Event: 4845.117 Thread 0x0000000018f0c800 flushing nmethod 0x0000000003a64b90
Event: 4845.117 Thread 0x0000000018f0c800 flushing nmethod 0x0000000003ae69d0
Event: 4845.119 Thread 0x0000000018f0c800 flushing nmethod 0x0000000003c30810
Event: 4845.119 Thread 0x0000000018f0c800 flushing nmethod 0x0000000003c40a10
Event: 4845.119 Thread 0x0000000018f0c800 flushing nmethod 0x0000000003cf5b90
Event: 4845.165 Thread 0x0000000018f0c800 flushing nmethod 0x00000000042d71d0
Event: 4845.165 Thread 0x0000000018f0c800 flushing nmethod 0x0000000004445290
Event: 4845.166 Thread 0x0000000018f0c800 flushing nmethod 0x0000000004549fd0
Event: 4845.166 Thread 0x0000000018f0c800 flushing nmethod 0x0000000004611190
Event: 4845.167 Thread 0x0000000018f0c800 flushing nmethod 0x000000000477c150


Dynamic libraries:
0x0000000000400000 - 0x000000000044f000 	C:\Users\Susmita\eclipse-java-neon-3-win32-x86_64\eclipse\eclipse.exe
0x0000000076f10000 - 0x00000000770b9000 	C:\Windows\SYSTEM32\ntdll.dll
0x0000000076cf0000 - 0x0000000076e0f000 	C:\Windows\system32\kernel32.dll
0x000007fefd1c0000 - 0x000007fefd22b000 	C:\Windows\system32\KERNELBASE.dll
0x0000000076e10000 - 0x0000000076f0a000 	C:\Windows\system32\USER32.dll
0x000007fefd300000 - 0x000007fefd367000 	C:\Windows\system32\GDI32.dll
0x000007fefdc60000 - 0x000007fefdc6e000 	C:\Windows\system32\LPK.dll
0x000007fefd230000 - 0x000007fefd2f9000 	C:\Windows\system32\USP10.dll
0x000007fefd450000 - 0x000007fefd4ef000 	C:\Windows\system32\msvcrt.dll
0x000007fefb620000 - 0x000007fefb814000 	C:\Windows\WinSxS\amd64_microsoft.windows.common-controls_6595b64144ccf1df_6.0.7601.17514_none_fa396087175ac9ac\COMCTL32.dll
0x000007fefd370000 - 0x000007fefd3e1000 	C:\Windows\system32\SHLWAPI.dll
0x000007fefd950000 - 0x000007fefd97e000 	C:\Windows\system32\IMM32.DLL
0x000007fefd980000 - 0x000007fefda89000 	C:\Windows\system32\MSCTF.dll
0x0000000072000000 - 0x0000000072012000 	C:\Users\Susmita\eclipse-java-neon-3-win32-x86_64\eclipse\plugins\org.eclipse.equinox.launcher.win32.win32.x86_64_1.1.401.v20161122-1740\eclipse_1617.dll
0x000007fefd870000 - 0x000007fefd94b000 	C:\Windows\system32\ADVAPI32.dll
0x000007fefd510000 - 0x000007fefd52f000 	C:\Windows\SYSTEM32\sechost.dll
0x000007fefdb30000 - 0x000007fefdc5d000 	C:\Windows\system32\RPCRT4.dll
0x000007fefbfa0000 - 0x000007fefbfac000 	C:\Windows\system32\VERSION.dll
0x000007fefb570000 - 0x000007fefb5c6000 	C:\Windows\system32\uxtheme.dll
0x000007fefd5c0000 - 0x000007fefd7c3000 	C:\Windows\system32\ole32.dll
0x000007fefcd90000 - 0x000007fefcd9f000 	C:\Windows\system32\CRYPTBASE.dll
0x000007fefda90000 - 0x000007fefdb29000 	C:\Windows\system32\CLBCatQ.DLL
0x000007fefee90000 - 0x000007fefef67000 	C:\Windows\system32\OLEAUT32.dll
0x00000000029b0000 - 0x000000000321f000 	C:\Program Files\Java\jre1.8.0_271\bin\server\jvm.dll
0x000007fef95b0000 - 0x000007fef95b9000 	C:\Windows\system32\WSOCK32.dll
0x000007fefdc70000 - 0x000007fefdcbd000 	C:\Windows\system32\WS2_32.dll
0x000007fefd5b0000 - 0x000007fefd5b8000 	C:\Windows\system32\NSI.dll
0x000007fef9210000 - 0x000007fef924b000 	C:\Windows\system32\WINMM.dll
0x00000000770e0000 - 0x00000000770e7000 	C:\Windows\system32\PSAPI.DLL
0x000007fef5ac0000 - 0x000007fef5ad7000 	C:\Windows\system32\VCRUNTIME140.dll
0x000007fef5a10000 - 0x000007fef5a14000 	C:\Windows\system32\api-ms-win-crt-runtime-l1-1-0.dll
0x000007feeae80000 - 0x000007feeaf72000 	C:\Windows\system32\ucrtbase.DLL
0x000007fef44e0000 - 0x000007fef44e3000 	C:\Windows\system32\api-ms-win-core-timezone-l1-1-0.dll
0x000007fef44d0000 - 0x000007fef44d3000 	C:\Windows\system32\api-ms-win-core-file-l2-1-0.dll
0x000007fef4390000 - 0x000007fef4393000 	C:\Windows\system32\api-ms-win-core-localization-l1-2-0.dll
0x000007fef79a0000 - 0x000007fef79a3000 	C:\Windows\system32\api-ms-win-core-synch-l1-2-0.dll
0x000007fef43a0000 - 0x000007fef43a3000 	C:\Windows\system32\api-ms-win-core-processthreads-l1-1-1.dll
0x000007fef4090000 - 0x000007fef4093000 	C:\Windows\system32\api-ms-win-core-file-l1-2-0.dll
0x000007fef4380000 - 0x000007fef4384000 	C:\Windows\system32\api-ms-win-crt-string-l1-1-0.dll
0x000007fef3fe0000 - 0x000007fef3fe3000 	C:\Windows\system32\api-ms-win-crt-heap-l1-1-0.dll
0x000007fef4050000 - 0x000007fef4054000 	C:\Windows\system32\api-ms-win-crt-stdio-l1-1-0.dll
0x000007feec990000 - 0x000007feec994000 	C:\Windows\system32\api-ms-win-crt-convert-l1-1-0.dll
0x000007fef3fd0000 - 0x000007fef3fd3000 	C:\Windows\system32\api-ms-win-crt-environment-l1-1-0.dll
0x000007feec970000 - 0x000007feec975000 	C:\Windows\system32\api-ms-win-crt-math-l1-1-0.dll
0x000007feec980000 - 0x000007feec983000 	C:\Windows\system32\api-ms-win-crt-utility-l1-1-0.dll
0x000007feec810000 - 0x000007feec813000 	C:\Windows\system32\api-ms-win-crt-filesystem-l1-1-0.dll
0x000007feec820000 - 0x000007feec823000 	C:\Windows\system32\api-ms-win-crt-time-l1-1-0.dll
0x000007feec1b0000 - 0x000007feec1c0000 	C:\Program Files\Java\jre1.8.0_271\bin\verify.dll
0x000007feeb9c0000 - 0x000007feeb9eb000 	C:\Program Files\Java\jre1.8.0_271\bin\java.dll
0x000007feec800000 - 0x000007feec803000 	C:\Windows\system32\api-ms-win-crt-locale-l1-1-0.dll
0x000007feebed0000 - 0x000007feebee8000 	C:\Program Files\Java\jre1.8.0_271\bin\zip.dll
0x000007fefe100000 - 0x000007fefee88000 	C:\Windows\system32\SHELL32.dll
0x000007fefce60000 - 0x000007fefce6f000 	C:\Windows\system32\profapi.dll
0x000007fefc730000 - 0x000007fefc747000 	C:\Windows\system32\CRYPTSP.dll
0x000007fefc430000 - 0x000007fefc477000 	C:\Windows\system32\rsaenh.dll
0x000007fefc1a0000 - 0x000007fefc1be000 	C:\Windows\system32\USERENV.dll
0x000007feec040000 - 0x000007feec05c000 	C:\Program Files\Java\jre1.8.0_271\bin\net.dll
0x000007fefc6d0000 - 0x000007fefc725000 	C:\Windows\system32\mswsock.dll
0x000007fefc6c0000 - 0x000007fefc6c7000 	C:\Windows\System32\wship6.dll
0x000007fefa750000 - 0x000007fefa777000 	C:\Windows\system32\IPHLPAPI.DLL
0x000007fefa740000 - 0x000007fefa74b000 	C:\Windows\system32\WINNSI.DLL
0x000007fefa440000 - 0x000007fefa458000 	C:\Windows\system32\dhcpcsvc.DLL
0x000007fefa2f0000 - 0x000007fefa301000 	C:\Windows\system32\dhcpcsvc6.DLL
0x000007feebeb0000 - 0x000007feebec3000 	C:\Program Files\Java\jre1.8.0_271\bin\nio.dll
0x000000001d4e0000 - 0x000000001d587000 	C:\Users\Susmita\eclipse-java-neon-3-win32-x86_64\eclipse\configuration\org.eclipse.osgi\390\0\.cp\swt-win32-4629.dll
0x000007fefd7d0000 - 0x000007fefd867000 	C:\Windows\system32\comdlg32.dll
0x000007fefa6c0000 - 0x000007fefa731000 	C:\Windows\system32\WINSPOOL.DRV
0x000007fefef70000 - 0x000007feff09a000 	C:\Windows\system32\WININET.dll
0x000007feff0a0000 - 0x000007feff218000 	C:\Windows\system32\urlmon.dll
0x000007fefcf50000 - 0x000007fefd0b7000 	C:\Windows\system32\CRYPT32.dll
0x000007fefcf00000 - 0x000007fefcf0f000 	C:\Windows\system32\MSASN1.dll
0x000007fefdcc0000 - 0x000007fefdf19000 	C:\Windows\system32\iertutil.dll
0x000007fefbf50000 - 0x000007fefbf68000 	C:\Windows\system32\dwmapi.dll
0x000007fefbb40000 - 0x000007fefbc6c000 	C:\Windows\system32\propsys.dll
0x000007fef8d50000 - 0x000007fef8d5c000 	C:\Windows\system32\LINKINFO.dll
0x0000000002410000 - 0x000000000242e000 	C:\Users\Susmita\eclipse-java-neon-3-win32-x86_64\eclipse\configuration\org.eclipse.osgi\390\0\.cp\swt-gdip-win32-4629.dll
0x000007fefb350000 - 0x000007fefb565000 	C:\Windows\WinSxS\amd64_microsoft.windows.gdiplus_6595b64144ccf1df_1.1.7601.17514_none_2b24536c71ed437a\gdiplus.dll
0x000007fefac50000 - 0x000007fefad7a000 	C:\Windows\system32\WindowsCodecs.dll
0x000007fefa840000 - 0x000007fefa894000 	C:\Windows\system32\oleacc.dll
0x000007feeb980000 - 0x000007feeb9bb000 	C:\Windows\system32\mlang.dll
0x0000000180000000 - 0x0000000180012000 	C:\Users\Susmita\eclipse-java-neon-3-win32-x86_64\eclipse\configuration\org.eclipse.osgi\80\0\.cp\os\win32\x86_64\localfile_1_0_0.dll
0x000007fefafc0000 - 0x000007fefafd5000 	C:\Windows\system32\NLAapi.dll
0x000007fef7980000 - 0x000007fef7995000 	C:\Windows\system32\napinsp.dll
0x000007fef7960000 - 0x000007fef7979000 	C:\Windows\system32\pnrpnsp.dll
0x000007fefc550000 - 0x000007fefc5ab000 	C:\Windows\system32\DNSAPI.dll
0x000007fef74a0000 - 0x000007fef74ab000 	C:\Windows\System32\winrnr.dll
0x000007fefc090000 - 0x000007fefc097000 	C:\Windows\System32\wshtcpip.dll
0x000007fef91e0000 - 0x000007fef91e8000 	C:\Windows\system32\rasadhlp.dll
0x000007fefa490000 - 0x000007fefa4e3000 	C:\Windows\System32\fwpuclnt.dll
0x000007feeaa20000 - 0x000007feeaa31000 	C:\Users\Susmita\eclipse-java-neon-3-win32-x86_64\eclipse\configuration\org.eclipse.osgi\83\0\.cp\jWinHttp-1.0.0.dll
0x000007fef92d0000 - 0x000007fef9341000 	C:\Windows\system32\WINHTTP.dll
0x000007fef9260000 - 0x000007fef92c4000 	C:\Windows\system32\webio.dll
0x000007fefcd00000 - 0x000007fefcd25000 	C:\Windows\system32\SspiCli.dll
0x000007fefc330000 - 0x000007fefc33a000 	C:\Windows\system32\credssp.dll
0x000007fefd0e0000 - 0x000007fefd116000 	C:\Windows\system32\CFGMGR32.dll
0x000007feeaa10000 - 0x000007feeaa17000 	C:\Windows\system32\msimg32.dll
0x000007feea9b0000 - 0x000007feea9d4000 	C:\Program Files\Java\jre1.8.0_271\bin\sunec.dll
0x000007fefce40000 - 0x000007fefce54000 	C:\Windows\system32\RpcRtRemote.dll
0x000007fef9990000 - 0x000007fef9b5a000 	C:\Windows\system32\explorerframe.dll
0x000007fefb050000 - 0x000007fefb093000 	C:\Windows\system32\DUser.dll
0x000007fefb170000 - 0x000007fefb262000 	C:\Windows\system32\DUI70.dll
0x000007fefb320000 - 0x000007fefb34d000 	C:\Windows\system32\ntmarta.dll
0x000007fefd3f0000 - 0x000007fefd442000 	C:\Windows\system32\WLDAP32.dll
0x000007fefcd30000 - 0x000007fefcd87000 	C:\Windows\system32\apphelp.dll
0x000007fef98f0000 - 0x000007fef9970000 	C:\Windows\system32\ntshrui.dll
0x000007fefdf20000 - 0x000007fefe0f7000 	C:\Windows\system32\SETUPAPI.dll
0x000007fefd0c0000 - 0x000007fefd0da000 	C:\Windows\system32\DEVOBJ.dll
0x000007fefca90000 - 0x000007fefcab3000 	C:\Windows\system32\srvcli.dll
0x000007fef89d0000 - 0x000007fef89df000 	C:\Windows\system32\cscapi.dll
0x000007fefadf0000 - 0x000007fefadfb000 	C:\Windows\system32\slc.dll
0x000007fefaa40000 - 0x000007fefaa4c000 	C:\Windows\system32\netutils.dll
0x000007fef8ca0000 - 0x000007fef8cd5000 	C:\Windows\system32\EhStorShell.dll
0x000007fef8af0000 - 0x000007fef8b6e000 	C:\Windows\System32\cscui.dll
0x000007fef8ae0000 - 0x000007fef8aec000 	C:\Windows\System32\CSCDLL.dll
0x000007fef6f70000 - 0x000007fef6fab000 	C:\Windows\system32\msls31.dll
0x000007fefaf70000 - 0x000007fefafa5000 	C:\Windows\system32\xmllite.dll
0x000007feec310000 - 0x000007feec38b000 	C:\Windows\System32\StructuredQuery.dll
0x000007fefcb40000 - 0x000007fefcb4b000 	C:\Windows\System32\Secur32.dll
0x000007fef43c0000 - 0x000007fef43df000 	C:\Windows\system32\thumbcache.dll
0x000007fef7d30000 - 0x000007fef7d64000 	C:\Windows\system32\SHDOCVW.dll
0x000007fef6210000 - 0x000007fef6dc7000 	C:\Windows\system32\ieframe.DLL
0x000007fefa240000 - 0x000007fefa258000 	C:\Windows\system32\MPR.dll
0x000007fefbb20000 - 0x000007fefbb2a000 	C:\Windows\System32\drprov.dll
0x000007fefc270000 - 0x000007fefc2ad000 	C:\Windows\System32\WINSTA.dll
0x000007fef5a90000 - 0x000007fef5ab2000 	C:\Windows\System32\ntlanman.dll
0x000007fef5a70000 - 0x000007fef5a8c000 	C:\Windows\System32\davclnt.dll
0x000007fefbb10000 - 0x000007fefbb1a000 	C:\Windows\System32\DAVHLPR.dll
0x000007fefaa20000 - 0x000007fefaa35000 	C:\Windows\system32\wkscli.dll

VM Arguments:
jvm_args: -Dosgi.requiredJavaVersion=1.8 -XX:+UseG1GC -XX:+UseStringDeduplication -Dosgi.requiredJavaVersion=1.8 -Xms256m -Xmx1024m 
java_command: <unknown>
java_class_path (initial): C:\Users\Susmita\eclipse-java-neon-3-win32-x86_64\eclipse\\plugins/org.eclipse.equinox.launcher_1.3.201.v20161025-1711.jar
Launcher Type: generic

Environment Variables:
JAVA_HOME=C:\Program Files\Java\jdk1.8.0_271
PATH=C:/Program Files/Java/jre1.8.0_271/bin/server;C:/Program Files/Java/jre1.8.0_271/bin;C:/Program Files/Java/jre1.8.0_271/lib/amd64;C:\oraclexe\app\oracle\product\11.2.0\server\bin;C:\Program Files (x86)\Common Files\Oracle\Java\javapath;C:\Windows\system32;C:\Windows;C:\Windows\System32\Wbem;C:\Windows\System32\WindowsPowerShell\v1.0\;C:\Program Files\Java\jdk1.8.0_271\bin;C:\Users\Susmita\apache-maven-3.8.1-bin\apache-maven-3.8.1\bin;C:\Users\Susmita\eclipse-java-neon-3-win32-x86_64\eclipse;
USERNAME=hp
OS=Windows_NT
PROCESSOR_IDENTIFIER=Intel64 Family 6 Model 42 Stepping 7, GenuineIntel



---------------  S Y S T E M  ---------------

OS: Windows 7 , 64 bit Build 7601 (6.1.7601.17514)

CPU:total 4 (initial active 4) (2 cores per cpu, 2 threads per core) family 6 model 42 stepping 7, cmov, cx8, fxsr, mmx, sse, sse2, sse3, ssse3, sse4.1, sse4.2, popcnt, avx, clmul, ht, tsc, tscinvbit

Memory: 4k page, physical 2043760k(403824k free), swap 5035840k(445612k free)

vm_info: Java HotSpot(TM) 64-Bit Server VM (25.271-b09) for windows-amd64 JRE (1.8.0_271-b09), built on Sep 16 2020 19:14:59 by "" with MS VC++ 15.9 (VS2017)

time: Wed Aug 25 22:44:09 2021
timezone: India Standard Time
elapsed time: 4851.437557 seconds (0d 1h 20m 51s)

